{"/Users/colinnielsen/code/tevm-monorepo/packages/vm-effect/src/VmLive.js": {"path":"/Users/colinnielsen/code/tevm-monorepo/packages/vm-effect/src/VmLive.js","all":false,"statementMap":{"0":{"start":{"line":1,"column":0},"end":{"line":1,"column":38}},"1":{"start":{"line":2,"column":0},"end":{"line":2,"column":35}},"2":{"start":{"line":3,"column":0},"end":{"line":3,"column":51}},"3":{"start":{"line":4,"column":0},"end":{"line":4,"column":56}},"4":{"start":{"line":5,"column":0},"end":{"line":5,"column":59}},"5":{"start":{"line":6,"column":0},"end":{"line":6,"column":58}},"6":{"start":{"line":7,"column":0},"end":{"line":7,"column":42}},"8":{"start":{"line":9,"column":0},"end":{"line":9,"column":3}},"9":{"start":{"line":10,"column":0},"end":{"line":10,"column":33}},"10":{"start":{"line":11,"column":0},"end":{"line":11,"column":44}},"11":{"start":{"line":12,"column":0},"end":{"line":12,"column":3}},"13":{"start":{"line":14,"column":0},"end":{"line":14,"column":3}},"14":{"start":{"line":15,"column":0},"end":{"line":15,"column":50}},"15":{"start":{"line":16,"column":0},"end":{"line":16,"column":62}},"16":{"start":{"line":17,"column":0},"end":{"line":17,"column":3}},"18":{"start":{"line":19,"column":0},"end":{"line":19,"column":3}},"19":{"start":{"line":20,"column":0},"end":{"line":20,"column":29}},"20":{"start":{"line":21,"column":0},"end":{"line":21,"column":2}},"21":{"start":{"line":22,"column":0},"end":{"line":22,"column":69}},"22":{"start":{"line":23,"column":0},"end":{"line":23,"column":71}},"23":{"start":{"line":24,"column":0},"end":{"line":24,"column":2}},"24":{"start":{"line":25,"column":0},"end":{"line":25,"column":11}},"25":{"start":{"line":26,"column":0},"end":{"line":26,"column":16}},"26":{"start":{"line":27,"column":0},"end":{"line":27,"column":41}},"27":{"start":{"line":28,"column":0},"end":{"line":28,"column":54}},"28":{"start":{"line":29,"column":0},"end":{"line":29,"column":45}},"29":{"start":{"line":30,"column":0},"end":{"line":30,"column":57}},"30":{"start":{"line":31,"column":0},"end":{"line":31,"column":60}},"31":{"start":{"line":32,"column":0},"end":{"line":32,"column":52}},"32":{"start":{"line":33,"column":0},"end":{"line":33,"column":2}},"33":{"start":{"line":34,"column":0},"end":{"line":34,"column":44}},"34":{"start":{"line":35,"column":0},"end":{"line":35,"column":39}},"35":{"start":{"line":36,"column":0},"end":{"line":36,"column":27}},"36":{"start":{"line":37,"column":0},"end":{"line":37,"column":2}},"37":{"start":{"line":38,"column":0},"end":{"line":38,"column":28}},"38":{"start":{"line":39,"column":0},"end":{"line":39,"column":5}},"39":{"start":{"line":40,"column":0},"end":{"line":40,"column":2}},"40":{"start":{"line":41,"column":0},"end":{"line":41,"column":27}},"41":{"start":{"line":42,"column":0},"end":{"line":42,"column":69}},"42":{"start":{"line":43,"column":0},"end":{"line":43,"column":72}},"43":{"start":{"line":44,"column":0},"end":{"line":44,"column":102}},"44":{"start":{"line":45,"column":0},"end":{"line":45,"column":33}},"45":{"start":{"line":46,"column":0},"end":{"line":46,"column":14}},"46":{"start":{"line":47,"column":0},"end":{"line":47,"column":71}},"47":{"start":{"line":48,"column":0},"end":{"line":48,"column":4}},"48":{"start":{"line":49,"column":0},"end":{"line":49,"column":2}},"49":{"start":{"line":50,"column":0},"end":{"line":50,"column":59}},"50":{"start":{"line":51,"column":0},"end":{"line":51,"column":6}},"51":{"start":{"line":52,"column":0},"end":{"line":52,"column":2}},"52":{"start":{"line":53,"column":0},"end":{"line":53,"column":59}},"53":{"start":{"line":54,"column":0},"end":{"line":54,"column":139}},"54":{"start":{"line":55,"column":0},"end":{"line":55,"column":3}},"55":{"start":{"line":56,"column":0},"end":{"line":56,"column":41}},"56":{"start":{"line":57,"column":0},"end":{"line":57,"column":21}},"57":{"start":{"line":58,"column":0},"end":{"line":58,"column":12}},"58":{"start":{"line":59,"column":0},"end":{"line":59,"column":27}},"59":{"start":{"line":60,"column":0},"end":{"line":60,"column":43}},"60":{"start":{"line":61,"column":0},"end":{"line":61,"column":55}},"61":{"start":{"line":62,"column":0},"end":{"line":62,"column":51}},"62":{"start":{"line":63,"column":0},"end":{"line":63,"column":37}},"64":{"start":{"line":65,"column":0},"end":{"line":65,"column":24}},"65":{"start":{"line":66,"column":0},"end":{"line":66,"column":31}},"66":{"start":{"line":67,"column":0},"end":{"line":67,"column":49}},"67":{"start":{"line":68,"column":0},"end":{"line":68,"column":38}},"68":{"start":{"line":69,"column":0},"end":{"line":69,"column":22}},"69":{"start":{"line":70,"column":0},"end":{"line":70,"column":40}},"70":{"start":{"line":71,"column":0},"end":{"line":71,"column":5}},"72":{"start":{"line":73,"column":0},"end":{"line":73,"column":6}},"73":{"start":{"line":74,"column":0},"end":{"line":74,"column":49}},"74":{"start":{"line":75,"column":0},"end":{"line":75,"column":47}},"75":{"start":{"line":76,"column":0},"end":{"line":76,"column":24}},"76":{"start":{"line":77,"column":0},"end":{"line":77,"column":6}},"77":{"start":{"line":78,"column":0},"end":{"line":78,"column":40}},"78":{"start":{"line":79,"column":0},"end":{"line":79,"column":26}},"79":{"start":{"line":80,"column":0},"end":{"line":80,"column":19}},"80":{"start":{"line":81,"column":0},"end":{"line":81,"column":20}},"82":{"start":{"line":83,"column":0},"end":{"line":83,"column":21}},"83":{"start":{"line":84,"column":0},"end":{"line":84,"column":25}},"84":{"start":{"line":85,"column":0},"end":{"line":85,"column":41}},"85":{"start":{"line":86,"column":0},"end":{"line":86,"column":36}},"86":{"start":{"line":87,"column":0},"end":{"line":87,"column":9}},"88":{"start":{"line":89,"column":0},"end":{"line":89,"column":24}},"89":{"start":{"line":90,"column":0},"end":{"line":90,"column":25}},"90":{"start":{"line":91,"column":0},"end":{"line":91,"column":44}},"91":{"start":{"line":92,"column":0},"end":{"line":92,"column":36}},"92":{"start":{"line":93,"column":0},"end":{"line":93,"column":9}},"94":{"start":{"line":95,"column":0},"end":{"line":95,"column":26}},"95":{"start":{"line":96,"column":0},"end":{"line":96,"column":25}},"96":{"start":{"line":97,"column":0},"end":{"line":97,"column":52}},"97":{"start":{"line":98,"column":0},"end":{"line":98,"column":36}},"98":{"start":{"line":99,"column":0},"end":{"line":99,"column":9}},"100":{"start":{"line":101,"column":0},"end":{"line":101,"column":53}},"102":{"start":{"line":103,"column":0},"end":{"line":103,"column":20}},"103":{"start":{"line":104,"column":0},"end":{"line":104,"column":31}},"104":{"start":{"line":105,"column":0},"end":{"line":105,"column":74}},"105":{"start":{"line":106,"column":0},"end":{"line":106,"column":35}},"106":{"start":{"line":107,"column":0},"end":{"line":107,"column":9}},"107":{"start":{"line":108,"column":0},"end":{"line":108,"column":5}},"108":{"start":{"line":109,"column":0},"end":{"line":109,"column":16}},"109":{"start":{"line":110,"column":0},"end":{"line":110,"column":4}},"111":{"start":{"line":112,"column":0},"end":{"line":112,"column":25}},"112":{"start":{"line":113,"column":0},"end":{"line":113,"column":5}},"113":{"start":{"line":114,"column":0},"end":{"line":114,"column":2}},"114":{"start":{"line":115,"column":0},"end":{"line":115,"column":1}}},"s":{"0":1,"1":1,"2":1,"3":1,"4":1,"5":1,"6":1,"8":1,"9":1,"10":1,"11":1,"13":1,"14":1,"15":1,"16":1,"18":1,"19":1,"20":1,"21":1,"22":1,"23":1,"24":1,"25":1,"26":1,"27":1,"28":1,"29":1,"30":1,"31":1,"32":1,"33":1,"34":1,"35":1,"36":1,"37":1,"38":1,"39":1,"40":1,"41":1,"42":1,"43":1,"44":1,"45":1,"46":1,"47":1,"48":1,"49":1,"50":1,"51":1,"52":1,"53":1,"54":1,"55":1,"56":6,"57":6,"58":6,"59":10,"60":9,"61":9,"62":9,"64":9,"65":9,"66":9,"67":9,"68":9,"69":10,"70":10,"72":10,"73":10,"74":10,"75":10,"76":10,"77":10,"78":11,"79":11,"80":11,"82":11,"83":1,"84":1,"85":1,"86":11,"88":11,"89":1,"90":1,"91":1,"92":11,"94":11,"95":1,"96":1,"97":1,"98":11,"100":11,"102":11,"103":2,"104":2,"105":2,"106":11,"107":11,"108":11,"109":11,"111":10,"112":6,"113":6,"114":6},"branchMap":{"0":{"type":"branch","line":56,"loc":{"start":{"line":56,"column":22},"end":{"line":115,"column":1}},"locations":[{"start":{"line":56,"column":22},"end":{"line":115,"column":1}}]},"1":{"type":"branch","line":59,"loc":{"start":{"line":59,"column":13},"end":{"line":113,"column":3}},"locations":[{"start":{"line":59,"column":13},"end":{"line":113,"column":3}}]},"2":{"type":"branch","line":60,"loc":{"start":{"line":60,"column":30},"end":{"line":70,"column":31}},"locations":[{"start":{"line":60,"column":30},"end":{"line":70,"column":31}}]},"3":{"type":"branch","line":70,"loc":{"start":{"line":70,"column":31},"end":{"line":70,"column":39}},"locations":[{"start":{"line":70,"column":31},"end":{"line":70,"column":39}}]},"4":{"type":"branch","line":78,"loc":{"start":{"line":78,"column":23},"end":{"line":110,"column":4}},"locations":[{"start":{"line":78,"column":23},"end":{"line":110,"column":4}}]},"5":{"type":"branch","line":83,"loc":{"start":{"line":83,"column":12},"end":{"line":87,"column":8}},"locations":[{"start":{"line":83,"column":12},"end":{"line":87,"column":8}}]},"6":{"type":"branch","line":85,"loc":{"start":{"line":85,"column":12},"end":{"line":85,"column":40}},"locations":[{"start":{"line":85,"column":12},"end":{"line":85,"column":40}}]},"7":{"type":"branch","line":86,"loc":{"start":{"line":86,"column":14},"end":{"line":86,"column":35}},"locations":[{"start":{"line":86,"column":14},"end":{"line":86,"column":35}}]},"8":{"type":"branch","line":89,"loc":{"start":{"line":89,"column":15},"end":{"line":93,"column":8}},"locations":[{"start":{"line":89,"column":15},"end":{"line":93,"column":8}}]},"9":{"type":"branch","line":91,"loc":{"start":{"line":91,"column":12},"end":{"line":91,"column":43}},"locations":[{"start":{"line":91,"column":12},"end":{"line":91,"column":43}}]},"10":{"type":"branch","line":92,"loc":{"start":{"line":92,"column":14},"end":{"line":92,"column":35}},"locations":[{"start":{"line":92,"column":14},"end":{"line":92,"column":35}}]},"11":{"type":"branch","line":95,"loc":{"start":{"line":95,"column":17},"end":{"line":99,"column":8}},"locations":[{"start":{"line":95,"column":17},"end":{"line":99,"column":8}}]},"12":{"type":"branch","line":97,"loc":{"start":{"line":97,"column":12},"end":{"line":97,"column":51}},"locations":[{"start":{"line":97,"column":12},"end":{"line":97,"column":51}}]},"13":{"type":"branch","line":98,"loc":{"start":{"line":98,"column":14},"end":{"line":98,"column":35}},"locations":[{"start":{"line":98,"column":14},"end":{"line":98,"column":35}}]},"14":{"type":"branch","line":101,"loc":{"start":{"line":101,"column":27},"end":{"line":101,"column":51}},"locations":[{"start":{"line":101,"column":27},"end":{"line":101,"column":51}}]},"15":{"type":"branch","line":103,"loc":{"start":{"line":103,"column":15},"end":{"line":107,"column":8}},"locations":[{"start":{"line":103,"column":15},"end":{"line":107,"column":8}}]},"16":{"type":"branch","line":104,"loc":{"start":{"line":104,"column":17},"end":{"line":107,"column":7}},"locations":[{"start":{"line":104,"column":17},"end":{"line":107,"column":7}}]},"17":{"type":"branch","line":105,"loc":{"start":{"line":105,"column":46},"end":{"line":105,"column":73}},"locations":[{"start":{"line":105,"column":46},"end":{"line":105,"column":73}}]}},"b":{"0":[6],"1":[10],"2":[9],"3":[8],"4":[11],"5":[1],"6":[1],"7":[1],"8":[1],"9":[1],"10":[1],"11":[1],"12":[1],"13":[1],"14":[8],"15":[2],"16":[2],"17":[2]},"fnMap":{"0":{"name":"VmLive","decl":{"start":{"line":56,"column":22},"end":{"line":115,"column":1}},"loc":{"start":{"line":56,"column":22},"end":{"line":115,"column":1}},"line":56},"1":{"name":"createShape","decl":{"start":{"line":78,"column":23},"end":{"line":110,"column":4}},"loc":{"start":{"line":78,"column":23},"end":{"line":110,"column":4}},"line":78},"2":{"name":"runTx","decl":{"start":{"line":83,"column":12},"end":{"line":87,"column":8}},"loc":{"start":{"line":83,"column":12},"end":{"line":87,"column":8}},"line":83},"3":{"name":"try","decl":{"start":{"line":85,"column":12},"end":{"line":85,"column":40}},"loc":{"start":{"line":85,"column":12},"end":{"line":85,"column":40}},"line":85},"4":{"name":"catch","decl":{"start":{"line":86,"column":14},"end":{"line":86,"column":35}},"loc":{"start":{"line":86,"column":14},"end":{"line":86,"column":35}},"line":86},"5":{"name":"runBlock","decl":{"start":{"line":89,"column":15},"end":{"line":93,"column":8}},"loc":{"start":{"line":89,"column":15},"end":{"line":93,"column":8}},"line":89},"6":{"name":"try","decl":{"start":{"line":91,"column":12},"end":{"line":91,"column":43}},"loc":{"start":{"line":91,"column":12},"end":{"line":91,"column":43}},"line":91},"7":{"name":"catch","decl":{"start":{"line":92,"column":14},"end":{"line":92,"column":35}},"loc":{"start":{"line":92,"column":14},"end":{"line":92,"column":35}},"line":92},"8":{"name":"buildBlock","decl":{"start":{"line":95,"column":17},"end":{"line":99,"column":8}},"loc":{"start":{"line":95,"column":17},"end":{"line":99,"column":8}},"line":95},"9":{"name":"try","decl":{"start":{"line":97,"column":12},"end":{"line":97,"column":51}},"loc":{"start":{"line":97,"column":12},"end":{"line":97,"column":51}},"line":97},"10":{"name":"catch","decl":{"start":{"line":98,"column":14},"end":{"line":98,"column":35}},"loc":{"start":{"line":98,"column":14},"end":{"line":98,"column":35}},"line":98},"11":{"name":"deepCopy","decl":{"start":{"line":103,"column":15},"end":{"line":107,"column":8}},"loc":{"start":{"line":103,"column":15},"end":{"line":107,"column":8}},"line":103}},"f":{"0":6,"1":11,"2":1,"3":1,"4":1,"5":1,"6":1,"7":1,"8":1,"9":1,"10":1,"11":2}}
,"/Users/colinnielsen/code/tevm-monorepo/packages/vm-effect/src/VmService.js": {"path":"/Users/colinnielsen/code/tevm-monorepo/packages/vm-effect/src/VmService.js","all":false,"statementMap":{"0":{"start":{"line":1,"column":0},"end":{"line":1,"column":32}},"2":{"start":{"line":3,"column":0},"end":{"line":3,"column":3}},"3":{"start":{"line":4,"column":0},"end":{"line":4,"column":36}},"4":{"start":{"line":5,"column":0},"end":{"line":5,"column":49}},"5":{"start":{"line":6,"column":0},"end":{"line":6,"column":3}},"7":{"start":{"line":8,"column":0},"end":{"line":8,"column":3}},"8":{"start":{"line":9,"column":0},"end":{"line":9,"column":50}},"9":{"start":{"line":10,"column":0},"end":{"line":10,"column":3}},"11":{"start":{"line":12,"column":0},"end":{"line":12,"column":3}},"12":{"start":{"line":13,"column":0},"end":{"line":13,"column":63}},"13":{"start":{"line":14,"column":0},"end":{"line":14,"column":2}},"14":{"start":{"line":15,"column":0},"end":{"line":15,"column":67}},"15":{"start":{"line":16,"column":0},"end":{"line":16,"column":46}},"16":{"start":{"line":17,"column":0},"end":{"line":17,"column":2}},"17":{"start":{"line":18,"column":0},"end":{"line":18,"column":11}},"18":{"start":{"line":19,"column":0},"end":{"line":19,"column":16}},"19":{"start":{"line":20,"column":0},"end":{"line":20,"column":34}},"20":{"start":{"line":21,"column":0},"end":{"line":21,"column":46}},"21":{"start":{"line":22,"column":0},"end":{"line":22,"column":2}},"22":{"start":{"line":23,"column":0},"end":{"line":23,"column":44}},"23":{"start":{"line":24,"column":0},"end":{"line":24,"column":39}},"24":{"start":{"line":25,"column":0},"end":{"line":25,"column":27}},"25":{"start":{"line":26,"column":0},"end":{"line":26,"column":2}},"26":{"start":{"line":27,"column":0},"end":{"line":27,"column":29}},"27":{"start":{"line":28,"column":0},"end":{"line":28,"column":44}},"28":{"start":{"line":29,"column":0},"end":{"line":29,"column":19}},"29":{"start":{"line":30,"column":0},"end":{"line":30,"column":7}},"30":{"start":{"line":31,"column":0},"end":{"line":31,"column":51}},"31":{"start":{"line":32,"column":0},"end":{"line":32,"column":5}},"32":{"start":{"line":33,"column":0},"end":{"line":33,"column":6}},"33":{"start":{"line":34,"column":0},"end":{"line":34,"column":2}},"34":{"start":{"line":35,"column":0},"end":{"line":35,"column":11}},"35":{"start":{"line":36,"column":0},"end":{"line":36,"column":16}},"36":{"start":{"line":37,"column":0},"end":{"line":37,"column":34}},"37":{"start":{"line":38,"column":0},"end":{"line":38,"column":41}},"38":{"start":{"line":39,"column":0},"end":{"line":39,"column":54}},"39":{"start":{"line":40,"column":0},"end":{"line":40,"column":45}},"40":{"start":{"line":41,"column":0},"end":{"line":41,"column":57}},"41":{"start":{"line":42,"column":0},"end":{"line":42,"column":60}},"42":{"start":{"line":43,"column":0},"end":{"line":43,"column":52}},"43":{"start":{"line":44,"column":0},"end":{"line":44,"column":2}},"44":{"start":{"line":45,"column":0},"end":{"line":45,"column":44}},"45":{"start":{"line":46,"column":0},"end":{"line":46,"column":39}},"46":{"start":{"line":47,"column":0},"end":{"line":47,"column":27}},"47":{"start":{"line":48,"column":0},"end":{"line":48,"column":28}},"48":{"start":{"line":49,"column":0},"end":{"line":49,"column":5}},"49":{"start":{"line":50,"column":0},"end":{"line":50,"column":2}},"50":{"start":{"line":51,"column":0},"end":{"line":51,"column":23}},"51":{"start":{"line":52,"column":0},"end":{"line":52,"column":69}},"52":{"start":{"line":53,"column":0},"end":{"line":53,"column":72}},"53":{"start":{"line":54,"column":0},"end":{"line":54,"column":102}},"54":{"start":{"line":55,"column":0},"end":{"line":55,"column":110}},"55":{"start":{"line":56,"column":0},"end":{"line":56,"column":2}},"56":{"start":{"line":57,"column":0},"end":{"line":57,"column":59}},"57":{"start":{"line":58,"column":0},"end":{"line":58,"column":6}},"58":{"start":{"line":59,"column":0},"end":{"line":59,"column":2}},"59":{"start":{"line":60,"column":0},"end":{"line":60,"column":42}},"60":{"start":{"line":61,"column":0},"end":{"line":61,"column":3}},"61":{"start":{"line":62,"column":0},"end":{"line":62,"column":73}},"62":{"start":{"line":63,"column":0},"end":{"line":63,"column":32}},"63":{"start":{"line":64,"column":0},"end":{"line":64,"column":1}}},"s":{"0":1,"2":1,"3":1,"4":1,"5":1,"7":1,"8":1,"9":1,"11":1,"12":1,"13":1,"14":1,"15":1,"16":1,"17":1,"18":1,"19":1,"20":1,"21":1,"22":1,"23":1,"24":1,"25":1,"26":1,"27":1,"28":1,"29":1,"30":1,"31":1,"32":1,"33":1,"34":1,"35":1,"36":1,"37":1,"38":1,"39":1,"40":1,"41":1,"42":1,"43":1,"44":1,"45":1,"46":1,"47":1,"48":1,"49":1,"50":1,"51":1,"52":1,"53":1,"54":1,"55":1,"56":1,"57":1,"58":1,"59":1,"60":1,"61":1,"62":1,"63":1},"branchMap":{},"b":{},"fnMap":{},"f":{}}
}
