{"/Users/colinnielsen/code/tevm-monorepo/packages/memory-client-effect/src/MemoryClientLive.js": {"path":"/Users/colinnielsen/code/tevm-monorepo/packages/memory-client-effect/src/MemoryClientLive.js","all":false,"statementMap":{"0":{"start":{"line":1,"column":0},"end":{"line":1,"column":3}},"1":{"start":{"line":2,"column":0},"end":{"line":2,"column":54}},"2":{"start":{"line":3,"column":0},"end":{"line":3,"column":58}},"3":{"start":{"line":4,"column":0},"end":{"line":4,"column":3}},"5":{"start":{"line":6,"column":0},"end":{"line":6,"column":43}},"6":{"start":{"line":7,"column":0},"end":{"line":7,"column":62}},"7":{"start":{"line":8,"column":0},"end":{"line":8,"column":56}},"8":{"start":{"line":9,"column":0},"end":{"line":9,"column":43}},"9":{"start":{"line":10,"column":0},"end":{"line":10,"column":51}},"10":{"start":{"line":11,"column":0},"end":{"line":11,"column":79}},"11":{"start":{"line":12,"column":0},"end":{"line":12,"column":62}},"12":{"start":{"line":13,"column":0},"end":{"line":13,"column":51}},"13":{"start":{"line":14,"column":0},"end":{"line":14,"column":71}},"15":{"start":{"line":16,"column":0},"end":{"line":16,"column":3}},"16":{"start":{"line":17,"column":0},"end":{"line":17,"column":44}},"17":{"start":{"line":18,"column":0},"end":{"line":18,"column":47}},"18":{"start":{"line":19,"column":0},"end":{"line":19,"column":57}},"19":{"start":{"line":20,"column":0},"end":{"line":20,"column":3}},"20":{"start":{"line":21,"column":0},"end":{"line":21,"column":47}},"21":{"start":{"line":22,"column":0},"end":{"line":22,"column":64}},"22":{"start":{"line":23,"column":0},"end":{"line":23,"column":40}},"23":{"start":{"line":24,"column":0},"end":{"line":24,"column":1}},"25":{"start":{"line":26,"column":0},"end":{"line":26,"column":3}},"26":{"start":{"line":27,"column":0},"end":{"line":27,"column":32}},"27":{"start":{"line":28,"column":0},"end":{"line":28,"column":26}},"28":{"start":{"line":29,"column":0},"end":{"line":29,"column":21}},"29":{"start":{"line":30,"column":0},"end":{"line":30,"column":3}},"30":{"start":{"line":31,"column":0},"end":{"line":31,"column":37}},"31":{"start":{"line":32,"column":0},"end":{"line":32,"column":43}},"32":{"start":{"line":33,"column":0},"end":{"line":33,"column":1}},"34":{"start":{"line":35,"column":0},"end":{"line":35,"column":3}},"35":{"start":{"line":36,"column":0},"end":{"line":36,"column":31}},"36":{"start":{"line":37,"column":0},"end":{"line":37,"column":28}},"37":{"start":{"line":38,"column":0},"end":{"line":38,"column":38}},"38":{"start":{"line":39,"column":0},"end":{"line":39,"column":3}},"39":{"start":{"line":40,"column":0},"end":{"line":40,"column":31}},"40":{"start":{"line":41,"column":0},"end":{"line":41,"column":88}},"41":{"start":{"line":42,"column":0},"end":{"line":42,"column":91}},"42":{"start":{"line":43,"column":0},"end":{"line":43,"column":1}},"44":{"start":{"line":45,"column":0},"end":{"line":45,"column":3}},"45":{"start":{"line":46,"column":0},"end":{"line":46,"column":73}},"46":{"start":{"line":47,"column":0},"end":{"line":47,"column":76}},"47":{"start":{"line":48,"column":0},"end":{"line":48,"column":2}},"48":{"start":{"line":49,"column":0},"end":{"line":49,"column":71}},"49":{"start":{"line":50,"column":0},"end":{"line":50,"column":51}},"50":{"start":{"line":51,"column":0},"end":{"line":51,"column":3}},"51":{"start":{"line":52,"column":0},"end":{"line":52,"column":48}},"52":{"start":{"line":53,"column":0},"end":{"line":53,"column":9}},"53":{"start":{"line":54,"column":0},"end":{"line":54,"column":5}},"54":{"start":{"line":55,"column":0},"end":{"line":55,"column":63}},"55":{"start":{"line":56,"column":0},"end":{"line":56,"column":68}},"56":{"start":{"line":57,"column":0},"end":{"line":57,"column":192}},"57":{"start":{"line":58,"column":0},"end":{"line":58,"column":5}},"58":{"start":{"line":59,"column":0},"end":{"line":59,"column":25}},"59":{"start":{"line":60,"column":0},"end":{"line":60,"column":28}},"60":{"start":{"line":61,"column":0},"end":{"line":61,"column":23}},"61":{"start":{"line":62,"column":0},"end":{"line":62,"column":61}},"62":{"start":{"line":63,"column":0},"end":{"line":63,"column":31}},"63":{"start":{"line":64,"column":0},"end":{"line":64,"column":30}},"64":{"start":{"line":65,"column":0},"end":{"line":65,"column":28}},"65":{"start":{"line":66,"column":0},"end":{"line":66,"column":14}},"66":{"start":{"line":67,"column":0},"end":{"line":67,"column":53}},"67":{"start":{"line":68,"column":0},"end":{"line":68,"column":8}},"68":{"start":{"line":69,"column":0},"end":{"line":69,"column":6}},"69":{"start":{"line":70,"column":0},"end":{"line":70,"column":5}},"71":{"start":{"line":72,"column":0},"end":{"line":72,"column":102}},"73":{"start":{"line":74,"column":0},"end":{"line":74,"column":70}},"74":{"start":{"line":75,"column":0},"end":{"line":75,"column":21}},"75":{"start":{"line":76,"column":0},"end":{"line":76,"column":12}},"76":{"start":{"line":77,"column":0},"end":{"line":77,"column":26}},"77":{"start":{"line":78,"column":0},"end":{"line":78,"column":88}},"78":{"start":{"line":79,"column":0},"end":{"line":79,"column":50}},"79":{"start":{"line":80,"column":0},"end":{"line":80,"column":9}},"80":{"start":{"line":81,"column":0},"end":{"line":81,"column":6}},"81":{"start":{"line":82,"column":0},"end":{"line":82,"column":5}},"83":{"start":{"line":84,"column":0},"end":{"line":84,"column":64}},"84":{"start":{"line":85,"column":0},"end":{"line":85,"column":21}},"85":{"start":{"line":86,"column":0},"end":{"line":86,"column":12}},"86":{"start":{"line":87,"column":0},"end":{"line":87,"column":26}},"87":{"start":{"line":88,"column":0},"end":{"line":88,"column":85}},"88":{"start":{"line":89,"column":0},"end":{"line":89,"column":50}},"89":{"start":{"line":90,"column":0},"end":{"line":90,"column":9}},"90":{"start":{"line":91,"column":0},"end":{"line":91,"column":6}},"91":{"start":{"line":92,"column":0},"end":{"line":92,"column":5}},"93":{"start":{"line":94,"column":0},"end":{"line":94,"column":38}},"94":{"start":{"line":95,"column":0},"end":{"line":95,"column":42}},"95":{"start":{"line":96,"column":0},"end":{"line":96,"column":136}},"96":{"start":{"line":97,"column":0},"end":{"line":97,"column":130}},"98":{"start":{"line":99,"column":0},"end":{"line":99,"column":12}},"99":{"start":{"line":100,"column":0},"end":{"line":100,"column":89}},"100":{"start":{"line":101,"column":0},"end":{"line":101,"column":11}},"101":{"start":{"line":102,"column":0},"end":{"line":102,"column":13}},"102":{"start":{"line":103,"column":0},"end":{"line":103,"column":40}},"103":{"start":{"line":104,"column":0},"end":{"line":104,"column":72}},"104":{"start":{"line":105,"column":0},"end":{"line":105,"column":66}},"105":{"start":{"line":106,"column":0},"end":{"line":106,"column":33}},"106":{"start":{"line":107,"column":0},"end":{"line":107,"column":66}},"107":{"start":{"line":108,"column":0},"end":{"line":108,"column":24}},"108":{"start":{"line":109,"column":0},"end":{"line":109,"column":5}},"109":{"start":{"line":110,"column":0},"end":{"line":110,"column":6}},"111":{"start":{"line":112,"column":0},"end":{"line":112,"column":5}},"112":{"start":{"line":113,"column":0},"end":{"line":113,"column":63}},"113":{"start":{"line":114,"column":0},"end":{"line":114,"column":68}},"114":{"start":{"line":115,"column":0},"end":{"line":115,"column":192}},"115":{"start":{"line":116,"column":0},"end":{"line":116,"column":5}},"116":{"start":{"line":117,"column":0},"end":{"line":117,"column":25}},"117":{"start":{"line":118,"column":0},"end":{"line":118,"column":28}},"118":{"start":{"line":119,"column":0},"end":{"line":119,"column":23}},"119":{"start":{"line":120,"column":0},"end":{"line":120,"column":61}},"120":{"start":{"line":121,"column":0},"end":{"line":121,"column":31}},"121":{"start":{"line":122,"column":0},"end":{"line":122,"column":30}},"122":{"start":{"line":123,"column":0},"end":{"line":123,"column":28}},"123":{"start":{"line":124,"column":0},"end":{"line":124,"column":14}},"124":{"start":{"line":125,"column":0},"end":{"line":125,"column":53}},"125":{"start":{"line":126,"column":0},"end":{"line":126,"column":8}},"126":{"start":{"line":127,"column":0},"end":{"line":127,"column":6}},"127":{"start":{"line":128,"column":0},"end":{"line":128,"column":5}},"129":{"start":{"line":130,"column":0},"end":{"line":130,"column":102}},"130":{"start":{"line":131,"column":0},"end":{"line":131,"column":79}},"132":{"start":{"line":133,"column":0},"end":{"line":133,"column":56}},"133":{"start":{"line":134,"column":0},"end":{"line":134,"column":42}},"134":{"start":{"line":135,"column":0},"end":{"line":135,"column":21}},"135":{"start":{"line":136,"column":0},"end":{"line":136,"column":12}},"136":{"start":{"line":137,"column":0},"end":{"line":137,"column":26}},"137":{"start":{"line":138,"column":0},"end":{"line":138,"column":87}},"138":{"start":{"line":139,"column":0},"end":{"line":139,"column":50}},"139":{"start":{"line":140,"column":0},"end":{"line":140,"column":9}},"140":{"start":{"line":141,"column":0},"end":{"line":141,"column":6}},"141":{"start":{"line":142,"column":0},"end":{"line":142,"column":5}},"143":{"start":{"line":144,"column":0},"end":{"line":144,"column":9}},"144":{"start":{"line":145,"column":0},"end":{"line":145,"column":74}},"145":{"start":{"line":146,"column":0},"end":{"line":146,"column":64}},"146":{"start":{"line":147,"column":0},"end":{"line":147,"column":22}},"147":{"start":{"line":148,"column":0},"end":{"line":148,"column":13}},"148":{"start":{"line":149,"column":0},"end":{"line":149,"column":27}},"149":{"start":{"line":150,"column":0},"end":{"line":150,"column":89}},"150":{"start":{"line":151,"column":0},"end":{"line":151,"column":51}},"151":{"start":{"line":152,"column":0},"end":{"line":152,"column":10}},"152":{"start":{"line":153,"column":0},"end":{"line":153,"column":7}},"153":{"start":{"line":154,"column":0},"end":{"line":154,"column":6}},"155":{"start":{"line":156,"column":0},"end":{"line":156,"column":28}},"156":{"start":{"line":157,"column":0},"end":{"line":157,"column":35}},"157":{"start":{"line":158,"column":0},"end":{"line":158,"column":62}},"158":{"start":{"line":159,"column":0},"end":{"line":159,"column":41}},"159":{"start":{"line":160,"column":0},"end":{"line":160,"column":32}},"160":{"start":{"line":161,"column":0},"end":{"line":161,"column":78}},"161":{"start":{"line":162,"column":0},"end":{"line":162,"column":64}},"162":{"start":{"line":163,"column":0},"end":{"line":163,"column":50}},"163":{"start":{"line":164,"column":0},"end":{"line":164,"column":77}},"164":{"start":{"line":165,"column":0},"end":{"line":165,"column":7}},"165":{"start":{"line":166,"column":0},"end":{"line":166,"column":64}},"166":{"start":{"line":167,"column":0},"end":{"line":167,"column":23}},"167":{"start":{"line":168,"column":0},"end":{"line":168,"column":14}},"168":{"start":{"line":169,"column":0},"end":{"line":169,"column":28}},"169":{"start":{"line":170,"column":0},"end":{"line":170,"column":87}},"170":{"start":{"line":171,"column":0},"end":{"line":171,"column":52}},"171":{"start":{"line":172,"column":0},"end":{"line":172,"column":11}},"172":{"start":{"line":173,"column":0},"end":{"line":173,"column":8}},"173":{"start":{"line":174,"column":0},"end":{"line":174,"column":7}},"174":{"start":{"line":175,"column":0},"end":{"line":175,"column":6}},"176":{"start":{"line":177,"column":0},"end":{"line":177,"column":31}},"177":{"start":{"line":178,"column":0},"end":{"line":178,"column":24}},"178":{"start":{"line":179,"column":0},"end":{"line":179,"column":64}},"179":{"start":{"line":180,"column":0},"end":{"line":180,"column":63}},"180":{"start":{"line":181,"column":0},"end":{"line":181,"column":71}},"181":{"start":{"line":182,"column":0},"end":{"line":182,"column":42}},"182":{"start":{"line":183,"column":0},"end":{"line":183,"column":44}},"184":{"start":{"line":185,"column":0},"end":{"line":185,"column":53}},"185":{"start":{"line":186,"column":0},"end":{"line":186,"column":57}},"187":{"start":{"line":188,"column":0},"end":{"line":188,"column":37}},"188":{"start":{"line":189,"column":0},"end":{"line":189,"column":77}},"189":{"start":{"line":190,"column":0},"end":{"line":190,"column":81}},"190":{"start":{"line":191,"column":0},"end":{"line":191,"column":8}},"192":{"start":{"line":193,"column":0},"end":{"line":193,"column":79}},"193":{"start":{"line":194,"column":0},"end":{"line":194,"column":24}},"194":{"start":{"line":195,"column":0},"end":{"line":195,"column":15}},"195":{"start":{"line":196,"column":0},"end":{"line":196,"column":29}},"196":{"start":{"line":197,"column":0},"end":{"line":197,"column":91}},"197":{"start":{"line":198,"column":0},"end":{"line":198,"column":53}},"198":{"start":{"line":199,"column":0},"end":{"line":199,"column":12}},"199":{"start":{"line":200,"column":0},"end":{"line":200,"column":9}},"200":{"start":{"line":201,"column":0},"end":{"line":201,"column":8}},"201":{"start":{"line":202,"column":0},"end":{"line":202,"column":7}},"202":{"start":{"line":203,"column":0},"end":{"line":203,"column":6}},"204":{"start":{"line":205,"column":0},"end":{"line":205,"column":39}},"205":{"start":{"line":206,"column":0},"end":{"line":206,"column":22}},"206":{"start":{"line":207,"column":0},"end":{"line":207,"column":13}},"207":{"start":{"line":208,"column":0},"end":{"line":208,"column":27}},"208":{"start":{"line":209,"column":0},"end":{"line":209,"column":84}},"209":{"start":{"line":210,"column":0},"end":{"line":210,"column":51}},"210":{"start":{"line":211,"column":0},"end":{"line":211,"column":10}},"211":{"start":{"line":212,"column":0},"end":{"line":212,"column":7}},"212":{"start":{"line":213,"column":0},"end":{"line":213,"column":6}},"214":{"start":{"line":215,"column":0},"end":{"line":215,"column":13}},"215":{"start":{"line":216,"column":0},"end":{"line":216,"column":90}},"216":{"start":{"line":217,"column":0},"end":{"line":217,"column":6}},"217":{"start":{"line":218,"column":0},"end":{"line":218,"column":21}},"218":{"start":{"line":219,"column":0},"end":{"line":219,"column":68}},"219":{"start":{"line":220,"column":0},"end":{"line":220,"column":74}},"220":{"start":{"line":221,"column":0},"end":{"line":221,"column":59}},"221":{"start":{"line":222,"column":0},"end":{"line":222,"column":31}},"222":{"start":{"line":223,"column":0},"end":{"line":223,"column":75}},"223":{"start":{"line":224,"column":0},"end":{"line":224,"column":14}},"224":{"start":{"line":225,"column":0},"end":{"line":225,"column":28}},"225":{"start":{"line":226,"column":0},"end":{"line":226,"column":97}},"226":{"start":{"line":227,"column":0},"end":{"line":227,"column":59}},"227":{"start":{"line":228,"column":0},"end":{"line":228,"column":10}},"228":{"start":{"line":229,"column":0},"end":{"line":229,"column":6}},"229":{"start":{"line":230,"column":0},"end":{"line":230,"column":5}},"230":{"start":{"line":231,"column":0},"end":{"line":231,"column":6}},"232":{"start":{"line":233,"column":0},"end":{"line":233,"column":5}},"233":{"start":{"line":234,"column":0},"end":{"line":234,"column":63}},"234":{"start":{"line":235,"column":0},"end":{"line":235,"column":68}},"235":{"start":{"line":236,"column":0},"end":{"line":236,"column":150}},"236":{"start":{"line":237,"column":0},"end":{"line":237,"column":5}},"237":{"start":{"line":238,"column":0},"end":{"line":238,"column":25}},"238":{"start":{"line":239,"column":0},"end":{"line":239,"column":28}},"239":{"start":{"line":240,"column":0},"end":{"line":240,"column":23}},"240":{"start":{"line":241,"column":0},"end":{"line":241,"column":61}},"241":{"start":{"line":242,"column":0},"end":{"line":242,"column":31}},"242":{"start":{"line":243,"column":0},"end":{"line":243,"column":30}},"243":{"start":{"line":244,"column":0},"end":{"line":244,"column":28}},"244":{"start":{"line":245,"column":0},"end":{"line":245,"column":14}},"245":{"start":{"line":246,"column":0},"end":{"line":246,"column":53}},"246":{"start":{"line":247,"column":0},"end":{"line":247,"column":8}},"247":{"start":{"line":248,"column":0},"end":{"line":248,"column":6}},"248":{"start":{"line":249,"column":0},"end":{"line":249,"column":5}},"250":{"start":{"line":251,"column":0},"end":{"line":251,"column":102}},"252":{"start":{"line":253,"column":0},"end":{"line":253,"column":70}},"253":{"start":{"line":254,"column":0},"end":{"line":254,"column":21}},"254":{"start":{"line":255,"column":0},"end":{"line":255,"column":12}},"255":{"start":{"line":256,"column":0},"end":{"line":256,"column":26}},"256":{"start":{"line":257,"column":0},"end":{"line":257,"column":88}},"257":{"start":{"line":258,"column":0},"end":{"line":258,"column":50}},"258":{"start":{"line":259,"column":0},"end":{"line":259,"column":9}},"259":{"start":{"line":260,"column":0},"end":{"line":260,"column":6}},"260":{"start":{"line":261,"column":0},"end":{"line":261,"column":5}},"262":{"start":{"line":263,"column":0},"end":{"line":263,"column":33}},"263":{"start":{"line":264,"column":0},"end":{"line":264,"column":6}},"265":{"start":{"line":266,"column":0},"end":{"line":266,"column":5}},"266":{"start":{"line":267,"column":0},"end":{"line":267,"column":60}},"267":{"start":{"line":268,"column":0},"end":{"line":268,"column":65}},"268":{"start":{"line":269,"column":0},"end":{"line":269,"column":168}},"269":{"start":{"line":270,"column":0},"end":{"line":270,"column":5}},"270":{"start":{"line":271,"column":0},"end":{"line":271,"column":22}},"271":{"start":{"line":272,"column":0},"end":{"line":272,"column":28}},"272":{"start":{"line":273,"column":0},"end":{"line":273,"column":23}},"273":{"start":{"line":274,"column":0},"end":{"line":274,"column":61}},"274":{"start":{"line":275,"column":0},"end":{"line":275,"column":31}},"275":{"start":{"line":276,"column":0},"end":{"line":276,"column":30}},"276":{"start":{"line":277,"column":0},"end":{"line":277,"column":25}},"277":{"start":{"line":278,"column":0},"end":{"line":278,"column":14}},"278":{"start":{"line":279,"column":0},"end":{"line":279,"column":53}},"279":{"start":{"line":280,"column":0},"end":{"line":280,"column":8}},"280":{"start":{"line":281,"column":0},"end":{"line":281,"column":6}},"281":{"start":{"line":282,"column":0},"end":{"line":282,"column":5}},"283":{"start":{"line":284,"column":0},"end":{"line":284,"column":102}},"285":{"start":{"line":286,"column":0},"end":{"line":286,"column":64}},"286":{"start":{"line":287,"column":0},"end":{"line":287,"column":21}},"287":{"start":{"line":288,"column":0},"end":{"line":288,"column":12}},"288":{"start":{"line":289,"column":0},"end":{"line":289,"column":26}},"289":{"start":{"line":290,"column":0},"end":{"line":290,"column":85}},"290":{"start":{"line":291,"column":0},"end":{"line":291,"column":50}},"291":{"start":{"line":292,"column":0},"end":{"line":292,"column":9}},"292":{"start":{"line":293,"column":0},"end":{"line":293,"column":6}},"293":{"start":{"line":294,"column":0},"end":{"line":294,"column":5}},"295":{"start":{"line":296,"column":0},"end":{"line":296,"column":27}},"296":{"start":{"line":297,"column":0},"end":{"line":297,"column":6}},"298":{"start":{"line":299,"column":0},"end":{"line":299,"column":5}},"299":{"start":{"line":300,"column":0},"end":{"line":300,"column":66}},"300":{"start":{"line":301,"column":0},"end":{"line":301,"column":70}},"301":{"start":{"line":302,"column":0},"end":{"line":302,"column":168}},"302":{"start":{"line":303,"column":0},"end":{"line":303,"column":5}},"303":{"start":{"line":304,"column":0},"end":{"line":304,"column":27}},"304":{"start":{"line":305,"column":0},"end":{"line":305,"column":28}},"305":{"start":{"line":306,"column":0},"end":{"line":306,"column":23}},"306":{"start":{"line":307,"column":0},"end":{"line":307,"column":61}},"307":{"start":{"line":308,"column":0},"end":{"line":308,"column":31}},"308":{"start":{"line":309,"column":0},"end":{"line":309,"column":30}},"309":{"start":{"line":310,"column":0},"end":{"line":310,"column":30}},"310":{"start":{"line":311,"column":0},"end":{"line":311,"column":14}},"311":{"start":{"line":312,"column":0},"end":{"line":312,"column":53}},"312":{"start":{"line":313,"column":0},"end":{"line":313,"column":8}},"313":{"start":{"line":314,"column":0},"end":{"line":314,"column":6}},"314":{"start":{"line":315,"column":0},"end":{"line":315,"column":5}},"316":{"start":{"line":317,"column":0},"end":{"line":317,"column":24}},"317":{"start":{"line":318,"column":0},"end":{"line":318,"column":40}},"318":{"start":{"line":319,"column":0},"end":{"line":319,"column":31}},"319":{"start":{"line":320,"column":0},"end":{"line":320,"column":30}},"320":{"start":{"line":321,"column":0},"end":{"line":321,"column":30}},"321":{"start":{"line":322,"column":0},"end":{"line":322,"column":14}},"322":{"start":{"line":323,"column":0},"end":{"line":323,"column":51}},"323":{"start":{"line":324,"column":0},"end":{"line":324,"column":8}},"324":{"start":{"line":325,"column":0},"end":{"line":325,"column":6}},"325":{"start":{"line":326,"column":0},"end":{"line":326,"column":5}},"327":{"start":{"line":328,"column":0},"end":{"line":328,"column":102}},"329":{"start":{"line":330,"column":0},"end":{"line":330,"column":32}},"330":{"start":{"line":331,"column":0},"end":{"line":331,"column":56}},"331":{"start":{"line":332,"column":0},"end":{"line":332,"column":31}},"332":{"start":{"line":333,"column":0},"end":{"line":333,"column":22}},"333":{"start":{"line":334,"column":0},"end":{"line":334,"column":88}},"334":{"start":{"line":335,"column":0},"end":{"line":335,"column":44}},"335":{"start":{"line":336,"column":0},"end":{"line":336,"column":53}},"336":{"start":{"line":337,"column":0},"end":{"line":337,"column":34}},"337":{"start":{"line":338,"column":0},"end":{"line":338,"column":75}},"338":{"start":{"line":339,"column":0},"end":{"line":339,"column":5}},"340":{"start":{"line":341,"column":0},"end":{"line":341,"column":85}},"341":{"start":{"line":342,"column":0},"end":{"line":342,"column":21}},"342":{"start":{"line":343,"column":0},"end":{"line":343,"column":12}},"343":{"start":{"line":344,"column":0},"end":{"line":344,"column":26}},"344":{"start":{"line":345,"column":0},"end":{"line":345,"column":88}},"345":{"start":{"line":346,"column":0},"end":{"line":346,"column":50}},"346":{"start":{"line":347,"column":0},"end":{"line":347,"column":9}},"347":{"start":{"line":348,"column":0},"end":{"line":348,"column":6}},"348":{"start":{"line":349,"column":0},"end":{"line":349,"column":5}},"350":{"start":{"line":351,"column":0},"end":{"line":351,"column":52}},"351":{"start":{"line":352,"column":0},"end":{"line":352,"column":44}},"352":{"start":{"line":353,"column":0},"end":{"line":353,"column":51}},"353":{"start":{"line":354,"column":0},"end":{"line":354,"column":36}},"354":{"start":{"line":355,"column":0},"end":{"line":355,"column":6}},"355":{"start":{"line":356,"column":0},"end":{"line":356,"column":2}},"356":{"start":{"line":357,"column":0},"end":{"line":357,"column":1}},"358":{"start":{"line":359,"column":0},"end":{"line":359,"column":3}},"359":{"start":{"line":360,"column":0},"end":{"line":360,"column":49}},"360":{"start":{"line":361,"column":0},"end":{"line":361,"column":38}},"361":{"start":{"line":362,"column":0},"end":{"line":362,"column":76}},"362":{"start":{"line":363,"column":0},"end":{"line":363,"column":53}},"363":{"start":{"line":364,"column":0},"end":{"line":364,"column":65}},"364":{"start":{"line":365,"column":0},"end":{"line":365,"column":74}},"365":{"start":{"line":366,"column":0},"end":{"line":366,"column":42}},"366":{"start":{"line":367,"column":0},"end":{"line":367,"column":52}},"367":{"start":{"line":368,"column":0},"end":{"line":368,"column":3}},"368":{"start":{"line":369,"column":0},"end":{"line":369,"column":43}},"369":{"start":{"line":370,"column":0},"end":{"line":370,"column":8}},"370":{"start":{"line":371,"column":0},"end":{"line":371,"column":15}},"371":{"start":{"line":372,"column":0},"end":{"line":372,"column":5}},"372":{"start":{"line":373,"column":0},"end":{"line":373,"column":9}},"373":{"start":{"line":374,"column":0},"end":{"line":374,"column":18}},"374":{"start":{"line":375,"column":0},"end":{"line":375,"column":11}},"375":{"start":{"line":376,"column":0},"end":{"line":376,"column":9}},"377":{"start":{"line":378,"column":0},"end":{"line":378,"column":62}},"378":{"start":{"line":379,"column":0},"end":{"line":379,"column":75}},"379":{"start":{"line":380,"column":0},"end":{"line":380,"column":58}},"381":{"start":{"line":382,"column":0},"end":{"line":382,"column":9}},"382":{"start":{"line":383,"column":0},"end":{"line":383,"column":27}},"384":{"start":{"line":385,"column":0},"end":{"line":385,"column":43}},"385":{"start":{"line":386,"column":0},"end":{"line":386,"column":75}},"386":{"start":{"line":387,"column":0},"end":{"line":387,"column":71}},"387":{"start":{"line":388,"column":0},"end":{"line":388,"column":86}},"388":{"start":{"line":389,"column":0},"end":{"line":389,"column":29}},"389":{"start":{"line":390,"column":0},"end":{"line":390,"column":5}},"391":{"start":{"line":392,"column":0},"end":{"line":392,"column":53}},"393":{"start":{"line":394,"column":0},"end":{"line":394,"column":60}},"395":{"start":{"line":396,"column":0},"end":{"line":396,"column":60}},"397":{"start":{"line":398,"column":0},"end":{"line":398,"column":60}},"399":{"start":{"line":400,"column":0},"end":{"line":400,"column":54}},"401":{"start":{"line":402,"column":0},"end":{"line":402,"column":64}},"403":{"start":{"line":404,"column":0},"end":{"line":404,"column":53}},"405":{"start":{"line":406,"column":0},"end":{"line":406,"column":81}},"407":{"start":{"line":408,"column":0},"end":{"line":408,"column":17}},"408":{"start":{"line":409,"column":0},"end":{"line":409,"column":28}},"409":{"start":{"line":410,"column":0},"end":{"line":410,"column":38}},"410":{"start":{"line":411,"column":0},"end":{"line":411,"column":59}},"411":{"start":{"line":412,"column":0},"end":{"line":412,"column":39}},"412":{"start":{"line":413,"column":0},"end":{"line":413,"column":58}},"413":{"start":{"line":414,"column":0},"end":{"line":414,"column":49}},"414":{"start":{"line":415,"column":0},"end":{"line":415,"column":53}},"416":{"start":{"line":417,"column":0},"end":{"line":417,"column":66}},"417":{"start":{"line":418,"column":0},"end":{"line":418,"column":71}},"418":{"start":{"line":419,"column":0},"end":{"line":419,"column":24}},"419":{"start":{"line":420,"column":0},"end":{"line":420,"column":27}},"420":{"start":{"line":421,"column":0},"end":{"line":421,"column":29}},"421":{"start":{"line":422,"column":0},"end":{"line":422,"column":31}},"422":{"start":{"line":423,"column":0},"end":{"line":423,"column":23}},"423":{"start":{"line":424,"column":0},"end":{"line":424,"column":23}},"424":{"start":{"line":425,"column":0},"end":{"line":425,"column":5}},"426":{"start":{"line":427,"column":0},"end":{"line":427,"column":41}},"427":{"start":{"line":428,"column":0},"end":{"line":428,"column":70}},"428":{"start":{"line":429,"column":0},"end":{"line":429,"column":36}},"429":{"start":{"line":430,"column":0},"end":{"line":430,"column":36}},"430":{"start":{"line":431,"column":0},"end":{"line":431,"column":16}},"431":{"start":{"line":432,"column":0},"end":{"line":432,"column":24}},"432":{"start":{"line":433,"column":0},"end":{"line":433,"column":35}},"433":{"start":{"line":434,"column":0},"end":{"line":434,"column":27}},"434":{"start":{"line":435,"column":0},"end":{"line":435,"column":6}},"435":{"start":{"line":436,"column":0},"end":{"line":436,"column":6}},"437":{"start":{"line":438,"column":0},"end":{"line":438,"column":30}},"438":{"start":{"line":439,"column":0},"end":{"line":439,"column":33}},"439":{"start":{"line":440,"column":0},"end":{"line":440,"column":5}},"440":{"start":{"line":441,"column":0},"end":{"line":441,"column":2}},"441":{"start":{"line":442,"column":0},"end":{"line":442,"column":1}},"443":{"start":{"line":444,"column":0},"end":{"line":444,"column":3}},"444":{"start":{"line":445,"column":0},"end":{"line":445,"column":52}},"445":{"start":{"line":446,"column":0},"end":{"line":446,"column":2}},"446":{"start":{"line":447,"column":0},"end":{"line":447,"column":59}},"447":{"start":{"line":448,"column":0},"end":{"line":448,"column":50}},"448":{"start":{"line":449,"column":0},"end":{"line":449,"column":29}},"449":{"start":{"line":450,"column":0},"end":{"line":450,"column":39}},"450":{"start":{"line":451,"column":0},"end":{"line":451,"column":44}},"451":{"start":{"line":452,"column":0},"end":{"line":452,"column":2}},"452":{"start":{"line":453,"column":0},"end":{"line":453,"column":82}},"453":{"start":{"line":454,"column":0},"end":{"line":454,"column":83}},"454":{"start":{"line":455,"column":0},"end":{"line":455,"column":54}},"455":{"start":{"line":456,"column":0},"end":{"line":456,"column":2}},"456":{"start":{"line":457,"column":0},"end":{"line":457,"column":11}},"457":{"start":{"line":458,"column":0},"end":{"line":458,"column":16}},"458":{"start":{"line":459,"column":0},"end":{"line":459,"column":41}},"459":{"start":{"line":460,"column":0},"end":{"line":460,"column":85}},"460":{"start":{"line":461,"column":0},"end":{"line":461,"column":57}},"461":{"start":{"line":462,"column":0},"end":{"line":462,"column":43}},"462":{"start":{"line":463,"column":0},"end":{"line":463,"column":57}},"463":{"start":{"line":464,"column":0},"end":{"line":464,"column":60}},"464":{"start":{"line":465,"column":0},"end":{"line":465,"column":45}},"465":{"start":{"line":466,"column":0},"end":{"line":466,"column":2}},"466":{"start":{"line":467,"column":0},"end":{"line":467,"column":104}},"467":{"start":{"line":468,"column":0},"end":{"line":468,"column":75}},"468":{"start":{"line":469,"column":0},"end":{"line":469,"column":69}},"469":{"start":{"line":470,"column":0},"end":{"line":470,"column":72}},"470":{"start":{"line":471,"column":0},"end":{"line":471,"column":102}},"471":{"start":{"line":472,"column":0},"end":{"line":472,"column":110}},"472":{"start":{"line":473,"column":0},"end":{"line":473,"column":34}},"473":{"start":{"line":474,"column":0},"end":{"line":474,"column":2}},"474":{"start":{"line":475,"column":0},"end":{"line":475,"column":44}},"475":{"start":{"line":476,"column":0},"end":{"line":476,"column":46}},"476":{"start":{"line":477,"column":0},"end":{"line":477,"column":24}},"477":{"start":{"line":478,"column":0},"end":{"line":478,"column":40}},"478":{"start":{"line":479,"column":0},"end":{"line":479,"column":5}},"479":{"start":{"line":480,"column":0},"end":{"line":480,"column":2}},"480":{"start":{"line":481,"column":0},"end":{"line":481,"column":67}},"481":{"start":{"line":482,"column":0},"end":{"line":482,"column":6}},"482":{"start":{"line":483,"column":0},"end":{"line":483,"column":2}},"483":{"start":{"line":484,"column":0},"end":{"line":484,"column":25}},"484":{"start":{"line":485,"column":0},"end":{"line":485,"column":25}},"485":{"start":{"line":486,"column":0},"end":{"line":486,"column":11}},"486":{"start":{"line":487,"column":0},"end":{"line":487,"column":70}},"487":{"start":{"line":488,"column":0},"end":{"line":488,"column":5}},"488":{"start":{"line":489,"column":0},"end":{"line":489,"column":3}},"489":{"start":{"line":490,"column":0},"end":{"line":490,"column":45}},"490":{"start":{"line":491,"column":0},"end":{"line":491,"column":21}},"491":{"start":{"line":492,"column":0},"end":{"line":492,"column":26}},"492":{"start":{"line":493,"column":0},"end":{"line":493,"column":30}},"493":{"start":{"line":494,"column":0},"end":{"line":494,"column":49}},"494":{"start":{"line":495,"column":0},"end":{"line":495,"column":29}},"495":{"start":{"line":496,"column":0},"end":{"line":496,"column":37}},"496":{"start":{"line":497,"column":0},"end":{"line":497,"column":48}},"498":{"start":{"line":499,"column":0},"end":{"line":499,"column":27}},"499":{"start":{"line":500,"column":0},"end":{"line":500,"column":40}},"501":{"start":{"line":502,"column":0},"end":{"line":502,"column":39}},"502":{"start":{"line":503,"column":0},"end":{"line":503,"column":66}},"503":{"start":{"line":504,"column":0},"end":{"line":504,"column":34}},"504":{"start":{"line":505,"column":0},"end":{"line":505,"column":16}},"505":{"start":{"line":506,"column":0},"end":{"line":506,"column":6}},"506":{"start":{"line":507,"column":0},"end":{"line":507,"column":10}},"507":{"start":{"line":508,"column":0},"end":{"line":508,"column":19}},"508":{"start":{"line":509,"column":0},"end":{"line":509,"column":12}},"509":{"start":{"line":510,"column":0},"end":{"line":510,"column":4}},"510":{"start":{"line":511,"column":0},"end":{"line":511,"column":3}},"511":{"start":{"line":512,"column":0},"end":{"line":512,"column":1}}},"s":{"0":1,"1":1,"2":1,"3":1,"5":1,"6":1,"7":1,"8":1,"9":1,"10":1,"11":1,"12":1,"13":1,"15":1,"16":1,"17":1,"18":1,"19":1,"20":1,"21":5,"22":5,"23":5,"25":1,"26":1,"27":1,"28":1,"29":1,"30":1,"31":7,"32":7,"34":1,"35":1,"36":1,"37":1,"38":1,"39":1,"40":5,"41":5,"42":5,"44":1,"45":1,"46":1,"47":1,"48":1,"49":1,"50":1,"51":1,"52":14,"53":14,"54":14,"55":14,"56":14,"57":14,"58":14,"59":2,"60":2,"61":2,"62":1,"63":1,"64":1,"65":1,"66":1,"67":1,"68":1,"69":1,"71":1,"73":1,"74":1,"75":1,"76":0,"77":0,"78":0,"79":0,"80":1,"81":1,"83":1,"84":1,"85":1,"86":0,"87":0,"88":0,"89":0,"90":1,"91":1,"93":2,"94":2,"95":2,"96":2,"98":2,"99":2,"100":2,"101":2,"102":2,"103":2,"104":2,"105":2,"106":2,"107":2,"108":2,"109":14,"111":14,"112":14,"113":14,"114":14,"115":14,"116":14,"117":2,"118":2,"119":2,"120":1,"121":1,"122":1,"123":1,"124":1,"125":1,"126":1,"127":1,"129":1,"130":1,"132":1,"133":1,"134":1,"135":1,"136":0,"137":0,"138":0,"139":0,"140":1,"141":1,"143":1,"144":2,"145":2,"146":2,"147":2,"148":0,"149":0,"150":0,"151":0,"152":2,"153":2,"155":1,"156":2,"157":0,"158":0,"159":0,"160":0,"161":0,"162":0,"163":0,"164":0,"165":0,"166":0,"167":0,"168":0,"169":0,"170":0,"171":0,"172":0,"173":0,"174":0,"176":1,"177":2,"178":0,"179":0,"180":0,"181":0,"182":0,"184":0,"185":0,"187":0,"188":0,"189":0,"190":0,"192":0,"193":0,"194":0,"195":0,"196":0,"197":0,"198":0,"199":0,"200":0,"201":0,"202":0,"204":1,"205":1,"206":1,"207":0,"208":0,"209":0,"210":0,"211":1,"212":1,"214":1,"215":1,"216":1,"217":2,"218":0,"219":0,"220":0,"221":0,"222":0,"223":0,"224":0,"225":0,"226":0,"227":0,"228":0,"229":0,"230":14,"232":14,"233":14,"234":14,"235":14,"236":14,"237":14,"238":1,"239":1,"240":1,"241":0,"242":0,"243":0,"244":0,"245":0,"246":0,"247":0,"248":0,"250":1,"252":1,"253":1,"254":1,"255":0,"256":0,"257":0,"258":0,"259":1,"260":1,"262":1,"263":14,"265":14,"266":14,"267":14,"268":14,"269":14,"270":14,"271":1,"272":1,"273":1,"274":0,"275":0,"276":0,"277":0,"278":0,"279":0,"280":0,"281":0,"283":1,"285":1,"286":1,"287":1,"288":0,"289":0,"290":0,"291":0,"292":1,"293":1,"295":1,"296":14,"298":14,"299":14,"300":14,"301":14,"302":14,"303":14,"304":1,"305":1,"306":1,"307":0,"308":0,"309":0,"310":0,"311":0,"312":0,"313":0,"314":0,"316":1,"317":1,"318":0,"319":0,"320":0,"321":0,"322":0,"323":0,"324":0,"325":0,"327":1,"329":1,"330":1,"331":1,"332":1,"333":1,"334":1,"335":1,"336":1,"337":32,"338":32,"340":1,"341":1,"342":1,"343":0,"344":0,"345":0,"346":0,"347":1,"348":1,"350":1,"351":1,"352":1,"353":1,"354":14,"355":14,"356":14,"358":1,"359":1,"360":1,"361":1,"362":1,"363":1,"364":1,"365":1,"366":1,"367":1,"368":1,"369":14,"370":14,"371":14,"372":14,"373":14,"374":14,"375":14,"377":14,"378":14,"379":14,"381":14,"382":14,"384":14,"385":1,"386":1,"387":1,"388":1,"389":14,"391":14,"393":14,"395":14,"397":14,"399":14,"401":14,"403":14,"405":14,"407":14,"408":1,"409":1,"410":1,"411":1,"412":1,"413":1,"414":1,"416":1,"417":1,"418":1,"419":1,"420":1,"421":1,"422":1,"423":1,"424":1,"426":1,"427":1,"428":1,"429":1,"430":1,"431":1,"432":1,"433":1,"434":1,"435":14,"437":14,"438":0,"439":14,"440":14,"441":14,"443":1,"444":1,"445":1,"446":1,"447":1,"448":1,"449":1,"450":1,"451":1,"452":1,"453":1,"454":1,"455":1,"456":1,"457":1,"458":1,"459":1,"460":1,"461":1,"462":1,"463":1,"464":1,"465":1,"466":1,"467":1,"468":1,"469":1,"470":1,"471":1,"472":1,"473":1,"474":1,"475":1,"476":1,"477":1,"478":1,"479":1,"480":1,"481":1,"482":1,"483":1,"484":1,"485":1,"486":1,"487":1,"488":1,"489":1,"490":1,"491":1,"492":13,"493":13,"494":13,"495":13,"496":13,"498":13,"499":13,"501":13,"502":13,"503":13,"504":13,"505":13,"506":13,"507":13,"508":13,"509":13,"510":1,"511":1},"branchMap":{"0":{"type":"branch","line":21,"loc":{"start":{"line":21,"column":27},"end":{"line":24,"column":1}},"locations":[{"start":{"line":21,"column":27},"end":{"line":24,"column":1}}]},"1":{"type":"branch","line":31,"loc":{"start":{"line":31,"column":23},"end":{"line":33,"column":1}},"locations":[{"start":{"line":31,"column":23},"end":{"line":33,"column":1}}]},"2":{"type":"branch","line":40,"loc":{"start":{"line":40,"column":19},"end":{"line":43,"column":1}},"locations":[{"start":{"line":40,"column":19},"end":{"line":43,"column":1}}]},"3":{"type":"branch","line":41,"loc":{"start":{"line":41,"column":35},"end":{"line":41,"column":88}},"locations":[{"start":{"line":41,"column":35},"end":{"line":41,"column":88}}]},"4":{"type":"branch","line":52,"loc":{"start":{"line":52,"column":29},"end":{"line":357,"column":1}},"locations":[{"start":{"line":52,"column":29},"end":{"line":357,"column":1}}]},"5":{"type":"branch","line":59,"loc":{"start":{"line":59,"column":14},"end":{"line":110,"column":5}},"locations":[{"start":{"line":59,"column":14},"end":{"line":110,"column":5}}]},"6":{"type":"branch","line":60,"loc":{"start":{"line":60,"column":14},"end":{"line":110,"column":4}},"locations":[{"start":{"line":60,"column":14},"end":{"line":110,"column":4}}]},"7":{"type":"branch","line":62,"loc":{"start":{"line":62,"column":60},"end":{"line":94,"column":32}},"locations":[{"start":{"line":62,"column":60},"end":{"line":94,"column":32}}]},"8":{"type":"branch","line":94,"loc":{"start":{"line":94,"column":33},"end":{"line":94,"column":38}},"locations":[{"start":{"line":94,"column":33},"end":{"line":94,"column":38}}]},"9":{"type":"branch","line":95,"loc":{"start":{"line":95,"column":27},"end":{"line":95,"column":36}},"locations":[{"start":{"line":95,"column":27},"end":{"line":95,"column":36}}]},"10":{"type":"branch","line":95,"loc":{"start":{"line":95,"column":37},"end":{"line":95,"column":42}},"locations":[{"start":{"line":95,"column":37},"end":{"line":95,"column":42}}]},"11":{"type":"branch","line":96,"loc":{"start":{"line":96,"column":32},"end":{"line":96,"column":65}},"locations":[{"start":{"line":96,"column":32},"end":{"line":96,"column":65}}]},"12":{"type":"branch","line":96,"loc":{"start":{"line":96,"column":66},"end":{"line":96,"column":136}},"locations":[{"start":{"line":96,"column":66},"end":{"line":96,"column":136}}]},"13":{"type":"branch","line":97,"loc":{"start":{"line":97,"column":29},"end":{"line":97,"column":59}},"locations":[{"start":{"line":97,"column":29},"end":{"line":97,"column":59}}]},"14":{"type":"branch","line":97,"loc":{"start":{"line":97,"column":60},"end":{"line":97,"column":130}},"locations":[{"start":{"line":97,"column":60},"end":{"line":97,"column":130}}]},"15":{"type":"branch","line":107,"loc":{"start":{"line":107,"column":27},"end":{"line":107,"column":44}},"locations":[{"start":{"line":107,"column":27},"end":{"line":107,"column":44}}]},"16":{"type":"branch","line":107,"loc":{"start":{"line":107,"column":45},"end":{"line":107,"column":65}},"locations":[{"start":{"line":107,"column":45},"end":{"line":107,"column":65}}]},"17":{"type":"branch","line":72,"loc":{"start":{"line":72,"column":47},"end":{"line":72,"column":101}},"locations":[{"start":{"line":72,"column":47},"end":{"line":72,"column":101}}]},"18":{"type":"branch","line":117,"loc":{"start":{"line":117,"column":14},"end":{"line":231,"column":5}},"locations":[{"start":{"line":117,"column":14},"end":{"line":231,"column":5}}]},"19":{"type":"branch","line":118,"loc":{"start":{"line":118,"column":14},"end":{"line":231,"column":4}},"locations":[{"start":{"line":118,"column":14},"end":{"line":231,"column":4}}]},"20":{"type":"branch","line":120,"loc":{"start":{"line":120,"column":60},"end":{"line":145,"column":51}},"locations":[{"start":{"line":120,"column":60},"end":{"line":145,"column":51}}]},"21":{"type":"branch","line":145,"loc":{"start":{"line":145,"column":68},"end":{"line":145,"column":73}},"locations":[{"start":{"line":145,"column":68},"end":{"line":145,"column":73}}]},"22":{"type":"branch","line":154,"loc":{"start":{"line":154,"column":5},"end":{"line":157,"column":34}},"locations":[{"start":{"line":154,"column":5},"end":{"line":157,"column":34}}]},"23":{"type":"branch","line":157,"loc":{"start":{"line":157,"column":34},"end":{"line":175,"column":6}},"locations":[{"start":{"line":157,"column":34},"end":{"line":175,"column":6}}]},"24":{"type":"branch","line":175,"loc":{"start":{"line":175,"column":5},"end":{"line":178,"column":23}},"locations":[{"start":{"line":175,"column":5},"end":{"line":178,"column":23}}]},"25":{"type":"branch","line":178,"loc":{"start":{"line":178,"column":23},"end":{"line":203,"column":6}},"locations":[{"start":{"line":178,"column":23},"end":{"line":203,"column":6}}]},"26":{"type":"branch","line":203,"loc":{"start":{"line":203,"column":5},"end":{"line":218,"column":6}},"locations":[{"start":{"line":203,"column":5},"end":{"line":218,"column":6}}]},"27":{"type":"branch","line":218,"loc":{"start":{"line":218,"column":6},"end":{"line":230,"column":5}},"locations":[{"start":{"line":218,"column":6},"end":{"line":230,"column":5}}]},"28":{"type":"branch","line":130,"loc":{"start":{"line":130,"column":47},"end":{"line":130,"column":101}},"locations":[{"start":{"line":130,"column":47},"end":{"line":130,"column":101}}]},"29":{"type":"branch","line":131,"loc":{"start":{"line":131,"column":46},"end":{"line":131,"column":78}},"locations":[{"start":{"line":131,"column":46},"end":{"line":131,"column":78}}]},"30":{"type":"branch","line":238,"loc":{"start":{"line":238,"column":14},"end":{"line":264,"column":5}},"locations":[{"start":{"line":238,"column":14},"end":{"line":264,"column":5}}]},"31":{"type":"branch","line":239,"loc":{"start":{"line":239,"column":14},"end":{"line":264,"column":4}},"locations":[{"start":{"line":239,"column":14},"end":{"line":264,"column":4}}]},"32":{"type":"branch","line":241,"loc":{"start":{"line":241,"column":60},"end":{"line":249,"column":5}},"locations":[{"start":{"line":241,"column":60},"end":{"line":249,"column":5}}]},"33":{"type":"branch","line":263,"loc":{"start":{"line":263,"column":28},"end":{"line":263,"column":33}},"locations":[{"start":{"line":263,"column":28},"end":{"line":263,"column":33}}]},"34":{"type":"branch","line":251,"loc":{"start":{"line":251,"column":47},"end":{"line":251,"column":101}},"locations":[{"start":{"line":251,"column":47},"end":{"line":251,"column":101}}]},"35":{"type":"branch","line":271,"loc":{"start":{"line":271,"column":11},"end":{"line":297,"column":5}},"locations":[{"start":{"line":271,"column":11},"end":{"line":297,"column":5}}]},"36":{"type":"branch","line":272,"loc":{"start":{"line":272,"column":14},"end":{"line":297,"column":4}},"locations":[{"start":{"line":272,"column":14},"end":{"line":297,"column":4}}]},"37":{"type":"branch","line":274,"loc":{"start":{"line":274,"column":60},"end":{"line":282,"column":5}},"locations":[{"start":{"line":274,"column":60},"end":{"line":282,"column":5}}]},"38":{"type":"branch","line":284,"loc":{"start":{"line":284,"column":47},"end":{"line":284,"column":101}},"locations":[{"start":{"line":284,"column":47},"end":{"line":284,"column":101}}]},"39":{"type":"branch","line":304,"loc":{"start":{"line":304,"column":16},"end":{"line":355,"column":5}},"locations":[{"start":{"line":304,"column":16},"end":{"line":355,"column":5}}]},"40":{"type":"branch","line":305,"loc":{"start":{"line":305,"column":14},"end":{"line":355,"column":4}},"locations":[{"start":{"line":305,"column":14},"end":{"line":355,"column":4}}]},"41":{"type":"branch","line":307,"loc":{"start":{"line":307,"column":60},"end":{"line":315,"column":5}},"locations":[{"start":{"line":307,"column":60},"end":{"line":315,"column":5}}]},"42":{"type":"branch","line":318,"loc":{"start":{"line":318,"column":39},"end":{"line":326,"column":5}},"locations":[{"start":{"line":318,"column":39},"end":{"line":326,"column":5}}]},"43":{"type":"branch","line":333,"loc":{"start":{"line":333,"column":5},"end":{"line":333,"column":22}},"locations":[{"start":{"line":333,"column":5},"end":{"line":333,"column":22}}]},"44":{"type":"branch","line":334,"loc":{"start":{"line":334,"column":75},"end":{"line":334,"column":88}},"locations":[{"start":{"line":334,"column":75},"end":{"line":334,"column":88}}]},"45":{"type":"branch","line":337,"loc":{"start":{"line":337,"column":33},"end":{"line":339,"column":5}},"locations":[{"start":{"line":337,"column":33},"end":{"line":339,"column":5}}]},"46":{"type":"branch","line":328,"loc":{"start":{"line":328,"column":47},"end":{"line":328,"column":101}},"locations":[{"start":{"line":328,"column":47},"end":{"line":328,"column":101}}]},"47":{"type":"branch","line":369,"loc":{"start":{"line":369,"column":32},"end":{"line":442,"column":1}},"locations":[{"start":{"line":369,"column":32},"end":{"line":442,"column":1}}]},"48":{"type":"branch","line":385,"loc":{"start":{"line":385,"column":29},"end":{"line":390,"column":3}},"locations":[{"start":{"line":385,"column":29},"end":{"line":390,"column":3}}]},"49":{"type":"branch","line":388,"loc":{"start":{"line":388,"column":39},"end":{"line":388,"column":85}},"locations":[{"start":{"line":388,"column":39},"end":{"line":388,"column":85}}]},"50":{"type":"branch","line":394,"loc":{"start":{"line":394,"column":14},"end":{"line":394,"column":59}},"locations":[{"start":{"line":394,"column":14},"end":{"line":394,"column":59}}]},"51":{"type":"branch","line":396,"loc":{"start":{"line":396,"column":14},"end":{"line":396,"column":59}},"locations":[{"start":{"line":396,"column":14},"end":{"line":396,"column":59}}]},"52":{"type":"branch","line":398,"loc":{"start":{"line":398,"column":14},"end":{"line":398,"column":59}},"locations":[{"start":{"line":398,"column":14},"end":{"line":398,"column":59}}]},"53":{"type":"branch","line":400,"loc":{"start":{"line":400,"column":11},"end":{"line":400,"column":53}},"locations":[{"start":{"line":400,"column":11},"end":{"line":400,"column":53}}]},"54":{"type":"branch","line":402,"loc":{"start":{"line":402,"column":16},"end":{"line":402,"column":63}},"locations":[{"start":{"line":402,"column":16},"end":{"line":402,"column":63}}]},"55":{"type":"branch","line":404,"loc":{"start":{"line":404,"column":16},"end":{"line":404,"column":52}},"locations":[{"start":{"line":404,"column":16},"end":{"line":404,"column":52}}]},"56":{"type":"branch","line":406,"loc":{"start":{"line":406,"column":20},"end":{"line":406,"column":80}},"locations":[{"start":{"line":406,"column":20},"end":{"line":406,"column":80}}]},"57":{"type":"branch","line":408,"loc":{"start":{"line":408,"column":12},"end":{"line":436,"column":5}},"locations":[{"start":{"line":408,"column":12},"end":{"line":436,"column":5}}]},"58":{"type":"branch","line":409,"loc":{"start":{"line":409,"column":14},"end":{"line":436,"column":4}},"locations":[{"start":{"line":409,"column":14},"end":{"line":436,"column":4}}]},"59":{"type":"branch","line":492,"loc":{"start":{"line":492,"column":12},"end":{"line":511,"column":2}},"locations":[{"start":{"line":492,"column":12},"end":{"line":511,"column":2}}]}},"b":{"0":[5],"1":[7],"2":[5],"3":[0],"4":[14],"5":[2],"6":[2],"7":[1],"8":[0],"9":[1],"10":[0],"11":[1],"12":[0],"13":[1],"14":[0],"15":[0],"16":[0],"17":[1],"18":[2],"19":[2],"20":[1],"21":[0],"22":[1],"23":[0],"24":[1],"25":[0],"26":[1],"27":[0],"28":[1],"29":[1],"30":[1],"31":[1],"32":[0],"33":[0],"34":[1],"35":[1],"36":[1],"37":[0],"38":[1],"39":[1],"40":[1],"41":[0],"42":[0],"43":[0],"44":[0],"45":[32],"46":[1],"47":[14],"48":[1],"49":[1],"50":[2],"51":[2],"52":[1],"53":[1],"54":[1],"55":[1],"56":[1],"57":[1],"58":[1],"59":[13]},"fnMap":{"0":{"name":"createEthjsAddress","decl":{"start":{"line":21,"column":27},"end":{"line":24,"column":1}},"loc":{"start":{"line":21,"column":27},"end":{"line":24,"column":1}},"line":21},"1":{"name":"isValidAddress","decl":{"start":{"line":31,"column":23},"end":{"line":33,"column":1}},"loc":{"start":{"line":31,"column":23},"end":{"line":33,"column":1}},"line":31},"2":{"name":"bytesToHex","decl":{"start":{"line":40,"column":19},"end":{"line":43,"column":1}},"loc":{"start":{"line":40,"column":19},"end":{"line":43,"column":1}},"line":40},"3":{"name":"createActionServices","decl":{"start":{"line":52,"column":29},"end":{"line":357,"column":1}},"loc":{"start":{"line":52,"column":29},"end":{"line":357,"column":1}},"line":52},"4":{"name":"getAccount","decl":{"start":{"line":59,"column":14},"end":{"line":110,"column":5}},"loc":{"start":{"line":59,"column":14},"end":{"line":110,"column":5}},"line":59},"5":{"name":"setAccount","decl":{"start":{"line":117,"column":14},"end":{"line":231,"column":5}},"loc":{"start":{"line":117,"column":14},"end":{"line":231,"column":5}},"line":117},"6":{"name":"getBalance","decl":{"start":{"line":238,"column":14},"end":{"line":264,"column":5}},"loc":{"start":{"line":238,"column":14},"end":{"line":264,"column":5}},"line":238},"7":{"name":"getCode","decl":{"start":{"line":271,"column":11},"end":{"line":297,"column":5}},"loc":{"start":{"line":271,"column":11},"end":{"line":297,"column":5}},"line":271},"8":{"name":"getStorageAt","decl":{"start":{"line":304,"column":16},"end":{"line":355,"column":5}},"loc":{"start":{"line":304,"column":16},"end":{"line":355,"column":5}},"line":304},"9":{"name":"createMemoryClientShape","decl":{"start":{"line":369,"column":32},"end":{"line":442,"column":1}},"loc":{"start":{"line":369,"column":32},"end":{"line":442,"column":1}},"line":369},"10":{"name":"getAccount","decl":{"start":{"line":394,"column":14},"end":{"line":394,"column":59}},"loc":{"start":{"line":394,"column":14},"end":{"line":394,"column":59}},"line":394},"11":{"name":"setAccount","decl":{"start":{"line":396,"column":14},"end":{"line":396,"column":59}},"loc":{"start":{"line":396,"column":14},"end":{"line":396,"column":59}},"line":396},"12":{"name":"getBalance","decl":{"start":{"line":398,"column":14},"end":{"line":398,"column":59}},"loc":{"start":{"line":398,"column":14},"end":{"line":398,"column":59}},"line":398},"13":{"name":"getCode","decl":{"start":{"line":400,"column":11},"end":{"line":400,"column":53}},"loc":{"start":{"line":400,"column":11},"end":{"line":400,"column":53}},"line":400},"14":{"name":"getStorageAt","decl":{"start":{"line":402,"column":16},"end":{"line":402,"column":63}},"loc":{"start":{"line":402,"column":16},"end":{"line":402,"column":63}},"line":402},"15":{"name":"takeSnapshot","decl":{"start":{"line":404,"column":16},"end":{"line":404,"column":52}},"loc":{"start":{"line":404,"column":16},"end":{"line":404,"column":52}},"line":404},"16":{"name":"revertToSnapshot","decl":{"start":{"line":406,"column":20},"end":{"line":406,"column":80}},"loc":{"start":{"line":406,"column":20},"end":{"line":406,"column":80}},"line":406},"17":{"name":"deepCopy","decl":{"start":{"line":408,"column":12},"end":{"line":436,"column":5}},"loc":{"start":{"line":408,"column":12},"end":{"line":436,"column":5}},"line":408}},"f":{"0":5,"1":7,"2":5,"3":14,"4":2,"5":2,"6":1,"7":1,"8":1,"9":14,"10":2,"11":2,"12":1,"13":1,"14":1,"15":1,"16":1,"17":1}}
,"/Users/colinnielsen/code/tevm-monorepo/packages/memory-client-effect/src/MemoryClientService.js": {"path":"/Users/colinnielsen/code/tevm-monorepo/packages/memory-client-effect/src/MemoryClientService.js","all":false,"statementMap":{"0":{"start":{"line":1,"column":0},"end":{"line":1,"column":3}},"1":{"start":{"line":2,"column":0},"end":{"line":2,"column":57}},"2":{"start":{"line":3,"column":0},"end":{"line":3,"column":56}},"3":{"start":{"line":4,"column":0},"end":{"line":4,"column":3}},"5":{"start":{"line":6,"column":0},"end":{"line":6,"column":32}},"7":{"start":{"line":8,"column":0},"end":{"line":8,"column":3}},"8":{"start":{"line":9,"column":0},"end":{"line":9,"column":88}},"9":{"start":{"line":10,"column":0},"end":{"line":10,"column":2}},"10":{"start":{"line":11,"column":0},"end":{"line":11,"column":90}},"11":{"start":{"line":12,"column":0},"end":{"line":12,"column":48}},"12":{"start":{"line":13,"column":0},"end":{"line":13,"column":40}},"13":{"start":{"line":14,"column":0},"end":{"line":14,"column":37}},"14":{"start":{"line":15,"column":0},"end":{"line":15,"column":35}},"15":{"start":{"line":16,"column":0},"end":{"line":16,"column":34}},"16":{"start":{"line":17,"column":0},"end":{"line":17,"column":2}},"17":{"start":{"line":18,"column":0},"end":{"line":18,"column":11}},"18":{"start":{"line":19,"column":0},"end":{"line":19,"column":16}},"19":{"start":{"line":20,"column":0},"end":{"line":20,"column":34}},"20":{"start":{"line":21,"column":0},"end":{"line":21,"column":85}},"21":{"start":{"line":22,"column":0},"end":{"line":22,"column":2}},"22":{"start":{"line":23,"column":0},"end":{"line":23,"column":44}},"23":{"start":{"line":24,"column":0},"end":{"line":24,"column":46}},"24":{"start":{"line":25,"column":0},"end":{"line":25,"column":2}},"25":{"start":{"line":26,"column":0},"end":{"line":26,"column":35}},"26":{"start":{"line":27,"column":0},"end":{"line":27,"column":24}},"27":{"start":{"line":28,"column":0},"end":{"line":28,"column":2}},"28":{"start":{"line":29,"column":0},"end":{"line":29,"column":27}},"29":{"start":{"line":30,"column":0},"end":{"line":30,"column":47}},"30":{"start":{"line":31,"column":0},"end":{"line":31,"column":60}},"31":{"start":{"line":32,"column":0},"end":{"line":32,"column":7}},"32":{"start":{"line":33,"column":0},"end":{"line":33,"column":2}},"33":{"start":{"line":34,"column":0},"end":{"line":34,"column":25}},"34":{"start":{"line":35,"column":0},"end":{"line":35,"column":31}},"35":{"start":{"line":36,"column":0},"end":{"line":36,"column":61}},"36":{"start":{"line":37,"column":0},"end":{"line":37,"column":36}},"37":{"start":{"line":38,"column":0},"end":{"line":38,"column":7}},"38":{"start":{"line":39,"column":0},"end":{"line":39,"column":2}},"39":{"start":{"line":40,"column":0},"end":{"line":40,"column":43}},"40":{"start":{"line":41,"column":0},"end":{"line":41,"column":52}},"41":{"start":{"line":42,"column":0},"end":{"line":42,"column":2}},"42":{"start":{"line":43,"column":0},"end":{"line":43,"column":35}},"43":{"start":{"line":44,"column":0},"end":{"line":44,"column":5}},"44":{"start":{"line":45,"column":0},"end":{"line":45,"column":2}},"45":{"start":{"line":46,"column":0},"end":{"line":46,"column":37}},"46":{"start":{"line":47,"column":0},"end":{"line":47,"column":42}},"47":{"start":{"line":48,"column":0},"end":{"line":48,"column":53}},"48":{"start":{"line":49,"column":0},"end":{"line":49,"column":4}},"49":{"start":{"line":50,"column":0},"end":{"line":50,"column":6}},"50":{"start":{"line":51,"column":0},"end":{"line":51,"column":2}},"51":{"start":{"line":52,"column":0},"end":{"line":52,"column":83}},"52":{"start":{"line":53,"column":0},"end":{"line":53,"column":3}},"53":{"start":{"line":54,"column":0},"end":{"line":54,"column":124}},"54":{"start":{"line":55,"column":0},"end":{"line":55,"column":69}},"55":{"start":{"line":56,"column":0},"end":{"line":56,"column":1}}},"s":{"0":1,"1":1,"2":1,"3":1,"5":1,"7":1,"8":1,"9":1,"10":1,"11":1,"12":1,"13":1,"14":1,"15":1,"16":1,"17":1,"18":1,"19":1,"20":1,"21":1,"22":1,"23":1,"24":1,"25":1,"26":1,"27":1,"28":1,"29":1,"30":1,"31":1,"32":1,"33":1,"34":1,"35":1,"36":1,"37":1,"38":1,"39":1,"40":1,"41":1,"42":1,"43":1,"44":1,"45":1,"46":1,"47":1,"48":1,"49":1,"50":1,"51":1,"52":1,"53":1,"54":1,"55":1},"branchMap":{},"b":{},"fnMap":{},"f":{}}
,"/Users/colinnielsen/code/tevm-monorepo/packages/memory-client-effect/src/createMemoryClient.js": {"path":"/Users/colinnielsen/code/tevm-monorepo/packages/memory-client-effect/src/createMemoryClient.js","all":false,"statementMap":{"0":{"start":{"line":1,"column":0},"end":{"line":1,"column":3}},"1":{"start":{"line":2,"column":0},"end":{"line":2,"column":56}},"2":{"start":{"line":3,"column":0},"end":{"line":3,"column":61}},"3":{"start":{"line":4,"column":0},"end":{"line":4,"column":3}},"5":{"start":{"line":6,"column":0},"end":{"line":6,"column":54}},"6":{"start":{"line":7,"column":0},"end":{"line":7,"column":62}},"8":{"start":{"line":9,"column":0},"end":{"line":9,"column":3}},"9":{"start":{"line":10,"column":0},"end":{"line":10,"column":51}},"10":{"start":{"line":11,"column":0},"end":{"line":11,"column":63}},"11":{"start":{"line":12,"column":0},"end":{"line":12,"column":28}},"12":{"start":{"line":13,"column":0},"end":{"line":13,"column":3}},"13":{"start":{"line":14,"column":0},"end":{"line":14,"column":54}},"14":{"start":{"line":15,"column":0},"end":{"line":15,"column":9}},"15":{"start":{"line":16,"column":0},"end":{"line":16,"column":18}},"16":{"start":{"line":17,"column":0},"end":{"line":17,"column":14}},"17":{"start":{"line":18,"column":0},"end":{"line":18,"column":14}},"18":{"start":{"line":19,"column":0},"end":{"line":19,"column":14}},"19":{"start":{"line":20,"column":0},"end":{"line":20,"column":14}},"20":{"start":{"line":21,"column":0},"end":{"line":21,"column":11}},"21":{"start":{"line":22,"column":0},"end":{"line":22,"column":16}},"22":{"start":{"line":23,"column":0},"end":{"line":23,"column":16}},"23":{"start":{"line":24,"column":0},"end":{"line":24,"column":20}},"24":{"start":{"line":25,"column":0},"end":{"line":25,"column":12}},"25":{"start":{"line":26,"column":0},"end":{"line":26,"column":11}},"26":{"start":{"line":27,"column":0},"end":{"line":27,"column":2}},"28":{"start":{"line":29,"column":0},"end":{"line":29,"column":3}},"29":{"start":{"line":30,"column":0},"end":{"line":30,"column":68}},"30":{"start":{"line":31,"column":0},"end":{"line":31,"column":49}},"31":{"start":{"line":32,"column":0},"end":{"line":32,"column":66}},"32":{"start":{"line":33,"column":0},"end":{"line":33,"column":72}},"33":{"start":{"line":34,"column":0},"end":{"line":34,"column":3}},"34":{"start":{"line":35,"column":0},"end":{"line":35,"column":46}},"35":{"start":{"line":36,"column":0},"end":{"line":36,"column":43}},"36":{"start":{"line":37,"column":0},"end":{"line":37,"column":66}},"37":{"start":{"line":38,"column":0},"end":{"line":38,"column":2}},"39":{"start":{"line":40,"column":0},"end":{"line":40,"column":54}},"40":{"start":{"line":41,"column":0},"end":{"line":41,"column":32}},"41":{"start":{"line":42,"column":0},"end":{"line":42,"column":2}},"43":{"start":{"line":44,"column":0},"end":{"line":44,"column":33}},"44":{"start":{"line":45,"column":0},"end":{"line":45,"column":18}},"45":{"start":{"line":46,"column":0},"end":{"line":46,"column":86}},"46":{"start":{"line":47,"column":0},"end":{"line":47,"column":3}},"47":{"start":{"line":48,"column":0},"end":{"line":48,"column":2}},"49":{"start":{"line":50,"column":0},"end":{"line":50,"column":69}},"50":{"start":{"line":51,"column":0},"end":{"line":51,"column":1}},"51":{"start":{"line":52,"column":0},"end":{"line":52,"column":56}},"52":{"start":{"line":53,"column":0},"end":{"line":53,"column":54}},"53":{"start":{"line":54,"column":0},"end":{"line":54,"column":40}},"54":{"start":{"line":55,"column":0},"end":{"line":55,"column":54}},"55":{"start":{"line":56,"column":0},"end":{"line":56,"column":57}},"56":{"start":{"line":57,"column":0},"end":{"line":57,"column":42}},"57":{"start":{"line":58,"column":0},"end":{"line":58,"column":67}},"58":{"start":{"line":59,"column":0},"end":{"line":59,"column":72}},"59":{"start":{"line":60,"column":0},"end":{"line":60,"column":48}},"61":{"start":{"line":62,"column":0},"end":{"line":62,"column":3}},"62":{"start":{"line":63,"column":0},"end":{"line":63,"column":37}},"63":{"start":{"line":64,"column":0},"end":{"line":64,"column":73}},"64":{"start":{"line":65,"column":0},"end":{"line":65,"column":78}},"65":{"start":{"line":66,"column":0},"end":{"line":66,"column":62}},"66":{"start":{"line":67,"column":0},"end":{"line":67,"column":167}},"67":{"start":{"line":68,"column":0},"end":{"line":68,"column":168}},"68":{"start":{"line":69,"column":0},"end":{"line":69,"column":124}},"69":{"start":{"line":70,"column":0},"end":{"line":70,"column":133}},"70":{"start":{"line":71,"column":0},"end":{"line":71,"column":144}},"71":{"start":{"line":72,"column":0},"end":{"line":72,"column":89}},"72":{"start":{"line":73,"column":0},"end":{"line":73,"column":108}},"73":{"start":{"line":74,"column":0},"end":{"line":74,"column":84}},"74":{"start":{"line":75,"column":0},"end":{"line":75,"column":72}},"75":{"start":{"line":76,"column":0},"end":{"line":76,"column":50}},"76":{"start":{"line":77,"column":0},"end":{"line":77,"column":105}},"77":{"start":{"line":78,"column":0},"end":{"line":78,"column":156}},"78":{"start":{"line":79,"column":0},"end":{"line":79,"column":3}},"80":{"start":{"line":81,"column":0},"end":{"line":81,"column":3}},"81":{"start":{"line":82,"column":0},"end":{"line":82,"column":57}},"82":{"start":{"line":83,"column":0},"end":{"line":83,"column":2}},"83":{"start":{"line":84,"column":0},"end":{"line":84,"column":44}},"84":{"start":{"line":85,"column":0},"end":{"line":85,"column":25}},"85":{"start":{"line":86,"column":0},"end":{"line":86,"column":21}},"86":{"start":{"line":87,"column":0},"end":{"line":87,"column":17}},"87":{"start":{"line":88,"column":0},"end":{"line":88,"column":20}},"88":{"start":{"line":89,"column":0},"end":{"line":89,"column":29}},"89":{"start":{"line":90,"column":0},"end":{"line":90,"column":2}},"90":{"start":{"line":91,"column":0},"end":{"line":91,"column":85}},"91":{"start":{"line":92,"column":0},"end":{"line":92,"column":60}},"92":{"start":{"line":93,"column":0},"end":{"line":93,"column":3}},"93":{"start":{"line":94,"column":0},"end":{"line":94,"column":43}},"94":{"start":{"line":95,"column":0},"end":{"line":95,"column":48}},"95":{"start":{"line":96,"column":0},"end":{"line":96,"column":39}},"96":{"start":{"line":97,"column":0},"end":{"line":97,"column":65}},"97":{"start":{"line":98,"column":0},"end":{"line":98,"column":49}},"98":{"start":{"line":99,"column":0},"end":{"line":99,"column":35}},"99":{"start":{"line":100,"column":0},"end":{"line":100,"column":3}},"101":{"start":{"line":102,"column":0},"end":{"line":102,"column":50}},"102":{"start":{"line":103,"column":0},"end":{"line":103,"column":74}},"104":{"start":{"line":105,"column":0},"end":{"line":105,"column":47}},"105":{"start":{"line":106,"column":0},"end":{"line":106,"column":70}},"107":{"start":{"line":108,"column":0},"end":{"line":108,"column":67}},"108":{"start":{"line":109,"column":0},"end":{"line":109,"column":32}},"109":{"start":{"line":110,"column":0},"end":{"line":110,"column":12}},"110":{"start":{"line":111,"column":0},"end":{"line":111,"column":65}},"111":{"start":{"line":112,"column":0},"end":{"line":112,"column":2}},"113":{"start":{"line":114,"column":0},"end":{"line":114,"column":71}},"114":{"start":{"line":115,"column":0},"end":{"line":115,"column":31}},"115":{"start":{"line":116,"column":0},"end":{"line":116,"column":11}},"116":{"start":{"line":117,"column":0},"end":{"line":117,"column":75}},"117":{"start":{"line":118,"column":0},"end":{"line":118,"column":2}},"119":{"start":{"line":120,"column":0},"end":{"line":120,"column":62}},"120":{"start":{"line":121,"column":0},"end":{"line":121,"column":73}},"122":{"start":{"line":123,"column":0},"end":{"line":123,"column":66}},"123":{"start":{"line":124,"column":0},"end":{"line":124,"column":37}},"124":{"start":{"line":125,"column":0},"end":{"line":125,"column":78}},"126":{"start":{"line":127,"column":0},"end":{"line":127,"column":37}},"127":{"start":{"line":128,"column":0},"end":{"line":128,"column":38}},"128":{"start":{"line":129,"column":0},"end":{"line":129,"column":14}},"129":{"start":{"line":130,"column":0},"end":{"line":130,"column":20}},"130":{"start":{"line":131,"column":0},"end":{"line":131,"column":18}},"131":{"start":{"line":132,"column":0},"end":{"line":132,"column":11}},"132":{"start":{"line":133,"column":0},"end":{"line":133,"column":10}},"133":{"start":{"line":134,"column":0},"end":{"line":134,"column":23}},"134":{"start":{"line":135,"column":0},"end":{"line":135,"column":2}},"136":{"start":{"line":137,"column":0},"end":{"line":137,"column":39}},"137":{"start":{"line":138,"column":0},"end":{"line":138,"column":81}},"139":{"start":{"line":140,"column":0},"end":{"line":140,"column":33}},"140":{"start":{"line":141,"column":0},"end":{"line":141,"column":1}},"142":{"start":{"line":143,"column":0},"end":{"line":143,"column":3}},"143":{"start":{"line":144,"column":0},"end":{"line":144,"column":73}},"144":{"start":{"line":145,"column":0},"end":{"line":145,"column":58}},"145":{"start":{"line":146,"column":0},"end":{"line":146,"column":2}},"146":{"start":{"line":147,"column":0},"end":{"line":147,"column":77}},"147":{"start":{"line":148,"column":0},"end":{"line":148,"column":30}},"148":{"start":{"line":149,"column":0},"end":{"line":149,"column":3}},"149":{"start":{"line":150,"column":0},"end":{"line":150,"column":43}},"150":{"start":{"line":151,"column":0},"end":{"line":151,"column":63}},"152":{"start":{"line":153,"column":0},"end":{"line":153,"column":27}},"153":{"start":{"line":154,"column":0},"end":{"line":154,"column":27}},"154":{"start":{"line":155,"column":0},"end":{"line":155,"column":44}},"155":{"start":{"line":156,"column":0},"end":{"line":156,"column":27}},"156":{"start":{"line":157,"column":0},"end":{"line":157,"column":4}},"158":{"start":{"line":159,"column":0},"end":{"line":159,"column":9}},"159":{"start":{"line":160,"column":0},"end":{"line":160,"column":53}},"160":{"start":{"line":161,"column":0},"end":{"line":161,"column":71}},"161":{"start":{"line":162,"column":0},"end":{"line":162,"column":63}},"162":{"start":{"line":163,"column":0},"end":{"line":163,"column":81}},"163":{"start":{"line":164,"column":0},"end":{"line":164,"column":81}},"164":{"start":{"line":165,"column":0},"end":{"line":165,"column":77}},"165":{"start":{"line":166,"column":0},"end":{"line":166,"column":71}},"166":{"start":{"line":167,"column":0},"end":{"line":167,"column":81}},"167":{"start":{"line":168,"column":0},"end":{"line":168,"column":69}},"168":{"start":{"line":169,"column":0},"end":{"line":169,"column":97}},"169":{"start":{"line":170,"column":0},"end":{"line":170,"column":30}},"170":{"start":{"line":171,"column":0},"end":{"line":171,"column":71}},"171":{"start":{"line":172,"column":0},"end":{"line":172,"column":64}},"172":{"start":{"line":173,"column":0},"end":{"line":173,"column":64}},"173":{"start":{"line":174,"column":0},"end":{"line":174,"column":73}},"174":{"start":{"line":175,"column":0},"end":{"line":175,"column":57}},"175":{"start":{"line":176,"column":0},"end":{"line":176,"column":8}},"176":{"start":{"line":177,"column":0},"end":{"line":177,"column":46}},"177":{"start":{"line":178,"column":0},"end":{"line":178,"column":16}},"178":{"start":{"line":179,"column":0},"end":{"line":179,"column":58}},"179":{"start":{"line":180,"column":0},"end":{"line":180,"column":27}},"180":{"start":{"line":181,"column":0},"end":{"line":181,"column":11}},"181":{"start":{"line":182,"column":0},"end":{"line":182,"column":4}},"182":{"start":{"line":183,"column":0},"end":{"line":183,"column":4}},"183":{"start":{"line":184,"column":0},"end":{"line":184,"column":35}},"184":{"start":{"line":185,"column":0},"end":{"line":185,"column":11}},"185":{"start":{"line":186,"column":0},"end":{"line":186,"column":11}},"186":{"start":{"line":187,"column":0},"end":{"line":187,"column":80}},"187":{"start":{"line":188,"column":0},"end":{"line":188,"column":79}},"188":{"start":{"line":189,"column":0},"end":{"line":189,"column":87}},"189":{"start":{"line":190,"column":0},"end":{"line":190,"column":16}},"190":{"start":{"line":191,"column":0},"end":{"line":191,"column":143}},"191":{"start":{"line":192,"column":0},"end":{"line":192,"column":5}},"192":{"start":{"line":193,"column":0},"end":{"line":193,"column":4}},"193":{"start":{"line":194,"column":0},"end":{"line":194,"column":2}},"194":{"start":{"line":195,"column":0},"end":{"line":195,"column":1}},"196":{"start":{"line":197,"column":0},"end":{"line":197,"column":3}},"197":{"start":{"line":198,"column":0},"end":{"line":198,"column":60}},"198":{"start":{"line":199,"column":0},"end":{"line":199,"column":2}},"199":{"start":{"line":200,"column":0},"end":{"line":200,"column":80}},"200":{"start":{"line":201,"column":0},"end":{"line":201,"column":79}},"201":{"start":{"line":202,"column":0},"end":{"line":202,"column":14}},"202":{"start":{"line":203,"column":0},"end":{"line":203,"column":2}},"203":{"start":{"line":204,"column":0},"end":{"line":204,"column":22}},"204":{"start":{"line":205,"column":0},"end":{"line":205,"column":80}},"205":{"start":{"line":206,"column":0},"end":{"line":206,"column":79}},"206":{"start":{"line":207,"column":0},"end":{"line":207,"column":82}},"207":{"start":{"line":208,"column":0},"end":{"line":208,"column":53}},"208":{"start":{"line":209,"column":0},"end":{"line":209,"column":2}},"209":{"start":{"line":210,"column":0},"end":{"line":210,"column":11}},"210":{"start":{"line":211,"column":0},"end":{"line":211,"column":16}},"211":{"start":{"line":212,"column":0},"end":{"line":212,"column":66}},"212":{"start":{"line":213,"column":0},"end":{"line":213,"column":2}},"213":{"start":{"line":214,"column":0},"end":{"line":214,"column":40}},"214":{"start":{"line":215,"column":0},"end":{"line":215,"column":38}},"215":{"start":{"line":216,"column":0},"end":{"line":216,"column":2}},"216":{"start":{"line":217,"column":0},"end":{"line":217,"column":20}},"217":{"start":{"line":218,"column":0},"end":{"line":218,"column":23}},"218":{"start":{"line":219,"column":0},"end":{"line":219,"column":2}},"219":{"start":{"line":220,"column":0},"end":{"line":220,"column":29}},"220":{"start":{"line":221,"column":0},"end":{"line":221,"column":52}},"221":{"start":{"line":222,"column":0},"end":{"line":222,"column":44}},"222":{"start":{"line":223,"column":0},"end":{"line":223,"column":58}},"223":{"start":{"line":224,"column":0},"end":{"line":224,"column":5}},"224":{"start":{"line":225,"column":0},"end":{"line":225,"column":2}},"225":{"start":{"line":226,"column":0},"end":{"line":226,"column":30}},"226":{"start":{"line":227,"column":0},"end":{"line":227,"column":32}},"227":{"start":{"line":228,"column":0},"end":{"line":228,"column":59}},"228":{"start":{"line":229,"column":0},"end":{"line":229,"column":34}},"229":{"start":{"line":230,"column":0},"end":{"line":230,"column":5}},"230":{"start":{"line":231,"column":0},"end":{"line":231,"column":2}},"231":{"start":{"line":232,"column":0},"end":{"line":232,"column":22}},"232":{"start":{"line":233,"column":0},"end":{"line":233,"column":49}},"233":{"start":{"line":234,"column":0},"end":{"line":234,"column":26}},"234":{"start":{"line":235,"column":0},"end":{"line":235,"column":44}},"235":{"start":{"line":236,"column":0},"end":{"line":236,"column":2}},"236":{"start":{"line":237,"column":0},"end":{"line":237,"column":46}},"237":{"start":{"line":238,"column":0},"end":{"line":238,"column":57}},"238":{"start":{"line":239,"column":0},"end":{"line":239,"column":30}},"239":{"start":{"line":240,"column":0},"end":{"line":240,"column":51}},"240":{"start":{"line":241,"column":0},"end":{"line":241,"column":45}},"241":{"start":{"line":242,"column":0},"end":{"line":242,"column":7}},"242":{"start":{"line":243,"column":0},"end":{"line":243,"column":4}},"243":{"start":{"line":244,"column":0},"end":{"line":244,"column":2}},"244":{"start":{"line":245,"column":0},"end":{"line":245,"column":24}},"245":{"start":{"line":246,"column":0},"end":{"line":246,"column":25}},"246":{"start":{"line":247,"column":0},"end":{"line":247,"column":6}},"247":{"start":{"line":248,"column":0},"end":{"line":248,"column":2}},"248":{"start":{"line":249,"column":0},"end":{"line":249,"column":11}},"249":{"start":{"line":250,"column":0},"end":{"line":250,"column":16}},"250":{"start":{"line":251,"column":0},"end":{"line":251,"column":29}},"251":{"start":{"line":252,"column":0},"end":{"line":252,"column":38}},"252":{"start":{"line":253,"column":0},"end":{"line":253,"column":12}},"253":{"start":{"line":254,"column":0},"end":{"line":254,"column":52}},"254":{"start":{"line":255,"column":0},"end":{"line":255,"column":29}},"255":{"start":{"line":256,"column":0},"end":{"line":256,"column":6}},"256":{"start":{"line":257,"column":0},"end":{"line":257,"column":5}},"257":{"start":{"line":258,"column":0},"end":{"line":258,"column":6}},"258":{"start":{"line":259,"column":0},"end":{"line":259,"column":2}},"259":{"start":{"line":260,"column":0},"end":{"line":260,"column":85}},"260":{"start":{"line":261,"column":0},"end":{"line":261,"column":30}},"261":{"start":{"line":262,"column":0},"end":{"line":262,"column":3}},"262":{"start":{"line":263,"column":0},"end":{"line":263,"column":53}},"263":{"start":{"line":264,"column":0},"end":{"line":264,"column":34}},"264":{"start":{"line":265,"column":0},"end":{"line":265,"column":39}},"266":{"start":{"line":267,"column":0},"end":{"line":267,"column":51}},"267":{"start":{"line":268,"column":0},"end":{"line":268,"column":50}},"269":{"start":{"line":270,"column":0},"end":{"line":270,"column":4}},"270":{"start":{"line":271,"column":0},"end":{"line":271,"column":60}},"271":{"start":{"line":272,"column":0},"end":{"line":272,"column":15}},"272":{"start":{"line":273,"column":0},"end":{"line":273,"column":15}},"273":{"start":{"line":274,"column":0},"end":{"line":274,"column":60}},"274":{"start":{"line":275,"column":0},"end":{"line":275,"column":25}},"275":{"start":{"line":276,"column":0},"end":{"line":276,"column":4}},"276":{"start":{"line":277,"column":0},"end":{"line":277,"column":38}},"277":{"start":{"line":278,"column":0},"end":{"line":278,"column":42}},"278":{"start":{"line":279,"column":0},"end":{"line":279,"column":2}},"280":{"start":{"line":281,"column":0},"end":{"line":281,"column":4}},"281":{"start":{"line":282,"column":0},"end":{"line":282,"column":64}},"282":{"start":{"line":283,"column":0},"end":{"line":283,"column":15}},"283":{"start":{"line":284,"column":0},"end":{"line":284,"column":15}},"284":{"start":{"line":285,"column":0},"end":{"line":285,"column":94}},"285":{"start":{"line":286,"column":0},"end":{"line":286,"column":55}},"286":{"start":{"line":287,"column":0},"end":{"line":287,"column":4}},"287":{"start":{"line":288,"column":0},"end":{"line":288,"column":27}},"288":{"start":{"line":289,"column":0},"end":{"line":289,"column":27}},"289":{"start":{"line":290,"column":0},"end":{"line":290,"column":44}},"290":{"start":{"line":291,"column":0},"end":{"line":291,"column":27}},"291":{"start":{"line":292,"column":0},"end":{"line":292,"column":4}},"293":{"start":{"line":294,"column":0},"end":{"line":294,"column":9}},"294":{"start":{"line":295,"column":0},"end":{"line":295,"column":53}},"296":{"start":{"line":297,"column":0},"end":{"line":297,"column":71}},"298":{"start":{"line":299,"column":0},"end":{"line":299,"column":63}},"300":{"start":{"line":301,"column":0},"end":{"line":301,"column":29}},"301":{"start":{"line":302,"column":0},"end":{"line":302,"column":54}},"303":{"start":{"line":304,"column":0},"end":{"line":304,"column":29}},"304":{"start":{"line":305,"column":0},"end":{"line":305,"column":54}},"306":{"start":{"line":307,"column":0},"end":{"line":307,"column":25}},"307":{"start":{"line":308,"column":0},"end":{"line":308,"column":54}},"309":{"start":{"line":310,"column":0},"end":{"line":310,"column":22}},"310":{"start":{"line":311,"column":0},"end":{"line":311,"column":51}},"312":{"start":{"line":313,"column":0},"end":{"line":313,"column":27}},"313":{"start":{"line":314,"column":0},"end":{"line":314,"column":56}},"315":{"start":{"line":316,"column":0},"end":{"line":316,"column":21}},"316":{"start":{"line":317,"column":0},"end":{"line":317,"column":50}},"318":{"start":{"line":319,"column":0},"end":{"line":319,"column":35}},"319":{"start":{"line":320,"column":0},"end":{"line":320,"column":64}},"321":{"start":{"line":322,"column":0},"end":{"line":322,"column":25}},"322":{"start":{"line":323,"column":0},"end":{"line":323,"column":62}},"323":{"start":{"line":324,"column":0},"end":{"line":324,"column":39}},"324":{"start":{"line":325,"column":0},"end":{"line":325,"column":35}},"325":{"start":{"line":326,"column":0},"end":{"line":326,"column":4}},"327":{"start":{"line":328,"column":0},"end":{"line":328,"column":64}},"328":{"start":{"line":329,"column":0},"end":{"line":329,"column":64}},"330":{"start":{"line":331,"column":0},"end":{"line":331,"column":67}},"331":{"start":{"line":332,"column":0},"end":{"line":332,"column":73}},"333":{"start":{"line":334,"column":0},"end":{"line":334,"column":56}},"334":{"start":{"line":335,"column":0},"end":{"line":335,"column":57}},"336":{"start":{"line":337,"column":0},"end":{"line":337,"column":62}},"337":{"start":{"line":338,"column":0},"end":{"line":338,"column":8}},"338":{"start":{"line":339,"column":0},"end":{"line":339,"column":46}},"339":{"start":{"line":340,"column":0},"end":{"line":340,"column":16}},"340":{"start":{"line":341,"column":0},"end":{"line":341,"column":58}},"341":{"start":{"line":342,"column":0},"end":{"line":342,"column":27}},"342":{"start":{"line":343,"column":0},"end":{"line":343,"column":11}},"343":{"start":{"line":344,"column":0},"end":{"line":344,"column":4}},"344":{"start":{"line":345,"column":0},"end":{"line":345,"column":4}},"346":{"start":{"line":347,"column":0},"end":{"line":347,"column":42}},"348":{"start":{"line":349,"column":0},"end":{"line":349,"column":11}},"349":{"start":{"line":350,"column":0},"end":{"line":350,"column":27}},"350":{"start":{"line":351,"column":0},"end":{"line":351,"column":9}},"351":{"start":{"line":352,"column":0},"end":{"line":352,"column":4}},"352":{"start":{"line":353,"column":0},"end":{"line":353,"column":2}},"353":{"start":{"line":354,"column":0},"end":{"line":354,"column":1}}},"s":{"0":1,"1":1,"2":1,"3":1,"5":1,"6":1,"8":1,"9":1,"10":1,"11":1,"12":1,"13":1,"14":1,"15":1,"16":1,"17":1,"18":1,"19":1,"20":1,"21":1,"22":1,"23":1,"24":1,"25":1,"26":1,"28":1,"29":1,"30":1,"31":1,"32":1,"33":1,"34":1,"35":0,"36":0,"37":0,"39":0,"40":0,"41":0,"43":0,"44":0,"45":0,"46":0,"47":0,"49":0,"50":0,"51":1,"52":1,"53":1,"54":1,"55":1,"56":1,"57":1,"58":1,"59":1,"61":1,"62":1,"63":1,"64":1,"65":1,"66":1,"67":1,"68":1,"69":1,"70":1,"71":1,"72":1,"73":1,"74":1,"75":1,"76":1,"77":1,"78":1,"80":1,"81":1,"82":1,"83":1,"84":1,"85":1,"86":1,"87":1,"88":1,"89":1,"90":1,"91":1,"92":1,"93":1,"94":0,"95":0,"96":0,"97":0,"98":0,"99":0,"101":0,"102":0,"104":0,"105":0,"107":0,"108":0,"109":0,"110":0,"111":0,"113":0,"114":0,"115":0,"116":0,"117":0,"119":0,"120":0,"122":0,"123":0,"124":0,"126":0,"127":0,"128":0,"129":0,"130":0,"131":0,"132":0,"133":0,"134":0,"136":0,"137":0,"139":0,"140":0,"142":1,"143":1,"144":1,"145":1,"146":1,"147":1,"148":1,"149":1,"150":0,"152":0,"153":0,"154":0,"155":0,"156":0,"158":0,"159":0,"160":0,"161":0,"162":0,"163":0,"164":0,"165":0,"166":0,"167":0,"168":0,"169":0,"170":0,"171":0,"172":0,"173":0,"174":0,"175":0,"176":0,"177":0,"178":0,"179":0,"180":0,"181":0,"182":0,"183":0,"184":0,"185":0,"186":0,"187":0,"188":0,"189":0,"190":0,"191":0,"192":0,"193":0,"194":0,"196":1,"197":1,"198":1,"199":1,"200":1,"201":1,"202":1,"203":1,"204":1,"205":1,"206":1,"207":1,"208":1,"209":1,"210":1,"211":1,"212":1,"213":1,"214":1,"215":1,"216":1,"217":1,"218":1,"219":1,"220":1,"221":1,"222":1,"223":1,"224":1,"225":1,"226":1,"227":1,"228":1,"229":1,"230":1,"231":1,"232":1,"233":1,"234":1,"235":1,"236":1,"237":1,"238":1,"239":1,"240":1,"241":1,"242":1,"243":1,"244":1,"245":1,"246":1,"247":1,"248":1,"249":1,"250":1,"251":1,"252":1,"253":1,"254":1,"255":1,"256":1,"257":1,"258":1,"259":1,"260":1,"261":1,"262":1,"263":0,"264":0,"266":0,"267":0,"269":0,"270":0,"271":0,"272":0,"273":0,"274":0,"275":0,"276":0,"277":0,"278":0,"280":0,"281":0,"282":0,"283":0,"284":0,"285":0,"286":0,"287":0,"288":0,"289":0,"290":0,"291":0,"293":0,"294":0,"296":0,"298":0,"300":0,"301":0,"303":0,"304":0,"306":0,"307":0,"309":0,"310":0,"312":0,"313":0,"315":0,"316":0,"318":0,"319":0,"321":0,"322":0,"323":0,"324":0,"325":0,"327":0,"328":0,"330":0,"331":0,"333":0,"334":0,"336":0,"337":0,"338":0,"339":0,"340":0,"341":0,"342":0,"343":0,"344":0,"346":0,"348":0,"349":0,"350":0,"351":0,"352":0,"353":0},"branchMap":{},"b":{},"fnMap":{"0":{"name":"validateMemoryClientShape","decl":{"start":{"line":35,"column":34},"end":{"line":51,"column":1}},"loc":{"start":{"line":35,"column":34},"end":{"line":51,"column":1}},"line":35},"1":{"name":"createFullLayer","decl":{"start":{"line":94,"column":24},"end":{"line":141,"column":1}},"loc":{"start":{"line":94,"column":24},"end":{"line":141,"column":1}},"line":94},"2":{"name":"createDeepCopyClient","decl":{"start":{"line":150,"column":29},"end":{"line":195,"column":1}},"loc":{"start":{"line":150,"column":29},"end":{"line":195,"column":1}},"line":150},"3":{"name":"createMemoryClient","decl":{"start":{"line":263,"column":34},"end":{"line":354,"column":1}},"loc":{"start":{"line":263,"column":34},"end":{"line":354,"column":1}},"line":263}},"f":{"0":0,"1":0,"2":0,"3":0}}
}
