{"/Users/colinnielsen/code/tevm-monorepo/packages/memory-client-effect/src/MemoryClientLive.js": {"path":"/Users/colinnielsen/code/tevm-monorepo/packages/memory-client-effect/src/MemoryClientLive.js","all":false,"statementMap":{"0":{"start":{"line":1,"column":0},"end":{"line":1,"column":3}},"1":{"start":{"line":2,"column":0},"end":{"line":2,"column":54}},"2":{"start":{"line":3,"column":0},"end":{"line":3,"column":58}},"3":{"start":{"line":4,"column":0},"end":{"line":4,"column":3}},"5":{"start":{"line":6,"column":0},"end":{"line":6,"column":43}},"6":{"start":{"line":7,"column":0},"end":{"line":7,"column":62}},"7":{"start":{"line":8,"column":0},"end":{"line":8,"column":56}},"8":{"start":{"line":9,"column":0},"end":{"line":9,"column":43}},"9":{"start":{"line":10,"column":0},"end":{"line":10,"column":51}},"10":{"start":{"line":11,"column":0},"end":{"line":11,"column":79}},"11":{"start":{"line":12,"column":0},"end":{"line":12,"column":62}},"12":{"start":{"line":13,"column":0},"end":{"line":13,"column":51}},"13":{"start":{"line":14,"column":0},"end":{"line":14,"column":71}},"15":{"start":{"line":16,"column":0},"end":{"line":16,"column":3}},"16":{"start":{"line":17,"column":0},"end":{"line":17,"column":44}},"17":{"start":{"line":18,"column":0},"end":{"line":18,"column":47}},"18":{"start":{"line":19,"column":0},"end":{"line":19,"column":57}},"19":{"start":{"line":20,"column":0},"end":{"line":20,"column":3}},"20":{"start":{"line":21,"column":0},"end":{"line":21,"column":47}},"21":{"start":{"line":22,"column":0},"end":{"line":22,"column":64}},"22":{"start":{"line":23,"column":0},"end":{"line":23,"column":40}},"23":{"start":{"line":24,"column":0},"end":{"line":24,"column":1}},"25":{"start":{"line":26,"column":0},"end":{"line":26,"column":3}},"26":{"start":{"line":27,"column":0},"end":{"line":27,"column":32}},"27":{"start":{"line":28,"column":0},"end":{"line":28,"column":26}},"28":{"start":{"line":29,"column":0},"end":{"line":29,"column":21}},"29":{"start":{"line":30,"column":0},"end":{"line":30,"column":3}},"30":{"start":{"line":31,"column":0},"end":{"line":31,"column":37}},"31":{"start":{"line":32,"column":0},"end":{"line":32,"column":43}},"32":{"start":{"line":33,"column":0},"end":{"line":33,"column":1}},"34":{"start":{"line":35,"column":0},"end":{"line":35,"column":3}},"35":{"start":{"line":36,"column":0},"end":{"line":36,"column":70}},"36":{"start":{"line":37,"column":0},"end":{"line":37,"column":67}},"37":{"start":{"line":38,"column":0},"end":{"line":38,"column":56}},"38":{"start":{"line":39,"column":0},"end":{"line":39,"column":3}},"39":{"start":{"line":40,"column":0},"end":{"line":40,"column":54}},"41":{"start":{"line":42,"column":0},"end":{"line":42,"column":3}},"42":{"start":{"line":43,"column":0},"end":{"line":43,"column":67}},"43":{"start":{"line":44,"column":0},"end":{"line":44,"column":28}},"44":{"start":{"line":45,"column":0},"end":{"line":45,"column":38}},"45":{"start":{"line":46,"column":0},"end":{"line":46,"column":3}},"46":{"start":{"line":47,"column":0},"end":{"line":47,"column":31}},"47":{"start":{"line":48,"column":0},"end":{"line":48,"column":116}},"48":{"start":{"line":49,"column":0},"end":{"line":49,"column":15}},"49":{"start":{"line":50,"column":0},"end":{"line":50,"column":41}},"50":{"start":{"line":51,"column":0},"end":{"line":51,"column":71}},"51":{"start":{"line":52,"column":0},"end":{"line":52,"column":2}},"52":{"start":{"line":53,"column":0},"end":{"line":53,"column":53}},"53":{"start":{"line":54,"column":0},"end":{"line":54,"column":1}},"55":{"start":{"line":56,"column":0},"end":{"line":56,"column":3}},"56":{"start":{"line":57,"column":0},"end":{"line":57,"column":35}},"57":{"start":{"line":58,"column":0},"end":{"line":58,"column":263}},"58":{"start":{"line":59,"column":0},"end":{"line":59,"column":263}},"59":{"start":{"line":60,"column":0},"end":{"line":60,"column":221}},"60":{"start":{"line":61,"column":0},"end":{"line":61,"column":233}},"61":{"start":{"line":62,"column":0},"end":{"line":62,"column":243}},"62":{"start":{"line":63,"column":0},"end":{"line":63,"column":3}},"64":{"start":{"line":65,"column":0},"end":{"line":65,"column":3}},"65":{"start":{"line":66,"column":0},"end":{"line":66,"column":73}},"66":{"start":{"line":67,"column":0},"end":{"line":67,"column":76}},"67":{"start":{"line":68,"column":0},"end":{"line":68,"column":2}},"68":{"start":{"line":69,"column":0},"end":{"line":69,"column":71}},"69":{"start":{"line":70,"column":0},"end":{"line":70,"column":59}},"70":{"start":{"line":71,"column":0},"end":{"line":71,"column":3}},"71":{"start":{"line":72,"column":0},"end":{"line":72,"column":48}},"72":{"start":{"line":73,"column":0},"end":{"line":73,"column":9}},"73":{"start":{"line":74,"column":0},"end":{"line":74,"column":5}},"74":{"start":{"line":75,"column":0},"end":{"line":75,"column":63}},"75":{"start":{"line":76,"column":0},"end":{"line":76,"column":68}},"76":{"start":{"line":77,"column":0},"end":{"line":77,"column":192}},"77":{"start":{"line":78,"column":0},"end":{"line":78,"column":5}},"78":{"start":{"line":79,"column":0},"end":{"line":79,"column":25}},"79":{"start":{"line":80,"column":0},"end":{"line":80,"column":28}},"80":{"start":{"line":81,"column":0},"end":{"line":81,"column":23}},"81":{"start":{"line":82,"column":0},"end":{"line":82,"column":61}},"82":{"start":{"line":83,"column":0},"end":{"line":83,"column":31}},"83":{"start":{"line":84,"column":0},"end":{"line":84,"column":30}},"84":{"start":{"line":85,"column":0},"end":{"line":85,"column":28}},"85":{"start":{"line":86,"column":0},"end":{"line":86,"column":14}},"86":{"start":{"line":87,"column":0},"end":{"line":87,"column":53}},"87":{"start":{"line":88,"column":0},"end":{"line":88,"column":8}},"88":{"start":{"line":89,"column":0},"end":{"line":89,"column":6}},"89":{"start":{"line":90,"column":0},"end":{"line":90,"column":5}},"91":{"start":{"line":92,"column":0},"end":{"line":92,"column":51}},"92":{"start":{"line":93,"column":0},"end":{"line":93,"column":65}},"93":{"start":{"line":94,"column":0},"end":{"line":94,"column":18}},"94":{"start":{"line":95,"column":0},"end":{"line":95,"column":25}},"95":{"start":{"line":96,"column":0},"end":{"line":96,"column":138}},"96":{"start":{"line":97,"column":0},"end":{"line":97,"column":97}},"97":{"start":{"line":98,"column":0},"end":{"line":98,"column":9}},"98":{"start":{"line":99,"column":0},"end":{"line":99,"column":6}},"100":{"start":{"line":101,"column":0},"end":{"line":101,"column":70}},"101":{"start":{"line":102,"column":0},"end":{"line":102,"column":21}},"102":{"start":{"line":103,"column":0},"end":{"line":103,"column":12}},"103":{"start":{"line":104,"column":0},"end":{"line":104,"column":26}},"104":{"start":{"line":105,"column":0},"end":{"line":105,"column":136}},"105":{"start":{"line":106,"column":0},"end":{"line":106,"column":98}},"106":{"start":{"line":107,"column":0},"end":{"line":107,"column":9}},"107":{"start":{"line":108,"column":0},"end":{"line":108,"column":6}},"108":{"start":{"line":109,"column":0},"end":{"line":109,"column":5}},"110":{"start":{"line":111,"column":0},"end":{"line":111,"column":64}},"111":{"start":{"line":112,"column":0},"end":{"line":112,"column":21}},"112":{"start":{"line":113,"column":0},"end":{"line":113,"column":12}},"113":{"start":{"line":114,"column":0},"end":{"line":114,"column":26}},"114":{"start":{"line":115,"column":0},"end":{"line":115,"column":133}},"115":{"start":{"line":116,"column":0},"end":{"line":116,"column":98}},"116":{"start":{"line":117,"column":0},"end":{"line":117,"column":9}},"117":{"start":{"line":118,"column":0},"end":{"line":118,"column":6}},"118":{"start":{"line":119,"column":0},"end":{"line":119,"column":5}},"120":{"start":{"line":121,"column":0},"end":{"line":121,"column":38}},"121":{"start":{"line":122,"column":0},"end":{"line":122,"column":42}},"122":{"start":{"line":123,"column":0},"end":{"line":123,"column":136}},"123":{"start":{"line":124,"column":0},"end":{"line":124,"column":130}},"125":{"start":{"line":126,"column":0},"end":{"line":126,"column":12}},"126":{"start":{"line":127,"column":0},"end":{"line":127,"column":89}},"127":{"start":{"line":128,"column":0},"end":{"line":128,"column":11}},"128":{"start":{"line":129,"column":0},"end":{"line":129,"column":13}},"129":{"start":{"line":130,"column":0},"end":{"line":130,"column":40}},"130":{"start":{"line":131,"column":0},"end":{"line":131,"column":72}},"131":{"start":{"line":132,"column":0},"end":{"line":132,"column":66}},"132":{"start":{"line":133,"column":0},"end":{"line":133,"column":33}},"133":{"start":{"line":134,"column":0},"end":{"line":134,"column":66}},"134":{"start":{"line":135,"column":0},"end":{"line":135,"column":5}},"135":{"start":{"line":136,"column":0},"end":{"line":136,"column":6}},"137":{"start":{"line":138,"column":0},"end":{"line":138,"column":5}},"138":{"start":{"line":139,"column":0},"end":{"line":139,"column":63}},"139":{"start":{"line":140,"column":0},"end":{"line":140,"column":68}},"140":{"start":{"line":141,"column":0},"end":{"line":141,"column":192}},"141":{"start":{"line":142,"column":0},"end":{"line":142,"column":5}},"142":{"start":{"line":143,"column":0},"end":{"line":143,"column":25}},"143":{"start":{"line":144,"column":0},"end":{"line":144,"column":28}},"144":{"start":{"line":145,"column":0},"end":{"line":145,"column":23}},"145":{"start":{"line":146,"column":0},"end":{"line":146,"column":61}},"146":{"start":{"line":147,"column":0},"end":{"line":147,"column":31}},"147":{"start":{"line":148,"column":0},"end":{"line":148,"column":30}},"148":{"start":{"line":149,"column":0},"end":{"line":149,"column":28}},"149":{"start":{"line":150,"column":0},"end":{"line":150,"column":14}},"150":{"start":{"line":151,"column":0},"end":{"line":151,"column":53}},"151":{"start":{"line":152,"column":0},"end":{"line":152,"column":8}},"152":{"start":{"line":153,"column":0},"end":{"line":153,"column":6}},"153":{"start":{"line":154,"column":0},"end":{"line":154,"column":5}},"155":{"start":{"line":156,"column":0},"end":{"line":156,"column":51}},"156":{"start":{"line":157,"column":0},"end":{"line":157,"column":65}},"157":{"start":{"line":158,"column":0},"end":{"line":158,"column":18}},"158":{"start":{"line":159,"column":0},"end":{"line":159,"column":25}},"159":{"start":{"line":160,"column":0},"end":{"line":160,"column":138}},"160":{"start":{"line":161,"column":0},"end":{"line":161,"column":97}},"161":{"start":{"line":162,"column":0},"end":{"line":162,"column":9}},"162":{"start":{"line":163,"column":0},"end":{"line":163,"column":6}},"163":{"start":{"line":164,"column":0},"end":{"line":164,"column":50}},"164":{"start":{"line":165,"column":0},"end":{"line":165,"column":43}},"165":{"start":{"line":166,"column":0},"end":{"line":166,"column":18}},"166":{"start":{"line":167,"column":0},"end":{"line":167,"column":25}},"167":{"start":{"line":168,"column":0},"end":{"line":168,"column":147}},"168":{"start":{"line":169,"column":0},"end":{"line":169,"column":97}},"169":{"start":{"line":170,"column":0},"end":{"line":170,"column":9}},"170":{"start":{"line":171,"column":0},"end":{"line":171,"column":6}},"172":{"start":{"line":173,"column":0},"end":{"line":173,"column":56}},"173":{"start":{"line":174,"column":0},"end":{"line":174,"column":42}},"174":{"start":{"line":175,"column":0},"end":{"line":175,"column":21}},"175":{"start":{"line":176,"column":0},"end":{"line":176,"column":12}},"176":{"start":{"line":177,"column":0},"end":{"line":177,"column":26}},"177":{"start":{"line":178,"column":0},"end":{"line":178,"column":135}},"178":{"start":{"line":179,"column":0},"end":{"line":179,"column":98}},"179":{"start":{"line":180,"column":0},"end":{"line":180,"column":9}},"180":{"start":{"line":181,"column":0},"end":{"line":181,"column":6}},"181":{"start":{"line":182,"column":0},"end":{"line":182,"column":5}},"183":{"start":{"line":184,"column":0},"end":{"line":184,"column":78}},"184":{"start":{"line":185,"column":0},"end":{"line":185,"column":83}},"185":{"start":{"line":186,"column":0},"end":{"line":186,"column":52}},"186":{"start":{"line":187,"column":0},"end":{"line":187,"column":105}},"187":{"start":{"line":188,"column":0},"end":{"line":188,"column":95}},"188":{"start":{"line":189,"column":0},"end":{"line":189,"column":64}},"189":{"start":{"line":190,"column":0},"end":{"line":190,"column":22}},"190":{"start":{"line":191,"column":0},"end":{"line":191,"column":13}},"191":{"start":{"line":192,"column":0},"end":{"line":192,"column":27}},"192":{"start":{"line":193,"column":0},"end":{"line":193,"column":137}},"193":{"start":{"line":194,"column":0},"end":{"line":194,"column":99}},"194":{"start":{"line":195,"column":0},"end":{"line":195,"column":10}},"195":{"start":{"line":196,"column":0},"end":{"line":196,"column":7}},"196":{"start":{"line":197,"column":0},"end":{"line":197,"column":6}},"198":{"start":{"line":199,"column":0},"end":{"line":199,"column":28}},"199":{"start":{"line":200,"column":0},"end":{"line":200,"column":35}},"200":{"start":{"line":201,"column":0},"end":{"line":201,"column":62}},"201":{"start":{"line":202,"column":0},"end":{"line":202,"column":41}},"202":{"start":{"line":203,"column":0},"end":{"line":203,"column":32}},"203":{"start":{"line":204,"column":0},"end":{"line":204,"column":98}},"215":{"start":{"line":216,"column":0},"end":{"line":216,"column":78}},"216":{"start":{"line":217,"column":0},"end":{"line":217,"column":64}},"217":{"start":{"line":218,"column":0},"end":{"line":218,"column":50}},"218":{"start":{"line":219,"column":0},"end":{"line":219,"column":77}},"219":{"start":{"line":220,"column":0},"end":{"line":220,"column":7}},"220":{"start":{"line":221,"column":0},"end":{"line":221,"column":64}},"221":{"start":{"line":222,"column":0},"end":{"line":222,"column":23}},"222":{"start":{"line":223,"column":0},"end":{"line":223,"column":14}},"223":{"start":{"line":224,"column":0},"end":{"line":224,"column":28}},"224":{"start":{"line":225,"column":0},"end":{"line":225,"column":135}},"225":{"start":{"line":226,"column":0},"end":{"line":226,"column":100}},"226":{"start":{"line":227,"column":0},"end":{"line":227,"column":11}},"227":{"start":{"line":228,"column":0},"end":{"line":228,"column":8}},"228":{"start":{"line":229,"column":0},"end":{"line":229,"column":7}},"229":{"start":{"line":230,"column":0},"end":{"line":230,"column":6}},"231":{"start":{"line":232,"column":0},"end":{"line":232,"column":31}},"232":{"start":{"line":233,"column":0},"end":{"line":233,"column":24}},"233":{"start":{"line":234,"column":0},"end":{"line":234,"column":64}},"234":{"start":{"line":235,"column":0},"end":{"line":235,"column":63}},"235":{"start":{"line":236,"column":0},"end":{"line":236,"column":71}},"236":{"start":{"line":237,"column":0},"end":{"line":237,"column":99}},"257":{"start":{"line":258,"column":0},"end":{"line":258,"column":42}},"258":{"start":{"line":259,"column":0},"end":{"line":259,"column":44}},"260":{"start":{"line":261,"column":0},"end":{"line":261,"column":53}},"261":{"start":{"line":262,"column":0},"end":{"line":262,"column":57}},"263":{"start":{"line":264,"column":0},"end":{"line":264,"column":37}},"264":{"start":{"line":265,"column":0},"end":{"line":265,"column":77}},"265":{"start":{"line":266,"column":0},"end":{"line":266,"column":81}},"266":{"start":{"line":267,"column":0},"end":{"line":267,"column":8}},"268":{"start":{"line":269,"column":0},"end":{"line":269,"column":79}},"269":{"start":{"line":270,"column":0},"end":{"line":270,"column":24}},"270":{"start":{"line":271,"column":0},"end":{"line":271,"column":15}},"271":{"start":{"line":272,"column":0},"end":{"line":272,"column":29}},"272":{"start":{"line":273,"column":0},"end":{"line":273,"column":139}},"273":{"start":{"line":274,"column":0},"end":{"line":274,"column":101}},"274":{"start":{"line":275,"column":0},"end":{"line":275,"column":12}},"275":{"start":{"line":276,"column":0},"end":{"line":276,"column":9}},"276":{"start":{"line":277,"column":0},"end":{"line":277,"column":8}},"277":{"start":{"line":278,"column":0},"end":{"line":278,"column":7}},"278":{"start":{"line":279,"column":0},"end":{"line":279,"column":6}},"280":{"start":{"line":281,"column":0},"end":{"line":281,"column":25}},"281":{"start":{"line":282,"column":0},"end":{"line":282,"column":39}},"282":{"start":{"line":283,"column":0},"end":{"line":283,"column":22}},"283":{"start":{"line":284,"column":0},"end":{"line":284,"column":13}},"284":{"start":{"line":285,"column":0},"end":{"line":285,"column":27}},"285":{"start":{"line":286,"column":0},"end":{"line":286,"column":132}},"286":{"start":{"line":287,"column":0},"end":{"line":287,"column":99}},"287":{"start":{"line":288,"column":0},"end":{"line":288,"column":10}},"288":{"start":{"line":289,"column":0},"end":{"line":289,"column":7}},"289":{"start":{"line":290,"column":0},"end":{"line":290,"column":6}},"291":{"start":{"line":292,"column":0},"end":{"line":292,"column":13}},"292":{"start":{"line":293,"column":0},"end":{"line":293,"column":90}},"293":{"start":{"line":294,"column":0},"end":{"line":294,"column":6}},"294":{"start":{"line":295,"column":0},"end":{"line":295,"column":6}},"296":{"start":{"line":297,"column":0},"end":{"line":297,"column":79}},"297":{"start":{"line":298,"column":0},"end":{"line":298,"column":38}},"298":{"start":{"line":299,"column":0},"end":{"line":299,"column":26}},"299":{"start":{"line":300,"column":0},"end":{"line":300,"column":69}},"300":{"start":{"line":301,"column":0},"end":{"line":301,"column":68}},"301":{"start":{"line":302,"column":0},"end":{"line":302,"column":6}},"302":{"start":{"line":303,"column":0},"end":{"line":303,"column":5}},"303":{"start":{"line":304,"column":0},"end":{"line":304,"column":6}},"305":{"start":{"line":306,"column":0},"end":{"line":306,"column":5}},"306":{"start":{"line":307,"column":0},"end":{"line":307,"column":63}},"307":{"start":{"line":308,"column":0},"end":{"line":308,"column":68}},"308":{"start":{"line":309,"column":0},"end":{"line":309,"column":150}},"309":{"start":{"line":310,"column":0},"end":{"line":310,"column":5}},"310":{"start":{"line":311,"column":0},"end":{"line":311,"column":25}},"311":{"start":{"line":312,"column":0},"end":{"line":312,"column":28}},"312":{"start":{"line":313,"column":0},"end":{"line":313,"column":23}},"313":{"start":{"line":314,"column":0},"end":{"line":314,"column":61}},"314":{"start":{"line":315,"column":0},"end":{"line":315,"column":31}},"315":{"start":{"line":316,"column":0},"end":{"line":316,"column":30}},"316":{"start":{"line":317,"column":0},"end":{"line":317,"column":28}},"317":{"start":{"line":318,"column":0},"end":{"line":318,"column":14}},"318":{"start":{"line":319,"column":0},"end":{"line":319,"column":53}},"319":{"start":{"line":320,"column":0},"end":{"line":320,"column":8}},"320":{"start":{"line":321,"column":0},"end":{"line":321,"column":6}},"321":{"start":{"line":322,"column":0},"end":{"line":322,"column":5}},"323":{"start":{"line":324,"column":0},"end":{"line":324,"column":51}},"324":{"start":{"line":325,"column":0},"end":{"line":325,"column":65}},"325":{"start":{"line":326,"column":0},"end":{"line":326,"column":18}},"326":{"start":{"line":327,"column":0},"end":{"line":327,"column":25}},"327":{"start":{"line":328,"column":0},"end":{"line":328,"column":138}},"328":{"start":{"line":329,"column":0},"end":{"line":329,"column":97}},"329":{"start":{"line":330,"column":0},"end":{"line":330,"column":9}},"330":{"start":{"line":331,"column":0},"end":{"line":331,"column":6}},"332":{"start":{"line":333,"column":0},"end":{"line":333,"column":70}},"333":{"start":{"line":334,"column":0},"end":{"line":334,"column":21}},"334":{"start":{"line":335,"column":0},"end":{"line":335,"column":12}},"335":{"start":{"line":336,"column":0},"end":{"line":336,"column":26}},"336":{"start":{"line":337,"column":0},"end":{"line":337,"column":136}},"337":{"start":{"line":338,"column":0},"end":{"line":338,"column":98}},"338":{"start":{"line":339,"column":0},"end":{"line":339,"column":9}},"339":{"start":{"line":340,"column":0},"end":{"line":340,"column":6}},"340":{"start":{"line":341,"column":0},"end":{"line":341,"column":5}},"342":{"start":{"line":343,"column":0},"end":{"line":343,"column":33}},"343":{"start":{"line":344,"column":0},"end":{"line":344,"column":6}},"345":{"start":{"line":346,"column":0},"end":{"line":346,"column":5}},"346":{"start":{"line":347,"column":0},"end":{"line":347,"column":60}},"347":{"start":{"line":348,"column":0},"end":{"line":348,"column":65}},"348":{"start":{"line":349,"column":0},"end":{"line":349,"column":168}},"349":{"start":{"line":350,"column":0},"end":{"line":350,"column":5}},"350":{"start":{"line":351,"column":0},"end":{"line":351,"column":22}},"351":{"start":{"line":352,"column":0},"end":{"line":352,"column":28}},"352":{"start":{"line":353,"column":0},"end":{"line":353,"column":23}},"353":{"start":{"line":354,"column":0},"end":{"line":354,"column":61}},"354":{"start":{"line":355,"column":0},"end":{"line":355,"column":31}},"355":{"start":{"line":356,"column":0},"end":{"line":356,"column":30}},"356":{"start":{"line":357,"column":0},"end":{"line":357,"column":25}},"357":{"start":{"line":358,"column":0},"end":{"line":358,"column":14}},"358":{"start":{"line":359,"column":0},"end":{"line":359,"column":53}},"359":{"start":{"line":360,"column":0},"end":{"line":360,"column":8}},"360":{"start":{"line":361,"column":0},"end":{"line":361,"column":6}},"361":{"start":{"line":362,"column":0},"end":{"line":362,"column":5}},"363":{"start":{"line":364,"column":0},"end":{"line":364,"column":51}},"364":{"start":{"line":365,"column":0},"end":{"line":365,"column":65}},"365":{"start":{"line":366,"column":0},"end":{"line":366,"column":18}},"366":{"start":{"line":367,"column":0},"end":{"line":367,"column":25}},"367":{"start":{"line":368,"column":0},"end":{"line":368,"column":138}},"368":{"start":{"line":369,"column":0},"end":{"line":369,"column":97}},"369":{"start":{"line":370,"column":0},"end":{"line":370,"column":9}},"370":{"start":{"line":371,"column":0},"end":{"line":371,"column":6}},"372":{"start":{"line":373,"column":0},"end":{"line":373,"column":64}},"373":{"start":{"line":374,"column":0},"end":{"line":374,"column":21}},"374":{"start":{"line":375,"column":0},"end":{"line":375,"column":12}},"375":{"start":{"line":376,"column":0},"end":{"line":376,"column":26}},"376":{"start":{"line":377,"column":0},"end":{"line":377,"column":133}},"377":{"start":{"line":378,"column":0},"end":{"line":378,"column":98}},"378":{"start":{"line":379,"column":0},"end":{"line":379,"column":9}},"379":{"start":{"line":380,"column":0},"end":{"line":380,"column":6}},"380":{"start":{"line":381,"column":0},"end":{"line":381,"column":5}},"382":{"start":{"line":383,"column":0},"end":{"line":383,"column":27}},"383":{"start":{"line":384,"column":0},"end":{"line":384,"column":6}},"385":{"start":{"line":386,"column":0},"end":{"line":386,"column":5}},"386":{"start":{"line":387,"column":0},"end":{"line":387,"column":66}},"387":{"start":{"line":388,"column":0},"end":{"line":388,"column":70}},"388":{"start":{"line":389,"column":0},"end":{"line":389,"column":168}},"389":{"start":{"line":390,"column":0},"end":{"line":390,"column":5}},"390":{"start":{"line":391,"column":0},"end":{"line":391,"column":27}},"391":{"start":{"line":392,"column":0},"end":{"line":392,"column":28}},"392":{"start":{"line":393,"column":0},"end":{"line":393,"column":23}},"393":{"start":{"line":394,"column":0},"end":{"line":394,"column":61}},"394":{"start":{"line":395,"column":0},"end":{"line":395,"column":31}},"395":{"start":{"line":396,"column":0},"end":{"line":396,"column":30}},"396":{"start":{"line":397,"column":0},"end":{"line":397,"column":30}},"397":{"start":{"line":398,"column":0},"end":{"line":398,"column":14}},"398":{"start":{"line":399,"column":0},"end":{"line":399,"column":53}},"399":{"start":{"line":400,"column":0},"end":{"line":400,"column":8}},"400":{"start":{"line":401,"column":0},"end":{"line":401,"column":6}},"401":{"start":{"line":402,"column":0},"end":{"line":402,"column":5}},"403":{"start":{"line":404,"column":0},"end":{"line":404,"column":44}},"404":{"start":{"line":405,"column":0},"end":{"line":405,"column":79}},"405":{"start":{"line":406,"column":0},"end":{"line":406,"column":31}},"406":{"start":{"line":407,"column":0},"end":{"line":407,"column":30}},"407":{"start":{"line":408,"column":0},"end":{"line":408,"column":30}},"408":{"start":{"line":409,"column":0},"end":{"line":409,"column":14}},"409":{"start":{"line":410,"column":0},"end":{"line":410,"column":45}},"410":{"start":{"line":411,"column":0},"end":{"line":411,"column":44}},"411":{"start":{"line":412,"column":0},"end":{"line":412,"column":81}},"412":{"start":{"line":413,"column":0},"end":{"line":413,"column":8}},"413":{"start":{"line":414,"column":0},"end":{"line":414,"column":6}},"414":{"start":{"line":415,"column":0},"end":{"line":415,"column":5}},"416":{"start":{"line":417,"column":0},"end":{"line":417,"column":51}},"417":{"start":{"line":418,"column":0},"end":{"line":418,"column":65}},"418":{"start":{"line":419,"column":0},"end":{"line":419,"column":18}},"419":{"start":{"line":420,"column":0},"end":{"line":420,"column":25}},"420":{"start":{"line":421,"column":0},"end":{"line":421,"column":138}},"421":{"start":{"line":422,"column":0},"end":{"line":422,"column":97}},"422":{"start":{"line":423,"column":0},"end":{"line":423,"column":9}},"423":{"start":{"line":424,"column":0},"end":{"line":424,"column":6}},"425":{"start":{"line":426,"column":0},"end":{"line":426,"column":32}},"426":{"start":{"line":427,"column":0},"end":{"line":427,"column":56}},"427":{"start":{"line":428,"column":0},"end":{"line":428,"column":31}},"428":{"start":{"line":429,"column":0},"end":{"line":429,"column":22}},"429":{"start":{"line":430,"column":0},"end":{"line":430,"column":96}},"441":{"start":{"line":442,"column":0},"end":{"line":442,"column":88}},"442":{"start":{"line":443,"column":0},"end":{"line":443,"column":44}},"443":{"start":{"line":444,"column":0},"end":{"line":444,"column":53}},"444":{"start":{"line":445,"column":0},"end":{"line":445,"column":34}},"445":{"start":{"line":446,"column":0},"end":{"line":446,"column":75}},"446":{"start":{"line":447,"column":0},"end":{"line":447,"column":5}},"448":{"start":{"line":449,"column":0},"end":{"line":449,"column":85}},"449":{"start":{"line":450,"column":0},"end":{"line":450,"column":21}},"450":{"start":{"line":451,"column":0},"end":{"line":451,"column":12}},"451":{"start":{"line":452,"column":0},"end":{"line":452,"column":26}},"452":{"start":{"line":453,"column":0},"end":{"line":453,"column":136}},"453":{"start":{"line":454,"column":0},"end":{"line":454,"column":98}},"454":{"start":{"line":455,"column":0},"end":{"line":455,"column":9}},"455":{"start":{"line":456,"column":0},"end":{"line":456,"column":6}},"456":{"start":{"line":457,"column":0},"end":{"line":457,"column":5}},"458":{"start":{"line":459,"column":0},"end":{"line":459,"column":68}},"459":{"start":{"line":460,"column":0},"end":{"line":460,"column":96}},"460":{"start":{"line":461,"column":0},"end":{"line":461,"column":30}},"461":{"start":{"line":462,"column":0},"end":{"line":462,"column":31}},"462":{"start":{"line":463,"column":0},"end":{"line":463,"column":25}},"463":{"start":{"line":464,"column":0},"end":{"line":464,"column":117}},"464":{"start":{"line":465,"column":0},"end":{"line":465,"column":8}},"465":{"start":{"line":466,"column":0},"end":{"line":466,"column":6}},"466":{"start":{"line":467,"column":0},"end":{"line":467,"column":5}},"468":{"start":{"line":469,"column":0},"end":{"line":469,"column":52}},"469":{"start":{"line":470,"column":0},"end":{"line":470,"column":44}},"470":{"start":{"line":471,"column":0},"end":{"line":471,"column":51}},"471":{"start":{"line":472,"column":0},"end":{"line":472,"column":36}},"472":{"start":{"line":473,"column":0},"end":{"line":473,"column":6}},"473":{"start":{"line":474,"column":0},"end":{"line":474,"column":2}},"474":{"start":{"line":475,"column":0},"end":{"line":475,"column":1}},"476":{"start":{"line":477,"column":0},"end":{"line":477,"column":3}},"477":{"start":{"line":478,"column":0},"end":{"line":478,"column":49}},"478":{"start":{"line":479,"column":0},"end":{"line":479,"column":38}},"479":{"start":{"line":480,"column":0},"end":{"line":480,"column":76}},"480":{"start":{"line":481,"column":0},"end":{"line":481,"column":53}},"481":{"start":{"line":482,"column":0},"end":{"line":482,"column":65}},"482":{"start":{"line":483,"column":0},"end":{"line":483,"column":74}},"483":{"start":{"line":484,"column":0},"end":{"line":484,"column":42}},"484":{"start":{"line":485,"column":0},"end":{"line":485,"column":52}},"485":{"start":{"line":486,"column":0},"end":{"line":486,"column":3}},"486":{"start":{"line":487,"column":0},"end":{"line":487,"column":43}},"487":{"start":{"line":488,"column":0},"end":{"line":488,"column":8}},"488":{"start":{"line":489,"column":0},"end":{"line":489,"column":15}},"489":{"start":{"line":490,"column":0},"end":{"line":490,"column":5}},"490":{"start":{"line":491,"column":0},"end":{"line":491,"column":9}},"491":{"start":{"line":492,"column":0},"end":{"line":492,"column":18}},"492":{"start":{"line":493,"column":0},"end":{"line":493,"column":11}},"493":{"start":{"line":494,"column":0},"end":{"line":494,"column":9}},"495":{"start":{"line":496,"column":0},"end":{"line":496,"column":62}},"496":{"start":{"line":497,"column":0},"end":{"line":497,"column":75}},"497":{"start":{"line":498,"column":0},"end":{"line":498,"column":58}},"499":{"start":{"line":500,"column":0},"end":{"line":500,"column":9}},"500":{"start":{"line":501,"column":0},"end":{"line":501,"column":27}},"502":{"start":{"line":503,"column":0},"end":{"line":503,"column":43}},"503":{"start":{"line":504,"column":0},"end":{"line":504,"column":75}},"504":{"start":{"line":505,"column":0},"end":{"line":505,"column":71}},"505":{"start":{"line":506,"column":0},"end":{"line":506,"column":43}},"506":{"start":{"line":507,"column":0},"end":{"line":507,"column":56}},"507":{"start":{"line":508,"column":0},"end":{"line":508,"column":17}},"508":{"start":{"line":509,"column":0},"end":{"line":509,"column":24}},"509":{"start":{"line":510,"column":0},"end":{"line":510,"column":147}},"510":{"start":{"line":511,"column":0},"end":{"line":511,"column":96}},"511":{"start":{"line":512,"column":0},"end":{"line":512,"column":8}},"512":{"start":{"line":513,"column":0},"end":{"line":513,"column":5}},"513":{"start":{"line":514,"column":0},"end":{"line":514,"column":29}},"514":{"start":{"line":515,"column":0},"end":{"line":515,"column":5}},"516":{"start":{"line":517,"column":0},"end":{"line":517,"column":53}},"518":{"start":{"line":519,"column":0},"end":{"line":519,"column":60}},"520":{"start":{"line":521,"column":0},"end":{"line":521,"column":60}},"522":{"start":{"line":523,"column":0},"end":{"line":523,"column":60}},"524":{"start":{"line":525,"column":0},"end":{"line":525,"column":54}},"526":{"start":{"line":527,"column":0},"end":{"line":527,"column":64}},"528":{"start":{"line":529,"column":0},"end":{"line":529,"column":53}},"530":{"start":{"line":531,"column":0},"end":{"line":531,"column":81}},"532":{"start":{"line":533,"column":0},"end":{"line":533,"column":5}},"533":{"start":{"line":534,"column":0},"end":{"line":534,"column":45}},"534":{"start":{"line":535,"column":0},"end":{"line":535,"column":4}},"535":{"start":{"line":536,"column":0},"end":{"line":536,"column":64}},"536":{"start":{"line":537,"column":0},"end":{"line":537,"column":91}},"537":{"start":{"line":538,"column":0},"end":{"line":538,"column":77}},"538":{"start":{"line":539,"column":0},"end":{"line":539,"column":4}},"539":{"start":{"line":540,"column":0},"end":{"line":540,"column":40}},"540":{"start":{"line":541,"column":0},"end":{"line":541,"column":95}},"541":{"start":{"line":542,"column":0},"end":{"line":542,"column":78}},"542":{"start":{"line":543,"column":0},"end":{"line":543,"column":89}},"543":{"start":{"line":544,"column":0},"end":{"line":544,"column":65}},"544":{"start":{"line":545,"column":0},"end":{"line":545,"column":4}},"545":{"start":{"line":546,"column":0},"end":{"line":546,"column":72}},"546":{"start":{"line":547,"column":0},"end":{"line":547,"column":45}},"547":{"start":{"line":548,"column":0},"end":{"line":548,"column":60}},"548":{"start":{"line":549,"column":0},"end":{"line":549,"column":5}},"549":{"start":{"line":550,"column":0},"end":{"line":550,"column":17}},"550":{"start":{"line":551,"column":0},"end":{"line":551,"column":28}},"551":{"start":{"line":552,"column":0},"end":{"line":552,"column":38}},"552":{"start":{"line":553,"column":0},"end":{"line":553,"column":80}},"553":{"start":{"line":554,"column":0},"end":{"line":554,"column":81}},"554":{"start":{"line":555,"column":0},"end":{"line":555,"column":69}},"555":{"start":{"line":556,"column":0},"end":{"line":556,"column":59}},"556":{"start":{"line":557,"column":0},"end":{"line":557,"column":39}},"557":{"start":{"line":558,"column":0},"end":{"line":558,"column":83}},"558":{"start":{"line":559,"column":0},"end":{"line":559,"column":88}},"559":{"start":{"line":560,"column":0},"end":{"line":560,"column":61}},"560":{"start":{"line":561,"column":0},"end":{"line":561,"column":74}},"561":{"start":{"line":562,"column":0},"end":{"line":562,"column":49}},"562":{"start":{"line":563,"column":0},"end":{"line":563,"column":53}},"564":{"start":{"line":565,"column":0},"end":{"line":565,"column":66}},"565":{"start":{"line":566,"column":0},"end":{"line":566,"column":71}},"566":{"start":{"line":567,"column":0},"end":{"line":567,"column":24}},"567":{"start":{"line":568,"column":0},"end":{"line":568,"column":27}},"568":{"start":{"line":569,"column":0},"end":{"line":569,"column":29}},"569":{"start":{"line":570,"column":0},"end":{"line":570,"column":31}},"570":{"start":{"line":571,"column":0},"end":{"line":571,"column":23}},"571":{"start":{"line":572,"column":0},"end":{"line":572,"column":67}},"572":{"start":{"line":573,"column":0},"end":{"line":573,"column":75}},"573":{"start":{"line":574,"column":0},"end":{"line":574,"column":42}},"574":{"start":{"line":575,"column":0},"end":{"line":575,"column":5}},"576":{"start":{"line":577,"column":0},"end":{"line":577,"column":41}},"577":{"start":{"line":578,"column":0},"end":{"line":578,"column":70}},"578":{"start":{"line":579,"column":0},"end":{"line":579,"column":36}},"579":{"start":{"line":580,"column":0},"end":{"line":580,"column":36}},"580":{"start":{"line":581,"column":0},"end":{"line":581,"column":16}},"581":{"start":{"line":582,"column":0},"end":{"line":582,"column":24}},"582":{"start":{"line":583,"column":0},"end":{"line":583,"column":35}},"583":{"start":{"line":584,"column":0},"end":{"line":584,"column":27}},"584":{"start":{"line":585,"column":0},"end":{"line":585,"column":6}},"585":{"start":{"line":586,"column":0},"end":{"line":586,"column":6}},"587":{"start":{"line":588,"column":0},"end":{"line":588,"column":30}},"588":{"start":{"line":589,"column":0},"end":{"line":589,"column":33}},"589":{"start":{"line":590,"column":0},"end":{"line":590,"column":5}},"590":{"start":{"line":591,"column":0},"end":{"line":591,"column":2}},"591":{"start":{"line":592,"column":0},"end":{"line":592,"column":1}},"593":{"start":{"line":594,"column":0},"end":{"line":594,"column":3}},"594":{"start":{"line":595,"column":0},"end":{"line":595,"column":52}},"595":{"start":{"line":596,"column":0},"end":{"line":596,"column":2}},"596":{"start":{"line":597,"column":0},"end":{"line":597,"column":59}},"597":{"start":{"line":598,"column":0},"end":{"line":598,"column":50}},"598":{"start":{"line":599,"column":0},"end":{"line":599,"column":29}},"599":{"start":{"line":600,"column":0},"end":{"line":600,"column":39}},"600":{"start":{"line":601,"column":0},"end":{"line":601,"column":44}},"601":{"start":{"line":602,"column":0},"end":{"line":602,"column":2}},"602":{"start":{"line":603,"column":0},"end":{"line":603,"column":82}},"603":{"start":{"line":604,"column":0},"end":{"line":604,"column":83}},"604":{"start":{"line":605,"column":0},"end":{"line":605,"column":54}},"605":{"start":{"line":606,"column":0},"end":{"line":606,"column":2}},"606":{"start":{"line":607,"column":0},"end":{"line":607,"column":11}},"607":{"start":{"line":608,"column":0},"end":{"line":608,"column":16}},"608":{"start":{"line":609,"column":0},"end":{"line":609,"column":41}},"609":{"start":{"line":610,"column":0},"end":{"line":610,"column":85}},"610":{"start":{"line":611,"column":0},"end":{"line":611,"column":57}},"611":{"start":{"line":612,"column":0},"end":{"line":612,"column":43}},"612":{"start":{"line":613,"column":0},"end":{"line":613,"column":57}},"613":{"start":{"line":614,"column":0},"end":{"line":614,"column":60}},"614":{"start":{"line":615,"column":0},"end":{"line":615,"column":45}},"615":{"start":{"line":616,"column":0},"end":{"line":616,"column":2}},"616":{"start":{"line":617,"column":0},"end":{"line":617,"column":104}},"617":{"start":{"line":618,"column":0},"end":{"line":618,"column":75}},"618":{"start":{"line":619,"column":0},"end":{"line":619,"column":69}},"619":{"start":{"line":620,"column":0},"end":{"line":620,"column":72}},"620":{"start":{"line":621,"column":0},"end":{"line":621,"column":102}},"621":{"start":{"line":622,"column":0},"end":{"line":622,"column":110}},"622":{"start":{"line":623,"column":0},"end":{"line":623,"column":34}},"623":{"start":{"line":624,"column":0},"end":{"line":624,"column":2}},"624":{"start":{"line":625,"column":0},"end":{"line":625,"column":44}},"625":{"start":{"line":626,"column":0},"end":{"line":626,"column":46}},"626":{"start":{"line":627,"column":0},"end":{"line":627,"column":24}},"627":{"start":{"line":628,"column":0},"end":{"line":628,"column":40}},"628":{"start":{"line":629,"column":0},"end":{"line":629,"column":5}},"629":{"start":{"line":630,"column":0},"end":{"line":630,"column":2}},"630":{"start":{"line":631,"column":0},"end":{"line":631,"column":67}},"631":{"start":{"line":632,"column":0},"end":{"line":632,"column":6}},"632":{"start":{"line":633,"column":0},"end":{"line":633,"column":2}},"633":{"start":{"line":634,"column":0},"end":{"line":634,"column":25}},"634":{"start":{"line":635,"column":0},"end":{"line":635,"column":25}},"635":{"start":{"line":636,"column":0},"end":{"line":636,"column":11}},"636":{"start":{"line":637,"column":0},"end":{"line":637,"column":70}},"637":{"start":{"line":638,"column":0},"end":{"line":638,"column":5}},"638":{"start":{"line":639,"column":0},"end":{"line":639,"column":3}},"639":{"start":{"line":640,"column":0},"end":{"line":640,"column":45}},"640":{"start":{"line":641,"column":0},"end":{"line":641,"column":21}},"641":{"start":{"line":642,"column":0},"end":{"line":642,"column":26}},"642":{"start":{"line":643,"column":0},"end":{"line":643,"column":30}},"643":{"start":{"line":644,"column":0},"end":{"line":644,"column":49}},"644":{"start":{"line":645,"column":0},"end":{"line":645,"column":29}},"645":{"start":{"line":646,"column":0},"end":{"line":646,"column":37}},"646":{"start":{"line":647,"column":0},"end":{"line":647,"column":48}},"648":{"start":{"line":649,"column":0},"end":{"line":649,"column":27}},"649":{"start":{"line":650,"column":0},"end":{"line":650,"column":40}},"651":{"start":{"line":652,"column":0},"end":{"line":652,"column":39}},"652":{"start":{"line":653,"column":0},"end":{"line":653,"column":66}},"653":{"start":{"line":654,"column":0},"end":{"line":654,"column":34}},"654":{"start":{"line":655,"column":0},"end":{"line":655,"column":16}},"655":{"start":{"line":656,"column":0},"end":{"line":656,"column":6}},"656":{"start":{"line":657,"column":0},"end":{"line":657,"column":10}},"657":{"start":{"line":658,"column":0},"end":{"line":658,"column":19}},"658":{"start":{"line":659,"column":0},"end":{"line":659,"column":12}},"659":{"start":{"line":660,"column":0},"end":{"line":660,"column":4}},"660":{"start":{"line":661,"column":0},"end":{"line":661,"column":3}},"661":{"start":{"line":662,"column":0},"end":{"line":662,"column":1}}},"s":{"0":1,"1":1,"2":1,"3":1,"5":1,"6":1,"7":1,"8":1,"9":1,"10":1,"11":1,"12":1,"13":1,"15":1,"16":1,"17":1,"18":1,"19":1,"20":1,"21":5,"22":5,"23":5,"25":1,"26":1,"27":1,"28":1,"29":1,"30":1,"31":7,"32":7,"34":1,"35":1,"36":1,"37":1,"38":1,"39":1,"41":1,"42":1,"43":1,"44":1,"45":1,"46":1,"47":5,"48":5,"49":5,"50":104,"51":104,"52":5,"53":5,"55":1,"56":1,"57":1,"58":1,"59":1,"60":1,"61":1,"62":1,"64":1,"65":1,"66":1,"67":1,"68":1,"69":1,"70":1,"71":1,"72":14,"73":14,"74":14,"75":14,"76":14,"77":14,"78":14,"79":2,"80":2,"81":2,"82":1,"83":1,"84":1,"85":1,"86":1,"87":1,"88":1,"89":1,"91":1,"92":1,"93":1,"94":0,"95":0,"96":0,"97":1,"98":1,"100":1,"101":1,"102":1,"103":0,"104":0,"105":0,"106":0,"107":1,"108":1,"110":1,"111":1,"112":1,"113":0,"114":0,"115":0,"116":0,"117":1,"118":1,"120":2,"121":2,"122":2,"123":2,"125":2,"126":2,"127":2,"128":2,"129":2,"130":2,"131":2,"132":2,"133":2,"134":2,"135":14,"137":14,"138":14,"139":14,"140":14,"141":14,"142":14,"143":2,"144":2,"145":2,"146":1,"147":1,"148":1,"149":1,"150":1,"151":1,"152":1,"153":1,"155":1,"156":1,"157":1,"158":0,"159":0,"160":0,"161":1,"162":1,"163":1,"164":1,"165":1,"166":0,"167":0,"168":0,"169":1,"170":1,"172":1,"173":1,"174":1,"175":1,"176":0,"177":0,"178":0,"179":0,"180":1,"181":1,"183":1,"184":1,"185":1,"186":1,"187":1,"188":1,"189":1,"190":1,"191":0,"192":0,"193":0,"194":0,"195":1,"196":1,"198":1,"199":1,"200":0,"201":0,"202":0,"203":0,"215":0,"216":0,"217":0,"218":0,"219":0,"220":0,"221":0,"222":0,"223":0,"224":0,"225":0,"226":0,"227":0,"228":0,"229":0,"231":1,"232":1,"233":0,"234":0,"235":0,"236":0,"257":0,"258":0,"260":0,"261":0,"263":0,"264":0,"265":0,"266":0,"268":0,"269":0,"270":0,"271":0,"272":0,"273":0,"274":0,"275":0,"276":0,"277":0,"278":0,"280":1,"281":1,"282":1,"283":1,"284":0,"285":0,"286":0,"287":0,"288":1,"289":1,"291":1,"292":1,"293":1,"294":1,"296":1,"297":1,"298":1,"299":0,"300":0,"301":1,"302":1,"303":14,"305":14,"306":14,"307":14,"308":14,"309":14,"310":14,"311":1,"312":1,"313":1,"314":0,"315":0,"316":0,"317":0,"318":0,"319":0,"320":0,"321":0,"323":1,"324":1,"325":1,"326":0,"327":0,"328":0,"329":1,"330":1,"332":1,"333":1,"334":1,"335":0,"336":0,"337":0,"338":0,"339":1,"340":1,"342":1,"343":14,"345":14,"346":14,"347":14,"348":14,"349":14,"350":14,"351":1,"352":1,"353":1,"354":0,"355":0,"356":0,"357":0,"358":0,"359":0,"360":0,"361":0,"363":1,"364":1,"365":1,"366":0,"367":0,"368":0,"369":1,"370":1,"372":1,"373":1,"374":1,"375":0,"376":0,"377":0,"378":0,"379":1,"380":1,"382":1,"383":14,"385":14,"386":14,"387":14,"388":14,"389":14,"390":14,"391":1,"392":1,"393":1,"394":0,"395":0,"396":0,"397":0,"398":0,"399":0,"400":0,"401":0,"403":1,"404":1,"405":0,"406":0,"407":0,"408":0,"409":0,"410":0,"411":0,"412":0,"413":0,"414":0,"416":1,"417":1,"418":1,"419":0,"420":0,"421":0,"422":1,"423":1,"425":1,"426":1,"427":1,"428":1,"429":1,"441":1,"442":1,"443":1,"444":1,"445":32,"446":32,"448":1,"449":1,"450":1,"451":0,"452":0,"453":0,"454":0,"455":1,"456":1,"458":1,"459":1,"460":1,"461":0,"462":0,"463":0,"464":0,"465":0,"466":0,"468":1,"469":1,"470":1,"471":1,"472":14,"473":14,"474":14,"476":1,"477":1,"478":1,"479":1,"480":1,"481":1,"482":1,"483":1,"484":1,"485":1,"486":1,"487":14,"488":14,"489":14,"490":14,"491":14,"492":14,"493":14,"495":14,"496":14,"497":14,"499":14,"500":14,"502":14,"503":1,"504":1,"505":1,"506":1,"507":1,"508":0,"509":0,"510":0,"511":1,"512":1,"513":1,"514":14,"516":14,"518":14,"520":14,"522":14,"524":14,"526":14,"528":14,"530":14,"532":14,"533":14,"534":14,"535":14,"536":14,"537":14,"538":14,"539":14,"540":14,"541":14,"542":14,"543":14,"544":14,"545":14,"546":14,"547":14,"548":14,"549":14,"550":1,"551":1,"552":1,"553":1,"554":1,"555":1,"556":1,"557":1,"558":1,"559":1,"560":1,"561":1,"562":1,"564":1,"565":1,"566":1,"567":1,"568":1,"569":1,"570":1,"571":1,"572":1,"573":1,"574":1,"576":1,"577":1,"578":1,"579":1,"580":1,"581":1,"582":1,"583":1,"584":1,"585":14,"587":14,"588":0,"589":14,"590":14,"591":14,"593":1,"594":1,"595":1,"596":1,"597":1,"598":1,"599":1,"600":1,"601":1,"602":1,"603":1,"604":1,"605":1,"606":1,"607":1,"608":1,"609":1,"610":1,"611":1,"612":1,"613":1,"614":1,"615":1,"616":1,"617":1,"618":1,"619":1,"620":1,"621":1,"622":1,"623":1,"624":1,"625":1,"626":1,"627":1,"628":1,"629":1,"630":1,"631":1,"632":1,"633":1,"634":1,"635":1,"636":1,"637":1,"638":1,"639":1,"640":1,"641":1,"642":13,"643":13,"644":13,"645":13,"646":13,"648":13,"649":13,"651":13,"652":13,"653":13,"654":13,"655":13,"656":13,"657":13,"658":13,"659":13,"660":1,"661":1},"branchMap":{"0":{"type":"branch","line":21,"loc":{"start":{"line":21,"column":27},"end":{"line":24,"column":1}},"locations":[{"start":{"line":21,"column":27},"end":{"line":24,"column":1}}]},"1":{"type":"branch","line":31,"loc":{"start":{"line":31,"column":23},"end":{"line":33,"column":1}},"locations":[{"start":{"line":31,"column":23},"end":{"line":33,"column":1}}]},"2":{"type":"branch","line":40,"loc":{"start":{"line":40,"column":19},"end":{"line":40,"column":54}},"locations":[{"start":{"line":40,"column":19},"end":{"line":40,"column":54}}]},"3":{"type":"branch","line":47,"loc":{"start":{"line":47,"column":19},"end":{"line":54,"column":1}},"locations":[{"start":{"line":47,"column":19},"end":{"line":54,"column":1}}]},"4":{"type":"branch","line":48,"loc":{"start":{"line":48,"column":63},"end":{"line":48,"column":116}},"locations":[{"start":{"line":48,"column":63},"end":{"line":48,"column":116}}]},"5":{"type":"branch","line":50,"loc":{"start":{"line":50,"column":40},"end":{"line":52,"column":2}},"locations":[{"start":{"line":50,"column":40},"end":{"line":52,"column":2}}]},"6":{"type":"branch","line":72,"loc":{"start":{"line":72,"column":29},"end":{"line":475,"column":1}},"locations":[{"start":{"line":72,"column":29},"end":{"line":475,"column":1}}]},"7":{"type":"branch","line":79,"loc":{"start":{"line":79,"column":14},"end":{"line":136,"column":5}},"locations":[{"start":{"line":79,"column":14},"end":{"line":136,"column":5}}]},"8":{"type":"branch","line":80,"loc":{"start":{"line":80,"column":14},"end":{"line":136,"column":4}},"locations":[{"start":{"line":80,"column":14},"end":{"line":136,"column":4}}]},"9":{"type":"branch","line":82,"loc":{"start":{"line":82,"column":60},"end":{"line":121,"column":32}},"locations":[{"start":{"line":82,"column":60},"end":{"line":121,"column":32}}]},"10":{"type":"branch","line":121,"loc":{"start":{"line":121,"column":33},"end":{"line":121,"column":38}},"locations":[{"start":{"line":121,"column":33},"end":{"line":121,"column":38}}]},"11":{"type":"branch","line":122,"loc":{"start":{"line":122,"column":27},"end":{"line":122,"column":36}},"locations":[{"start":{"line":122,"column":27},"end":{"line":122,"column":36}}]},"12":{"type":"branch","line":122,"loc":{"start":{"line":122,"column":37},"end":{"line":122,"column":42}},"locations":[{"start":{"line":122,"column":37},"end":{"line":122,"column":42}}]},"13":{"type":"branch","line":123,"loc":{"start":{"line":123,"column":32},"end":{"line":123,"column":65}},"locations":[{"start":{"line":123,"column":32},"end":{"line":123,"column":65}}]},"14":{"type":"branch","line":123,"loc":{"start":{"line":123,"column":66},"end":{"line":123,"column":136}},"locations":[{"start":{"line":123,"column":66},"end":{"line":123,"column":136}}]},"15":{"type":"branch","line":124,"loc":{"start":{"line":124,"column":29},"end":{"line":124,"column":59}},"locations":[{"start":{"line":124,"column":29},"end":{"line":124,"column":59}}]},"16":{"type":"branch","line":124,"loc":{"start":{"line":124,"column":60},"end":{"line":124,"column":130}},"locations":[{"start":{"line":124,"column":60},"end":{"line":124,"column":130}}]},"17":{"type":"branch","line":134,"loc":{"start":{"line":134,"column":27},"end":{"line":134,"column":44}},"locations":[{"start":{"line":134,"column":27},"end":{"line":134,"column":44}}]},"18":{"type":"branch","line":134,"loc":{"start":{"line":134,"column":45},"end":{"line":134,"column":65}},"locations":[{"start":{"line":134,"column":45},"end":{"line":134,"column":65}}]},"19":{"type":"branch","line":93,"loc":{"start":{"line":93,"column":10},"end":{"line":93,"column":64}},"locations":[{"start":{"line":93,"column":10},"end":{"line":93,"column":64}}]},"20":{"type":"branch","line":143,"loc":{"start":{"line":143,"column":14},"end":{"line":304,"column":5}},"locations":[{"start":{"line":143,"column":14},"end":{"line":304,"column":5}}]},"21":{"type":"branch","line":144,"loc":{"start":{"line":144,"column":14},"end":{"line":304,"column":4}},"locations":[{"start":{"line":144,"column":14},"end":{"line":304,"column":4}}]},"22":{"type":"branch","line":146,"loc":{"start":{"line":146,"column":60},"end":{"line":304,"column":3}},"locations":[{"start":{"line":146,"column":60},"end":{"line":304,"column":3}}]},"23":{"type":"branch","line":157,"loc":{"start":{"line":157,"column":10},"end":{"line":157,"column":64}},"locations":[{"start":{"line":157,"column":10},"end":{"line":157,"column":64}}]},"24":{"type":"branch","line":165,"loc":{"start":{"line":165,"column":10},"end":{"line":165,"column":42}},"locations":[{"start":{"line":165,"column":10},"end":{"line":165,"column":42}}]},"25":{"type":"branch","line":186,"loc":{"start":{"line":186,"column":38},"end":{"line":295,"column":5}},"locations":[{"start":{"line":186,"column":38},"end":{"line":295,"column":5}}]},"26":{"type":"branch","line":188,"loc":{"start":{"line":188,"column":88},"end":{"line":188,"column":93}},"locations":[{"start":{"line":188,"column":88},"end":{"line":188,"column":93}}]},"27":{"type":"branch","line":200,"loc":{"start":{"line":200,"column":34},"end":{"line":230,"column":6}},"locations":[{"start":{"line":200,"column":34},"end":{"line":230,"column":6}}]},"28":{"type":"branch","line":233,"loc":{"start":{"line":233,"column":23},"end":{"line":279,"column":6}},"locations":[{"start":{"line":233,"column":23},"end":{"line":279,"column":6}}]},"29":{"type":"branch","line":311,"loc":{"start":{"line":311,"column":14},"end":{"line":344,"column":5}},"locations":[{"start":{"line":311,"column":14},"end":{"line":344,"column":5}}]},"30":{"type":"branch","line":312,"loc":{"start":{"line":312,"column":14},"end":{"line":344,"column":4}},"locations":[{"start":{"line":312,"column":14},"end":{"line":344,"column":4}}]},"31":{"type":"branch","line":314,"loc":{"start":{"line":314,"column":60},"end":{"line":322,"column":5}},"locations":[{"start":{"line":314,"column":60},"end":{"line":322,"column":5}}]},"32":{"type":"branch","line":343,"loc":{"start":{"line":343,"column":28},"end":{"line":343,"column":33}},"locations":[{"start":{"line":343,"column":28},"end":{"line":343,"column":33}}]},"33":{"type":"branch","line":325,"loc":{"start":{"line":325,"column":10},"end":{"line":325,"column":64}},"locations":[{"start":{"line":325,"column":10},"end":{"line":325,"column":64}}]},"34":{"type":"branch","line":351,"loc":{"start":{"line":351,"column":11},"end":{"line":384,"column":5}},"locations":[{"start":{"line":351,"column":11},"end":{"line":384,"column":5}}]},"35":{"type":"branch","line":352,"loc":{"start":{"line":352,"column":14},"end":{"line":384,"column":4}},"locations":[{"start":{"line":352,"column":14},"end":{"line":384,"column":4}}]},"36":{"type":"branch","line":354,"loc":{"start":{"line":354,"column":60},"end":{"line":362,"column":5}},"locations":[{"start":{"line":354,"column":60},"end":{"line":362,"column":5}}]},"37":{"type":"branch","line":365,"loc":{"start":{"line":365,"column":10},"end":{"line":365,"column":64}},"locations":[{"start":{"line":365,"column":10},"end":{"line":365,"column":64}}]},"38":{"type":"branch","line":391,"loc":{"start":{"line":391,"column":16},"end":{"line":473,"column":5}},"locations":[{"start":{"line":391,"column":16},"end":{"line":473,"column":5}}]},"39":{"type":"branch","line":392,"loc":{"start":{"line":392,"column":14},"end":{"line":473,"column":4}},"locations":[{"start":{"line":392,"column":14},"end":{"line":473,"column":4}}]},"40":{"type":"branch","line":394,"loc":{"start":{"line":394,"column":60},"end":{"line":402,"column":5}},"locations":[{"start":{"line":394,"column":60},"end":{"line":402,"column":5}}]},"41":{"type":"branch","line":405,"loc":{"start":{"line":405,"column":78},"end":{"line":415,"column":5}},"locations":[{"start":{"line":405,"column":78},"end":{"line":415,"column":5}}]},"42":{"type":"branch","line":429,"loc":{"start":{"line":429,"column":5},"end":{"line":429,"column":22}},"locations":[{"start":{"line":429,"column":5},"end":{"line":429,"column":22}}]},"43":{"type":"branch","line":432,"loc":{"start":{"line":432,"column":34},"end":{"line":440,"column":5}},"locations":[{"start":{"line":432,"column":34},"end":{"line":440,"column":5}}]},"44":{"type":"branch","line":442,"loc":{"start":{"line":442,"column":75},"end":{"line":442,"column":88}},"locations":[{"start":{"line":442,"column":75},"end":{"line":442,"column":88}}]},"45":{"type":"branch","line":445,"loc":{"start":{"line":445,"column":33},"end":{"line":447,"column":5}},"locations":[{"start":{"line":445,"column":33},"end":{"line":447,"column":5}}]},"46":{"type":"branch","line":461,"loc":{"start":{"line":461,"column":29},"end":{"line":467,"column":5}},"locations":[{"start":{"line":461,"column":29},"end":{"line":467,"column":5}}]},"47":{"type":"branch","line":418,"loc":{"start":{"line":418,"column":10},"end":{"line":418,"column":64}},"locations":[{"start":{"line":418,"column":10},"end":{"line":418,"column":64}}]},"48":{"type":"branch","line":487,"loc":{"start":{"line":487,"column":32},"end":{"line":592,"column":1}},"locations":[{"start":{"line":487,"column":32},"end":{"line":592,"column":1}}]},"49":{"type":"branch","line":503,"loc":{"start":{"line":503,"column":29},"end":{"line":515,"column":3}},"locations":[{"start":{"line":503,"column":29},"end":{"line":515,"column":3}}]},"50":{"type":"branch","line":507,"loc":{"start":{"line":507,"column":9},"end":{"line":507,"column":55}},"locations":[{"start":{"line":507,"column":9},"end":{"line":507,"column":55}}]},"51":{"type":"branch","line":519,"loc":{"start":{"line":519,"column":14},"end":{"line":519,"column":59}},"locations":[{"start":{"line":519,"column":14},"end":{"line":519,"column":59}}]},"52":{"type":"branch","line":521,"loc":{"start":{"line":521,"column":14},"end":{"line":521,"column":59}},"locations":[{"start":{"line":521,"column":14},"end":{"line":521,"column":59}}]},"53":{"type":"branch","line":523,"loc":{"start":{"line":523,"column":14},"end":{"line":523,"column":59}},"locations":[{"start":{"line":523,"column":14},"end":{"line":523,"column":59}}]},"54":{"type":"branch","line":525,"loc":{"start":{"line":525,"column":11},"end":{"line":525,"column":53}},"locations":[{"start":{"line":525,"column":11},"end":{"line":525,"column":53}}]},"55":{"type":"branch","line":527,"loc":{"start":{"line":527,"column":16},"end":{"line":527,"column":63}},"locations":[{"start":{"line":527,"column":16},"end":{"line":527,"column":63}}]},"56":{"type":"branch","line":529,"loc":{"start":{"line":529,"column":16},"end":{"line":529,"column":52}},"locations":[{"start":{"line":529,"column":16},"end":{"line":529,"column":52}}]},"57":{"type":"branch","line":531,"loc":{"start":{"line":531,"column":20},"end":{"line":531,"column":80}},"locations":[{"start":{"line":531,"column":20},"end":{"line":531,"column":80}}]},"58":{"type":"branch","line":550,"loc":{"start":{"line":550,"column":12},"end":{"line":586,"column":5}},"locations":[{"start":{"line":550,"column":12},"end":{"line":586,"column":5}}]},"59":{"type":"branch","line":551,"loc":{"start":{"line":551,"column":14},"end":{"line":586,"column":4}},"locations":[{"start":{"line":551,"column":14},"end":{"line":586,"column":4}}]},"60":{"type":"branch","line":642,"loc":{"start":{"line":642,"column":12},"end":{"line":661,"column":2}},"locations":[{"start":{"line":642,"column":12},"end":{"line":661,"column":2}}]}},"b":{"0":[5],"1":[7],"2":[1],"3":[5],"4":[0],"5":[104],"6":[14],"7":[2],"8":[2],"9":[1],"10":[0],"11":[1],"12":[0],"13":[1],"14":[0],"15":[1],"16":[0],"17":[0],"18":[0],"19":[1],"20":[2],"21":[2],"22":[1],"23":[1],"24":[1],"25":[1],"26":[0],"27":[0],"28":[0],"29":[1],"30":[1],"31":[0],"32":[0],"33":[1],"34":[1],"35":[1],"36":[0],"37":[1],"38":[1],"39":[1],"40":[0],"41":[0],"42":[0],"43":[1],"44":[0],"45":[32],"46":[0],"47":[1],"48":[14],"49":[1],"50":[1],"51":[2],"52":[2],"53":[1],"54":[1],"55":[1],"56":[1],"57":[1],"58":[1],"59":[1],"60":[13]},"fnMap":{"0":{"name":"createEthjsAddress","decl":{"start":{"line":21,"column":27},"end":{"line":24,"column":1}},"loc":{"start":{"line":21,"column":27},"end":{"line":24,"column":1}},"line":21},"1":{"name":"isValidAddress","decl":{"start":{"line":31,"column":23},"end":{"line":33,"column":1}},"loc":{"start":{"line":31,"column":23},"end":{"line":33,"column":1}},"line":31},"2":{"name":"isValidHex","decl":{"start":{"line":40,"column":19},"end":{"line":40,"column":54}},"loc":{"start":{"line":40,"column":19},"end":{"line":40,"column":54}},"line":40},"3":{"name":"bytesToHex","decl":{"start":{"line":47,"column":19},"end":{"line":54,"column":1}},"loc":{"start":{"line":47,"column":19},"end":{"line":54,"column":1}},"line":47},"4":{"name":"createActionServices","decl":{"start":{"line":72,"column":29},"end":{"line":475,"column":1}},"loc":{"start":{"line":72,"column":29},"end":{"line":475,"column":1}},"line":72},"5":{"name":"getAccount","decl":{"start":{"line":79,"column":14},"end":{"line":136,"column":5}},"loc":{"start":{"line":79,"column":14},"end":{"line":136,"column":5}},"line":79},"6":{"name":"try","decl":{"start":{"line":93,"column":10},"end":{"line":93,"column":64}},"loc":{"start":{"line":93,"column":10},"end":{"line":93,"column":64}},"line":93},"7":{"name":"catch","decl":{"start":{"line":94,"column":12},"end":{"line":98,"column":8}},"loc":{"start":{"line":94,"column":12},"end":{"line":98,"column":8}},"line":94},"8":{"name":"setAccount","decl":{"start":{"line":143,"column":14},"end":{"line":304,"column":5}},"loc":{"start":{"line":143,"column":14},"end":{"line":304,"column":5}},"line":143},"9":{"name":"try","decl":{"start":{"line":157,"column":10},"end":{"line":157,"column":64}},"loc":{"start":{"line":157,"column":10},"end":{"line":157,"column":64}},"line":157},"10":{"name":"catch","decl":{"start":{"line":158,"column":12},"end":{"line":162,"column":8}},"loc":{"start":{"line":158,"column":12},"end":{"line":162,"column":8}},"line":158},"11":{"name":"try","decl":{"start":{"line":165,"column":10},"end":{"line":165,"column":42}},"loc":{"start":{"line":165,"column":10},"end":{"line":165,"column":42}},"line":165},"12":{"name":"catch","decl":{"start":{"line":166,"column":12},"end":{"line":170,"column":8}},"loc":{"start":{"line":166,"column":12},"end":{"line":170,"column":8}},"line":166},"13":{"name":"getBalance","decl":{"start":{"line":311,"column":14},"end":{"line":344,"column":5}},"loc":{"start":{"line":311,"column":14},"end":{"line":344,"column":5}},"line":311},"14":{"name":"try","decl":{"start":{"line":325,"column":10},"end":{"line":325,"column":64}},"loc":{"start":{"line":325,"column":10},"end":{"line":325,"column":64}},"line":325},"15":{"name":"catch","decl":{"start":{"line":326,"column":12},"end":{"line":330,"column":8}},"loc":{"start":{"line":326,"column":12},"end":{"line":330,"column":8}},"line":326},"16":{"name":"getCode","decl":{"start":{"line":351,"column":11},"end":{"line":384,"column":5}},"loc":{"start":{"line":351,"column":11},"end":{"line":384,"column":5}},"line":351},"17":{"name":"try","decl":{"start":{"line":365,"column":10},"end":{"line":365,"column":64}},"loc":{"start":{"line":365,"column":10},"end":{"line":365,"column":64}},"line":365},"18":{"name":"catch","decl":{"start":{"line":366,"column":12},"end":{"line":370,"column":8}},"loc":{"start":{"line":366,"column":12},"end":{"line":370,"column":8}},"line":366},"19":{"name":"getStorageAt","decl":{"start":{"line":391,"column":16},"end":{"line":473,"column":5}},"loc":{"start":{"line":391,"column":16},"end":{"line":473,"column":5}},"line":391},"20":{"name":"try","decl":{"start":{"line":418,"column":10},"end":{"line":418,"column":64}},"loc":{"start":{"line":418,"column":10},"end":{"line":418,"column":64}},"line":418},"21":{"name":"catch","decl":{"start":{"line":419,"column":12},"end":{"line":423,"column":8}},"loc":{"start":{"line":419,"column":12},"end":{"line":423,"column":8}},"line":419},"22":{"name":"createMemoryClientShape","decl":{"start":{"line":487,"column":32},"end":{"line":592,"column":1}},"loc":{"start":{"line":487,"column":32},"end":{"line":592,"column":1}},"line":487},"23":{"name":"try","decl":{"start":{"line":507,"column":9},"end":{"line":507,"column":55}},"loc":{"start":{"line":507,"column":9},"end":{"line":507,"column":55}},"line":507},"24":{"name":"catch","decl":{"start":{"line":508,"column":11},"end":{"line":512,"column":7}},"loc":{"start":{"line":508,"column":11},"end":{"line":512,"column":7}},"line":508},"25":{"name":"getAccount","decl":{"start":{"line":519,"column":14},"end":{"line":519,"column":59}},"loc":{"start":{"line":519,"column":14},"end":{"line":519,"column":59}},"line":519},"26":{"name":"setAccount","decl":{"start":{"line":521,"column":14},"end":{"line":521,"column":59}},"loc":{"start":{"line":521,"column":14},"end":{"line":521,"column":59}},"line":521},"27":{"name":"getBalance","decl":{"start":{"line":523,"column":14},"end":{"line":523,"column":59}},"loc":{"start":{"line":523,"column":14},"end":{"line":523,"column":59}},"line":523},"28":{"name":"getCode","decl":{"start":{"line":525,"column":11},"end":{"line":525,"column":53}},"loc":{"start":{"line":525,"column":11},"end":{"line":525,"column":53}},"line":525},"29":{"name":"getStorageAt","decl":{"start":{"line":527,"column":16},"end":{"line":527,"column":63}},"loc":{"start":{"line":527,"column":16},"end":{"line":527,"column":63}},"line":527},"30":{"name":"takeSnapshot","decl":{"start":{"line":529,"column":16},"end":{"line":529,"column":52}},"loc":{"start":{"line":529,"column":16},"end":{"line":529,"column":52}},"line":529},"31":{"name":"revertToSnapshot","decl":{"start":{"line":531,"column":20},"end":{"line":531,"column":80}},"loc":{"start":{"line":531,"column":20},"end":{"line":531,"column":80}},"line":531},"32":{"name":"deepCopy","decl":{"start":{"line":550,"column":12},"end":{"line":586,"column":5}},"loc":{"start":{"line":550,"column":12},"end":{"line":586,"column":5}},"line":550},"33":{"name":"copy","decl":{"start":{"line":574,"column":11},"end":{"line":574,"column":41}},"loc":{"start":{"line":574,"column":11},"end":{"line":574,"column":41}},"line":574}},"f":{"0":5,"1":7,"2":1,"3":5,"4":14,"5":2,"6":1,"7":0,"8":2,"9":1,"10":0,"11":1,"12":0,"13":1,"14":1,"15":0,"16":1,"17":1,"18":0,"19":1,"20":1,"21":0,"22":14,"23":1,"24":0,"25":2,"26":2,"27":1,"28":1,"29":1,"30":1,"31":1,"32":1,"33":0}}
,"/Users/colinnielsen/code/tevm-monorepo/packages/memory-client-effect/src/MemoryClientService.js": {"path":"/Users/colinnielsen/code/tevm-monorepo/packages/memory-client-effect/src/MemoryClientService.js","all":false,"statementMap":{"0":{"start":{"line":1,"column":0},"end":{"line":1,"column":3}},"1":{"start":{"line":2,"column":0},"end":{"line":2,"column":57}},"2":{"start":{"line":3,"column":0},"end":{"line":3,"column":56}},"3":{"start":{"line":4,"column":0},"end":{"line":4,"column":3}},"5":{"start":{"line":6,"column":0},"end":{"line":6,"column":32}},"7":{"start":{"line":8,"column":0},"end":{"line":8,"column":3}},"8":{"start":{"line":9,"column":0},"end":{"line":9,"column":88}},"9":{"start":{"line":10,"column":0},"end":{"line":10,"column":2}},"10":{"start":{"line":11,"column":0},"end":{"line":11,"column":90}},"11":{"start":{"line":12,"column":0},"end":{"line":12,"column":48}},"12":{"start":{"line":13,"column":0},"end":{"line":13,"column":40}},"13":{"start":{"line":14,"column":0},"end":{"line":14,"column":37}},"14":{"start":{"line":15,"column":0},"end":{"line":15,"column":35}},"15":{"start":{"line":16,"column":0},"end":{"line":16,"column":34}},"16":{"start":{"line":17,"column":0},"end":{"line":17,"column":2}},"17":{"start":{"line":18,"column":0},"end":{"line":18,"column":11}},"18":{"start":{"line":19,"column":0},"end":{"line":19,"column":16}},"19":{"start":{"line":20,"column":0},"end":{"line":20,"column":34}},"20":{"start":{"line":21,"column":0},"end":{"line":21,"column":85}},"21":{"start":{"line":22,"column":0},"end":{"line":22,"column":2}},"22":{"start":{"line":23,"column":0},"end":{"line":23,"column":44}},"23":{"start":{"line":24,"column":0},"end":{"line":24,"column":46}},"24":{"start":{"line":25,"column":0},"end":{"line":25,"column":2}},"25":{"start":{"line":26,"column":0},"end":{"line":26,"column":35}},"26":{"start":{"line":27,"column":0},"end":{"line":27,"column":24}},"27":{"start":{"line":28,"column":0},"end":{"line":28,"column":2}},"28":{"start":{"line":29,"column":0},"end":{"line":29,"column":27}},"29":{"start":{"line":30,"column":0},"end":{"line":30,"column":47}},"30":{"start":{"line":31,"column":0},"end":{"line":31,"column":60}},"31":{"start":{"line":32,"column":0},"end":{"line":32,"column":7}},"32":{"start":{"line":33,"column":0},"end":{"line":33,"column":2}},"33":{"start":{"line":34,"column":0},"end":{"line":34,"column":25}},"34":{"start":{"line":35,"column":0},"end":{"line":35,"column":31}},"35":{"start":{"line":36,"column":0},"end":{"line":36,"column":61}},"36":{"start":{"line":37,"column":0},"end":{"line":37,"column":36}},"37":{"start":{"line":38,"column":0},"end":{"line":38,"column":7}},"38":{"start":{"line":39,"column":0},"end":{"line":39,"column":2}},"39":{"start":{"line":40,"column":0},"end":{"line":40,"column":43}},"40":{"start":{"line":41,"column":0},"end":{"line":41,"column":52}},"41":{"start":{"line":42,"column":0},"end":{"line":42,"column":2}},"42":{"start":{"line":43,"column":0},"end":{"line":43,"column":35}},"43":{"start":{"line":44,"column":0},"end":{"line":44,"column":5}},"44":{"start":{"line":45,"column":0},"end":{"line":45,"column":2}},"45":{"start":{"line":46,"column":0},"end":{"line":46,"column":37}},"46":{"start":{"line":47,"column":0},"end":{"line":47,"column":42}},"47":{"start":{"line":48,"column":0},"end":{"line":48,"column":53}},"48":{"start":{"line":49,"column":0},"end":{"line":49,"column":4}},"49":{"start":{"line":50,"column":0},"end":{"line":50,"column":6}},"50":{"start":{"line":51,"column":0},"end":{"line":51,"column":2}},"51":{"start":{"line":52,"column":0},"end":{"line":52,"column":3}},"52":{"start":{"line":53,"column":0},"end":{"line":53,"column":54}},"53":{"start":{"line":54,"column":0},"end":{"line":54,"column":49}},"54":{"start":{"line":55,"column":0},"end":{"line":55,"column":1}}},"s":{"0":1,"1":1,"2":1,"3":1,"5":1,"7":1,"8":1,"9":1,"10":1,"11":1,"12":1,"13":1,"14":1,"15":1,"16":1,"17":1,"18":1,"19":1,"20":1,"21":1,"22":1,"23":1,"24":1,"25":1,"26":1,"27":1,"28":1,"29":1,"30":1,"31":1,"32":1,"33":1,"34":1,"35":1,"36":1,"37":1,"38":1,"39":1,"40":1,"41":1,"42":1,"43":1,"44":1,"45":1,"46":1,"47":1,"48":1,"49":1,"50":1,"51":1,"52":1,"53":1,"54":1},"branchMap":{},"b":{},"fnMap":{},"f":{}}
,"/Users/colinnielsen/code/tevm-monorepo/packages/memory-client-effect/src/createMemoryClient.js": {"path":"/Users/colinnielsen/code/tevm-monorepo/packages/memory-client-effect/src/createMemoryClient.js","all":false,"statementMap":{"0":{"start":{"line":1,"column":0},"end":{"line":1,"column":3}},"1":{"start":{"line":2,"column":0},"end":{"line":2,"column":56}},"2":{"start":{"line":3,"column":0},"end":{"line":3,"column":61}},"3":{"start":{"line":4,"column":0},"end":{"line":4,"column":3}},"5":{"start":{"line":6,"column":0},"end":{"line":6,"column":54}},"6":{"start":{"line":7,"column":0},"end":{"line":7,"column":62}},"7":{"start":{"line":8,"column":0},"end":{"line":8,"column":56}},"8":{"start":{"line":9,"column":0},"end":{"line":9,"column":54}},"9":{"start":{"line":10,"column":0},"end":{"line":10,"column":40}},"10":{"start":{"line":11,"column":0},"end":{"line":11,"column":54}},"11":{"start":{"line":12,"column":0},"end":{"line":12,"column":57}},"12":{"start":{"line":13,"column":0},"end":{"line":13,"column":42}},"13":{"start":{"line":14,"column":0},"end":{"line":14,"column":67}},"14":{"start":{"line":15,"column":0},"end":{"line":15,"column":72}},"15":{"start":{"line":16,"column":0},"end":{"line":16,"column":48}},"17":{"start":{"line":18,"column":0},"end":{"line":18,"column":3}},"18":{"start":{"line":19,"column":0},"end":{"line":19,"column":51}},"19":{"start":{"line":20,"column":0},"end":{"line":20,"column":63}},"20":{"start":{"line":21,"column":0},"end":{"line":21,"column":28}},"21":{"start":{"line":22,"column":0},"end":{"line":22,"column":3}},"22":{"start":{"line":23,"column":0},"end":{"line":23,"column":54}},"23":{"start":{"line":24,"column":0},"end":{"line":24,"column":9}},"24":{"start":{"line":25,"column":0},"end":{"line":25,"column":18}},"25":{"start":{"line":26,"column":0},"end":{"line":26,"column":14}},"26":{"start":{"line":27,"column":0},"end":{"line":27,"column":14}},"27":{"start":{"line":28,"column":0},"end":{"line":28,"column":14}},"28":{"start":{"line":29,"column":0},"end":{"line":29,"column":14}},"29":{"start":{"line":30,"column":0},"end":{"line":30,"column":11}},"30":{"start":{"line":31,"column":0},"end":{"line":31,"column":16}},"31":{"start":{"line":32,"column":0},"end":{"line":32,"column":16}},"32":{"start":{"line":33,"column":0},"end":{"line":33,"column":20}},"33":{"start":{"line":34,"column":0},"end":{"line":34,"column":12}},"34":{"start":{"line":35,"column":0},"end":{"line":35,"column":11}},"35":{"start":{"line":36,"column":0},"end":{"line":36,"column":2}},"37":{"start":{"line":38,"column":0},"end":{"line":38,"column":3}},"38":{"start":{"line":39,"column":0},"end":{"line":39,"column":68}},"39":{"start":{"line":40,"column":0},"end":{"line":40,"column":49}},"40":{"start":{"line":41,"column":0},"end":{"line":41,"column":66}},"41":{"start":{"line":42,"column":0},"end":{"line":42,"column":72}},"42":{"start":{"line":43,"column":0},"end":{"line":43,"column":3}},"43":{"start":{"line":44,"column":0},"end":{"line":44,"column":46}},"44":{"start":{"line":45,"column":0},"end":{"line":45,"column":43}},"45":{"start":{"line":46,"column":0},"end":{"line":46,"column":66}},"46":{"start":{"line":47,"column":0},"end":{"line":47,"column":2}},"48":{"start":{"line":49,"column":0},"end":{"line":49,"column":54}},"49":{"start":{"line":50,"column":0},"end":{"line":50,"column":32}},"50":{"start":{"line":51,"column":0},"end":{"line":51,"column":2}},"52":{"start":{"line":53,"column":0},"end":{"line":53,"column":33}},"53":{"start":{"line":54,"column":0},"end":{"line":54,"column":18}},"54":{"start":{"line":55,"column":0},"end":{"line":55,"column":86}},"55":{"start":{"line":56,"column":0},"end":{"line":56,"column":3}},"56":{"start":{"line":57,"column":0},"end":{"line":57,"column":2}},"58":{"start":{"line":59,"column":0},"end":{"line":59,"column":69}},"59":{"start":{"line":60,"column":0},"end":{"line":60,"column":1}},"61":{"start":{"line":62,"column":0},"end":{"line":62,"column":3}},"62":{"start":{"line":63,"column":0},"end":{"line":63,"column":37}},"63":{"start":{"line":64,"column":0},"end":{"line":64,"column":73}},"64":{"start":{"line":65,"column":0},"end":{"line":65,"column":78}},"65":{"start":{"line":66,"column":0},"end":{"line":66,"column":62}},"66":{"start":{"line":67,"column":0},"end":{"line":67,"column":167}},"67":{"start":{"line":68,"column":0},"end":{"line":68,"column":168}},"68":{"start":{"line":69,"column":0},"end":{"line":69,"column":124}},"69":{"start":{"line":70,"column":0},"end":{"line":70,"column":133}},"70":{"start":{"line":71,"column":0},"end":{"line":71,"column":144}},"71":{"start":{"line":72,"column":0},"end":{"line":72,"column":89}},"72":{"start":{"line":73,"column":0},"end":{"line":73,"column":108}},"73":{"start":{"line":74,"column":0},"end":{"line":74,"column":84}},"74":{"start":{"line":75,"column":0},"end":{"line":75,"column":72}},"75":{"start":{"line":76,"column":0},"end":{"line":76,"column":50}},"76":{"start":{"line":77,"column":0},"end":{"line":77,"column":105}},"77":{"start":{"line":78,"column":0},"end":{"line":78,"column":156}},"78":{"start":{"line":79,"column":0},"end":{"line":79,"column":3}},"80":{"start":{"line":81,"column":0},"end":{"line":81,"column":3}},"81":{"start":{"line":82,"column":0},"end":{"line":82,"column":57}},"82":{"start":{"line":83,"column":0},"end":{"line":83,"column":2}},"83":{"start":{"line":84,"column":0},"end":{"line":84,"column":44}},"84":{"start":{"line":85,"column":0},"end":{"line":85,"column":25}},"85":{"start":{"line":86,"column":0},"end":{"line":86,"column":21}},"86":{"start":{"line":87,"column":0},"end":{"line":87,"column":17}},"87":{"start":{"line":88,"column":0},"end":{"line":88,"column":20}},"88":{"start":{"line":89,"column":0},"end":{"line":89,"column":29}},"89":{"start":{"line":90,"column":0},"end":{"line":90,"column":2}},"90":{"start":{"line":91,"column":0},"end":{"line":91,"column":85}},"91":{"start":{"line":92,"column":0},"end":{"line":92,"column":60}},"92":{"start":{"line":93,"column":0},"end":{"line":93,"column":3}},"93":{"start":{"line":94,"column":0},"end":{"line":94,"column":43}},"94":{"start":{"line":95,"column":0},"end":{"line":95,"column":48}},"95":{"start":{"line":96,"column":0},"end":{"line":96,"column":39}},"96":{"start":{"line":97,"column":0},"end":{"line":97,"column":65}},"97":{"start":{"line":98,"column":0},"end":{"line":98,"column":105}},"98":{"start":{"line":99,"column":0},"end":{"line":99,"column":35}},"99":{"start":{"line":100,"column":0},"end":{"line":100,"column":3}},"101":{"start":{"line":102,"column":0},"end":{"line":102,"column":50}},"102":{"start":{"line":103,"column":0},"end":{"line":103,"column":74}},"104":{"start":{"line":105,"column":0},"end":{"line":105,"column":47}},"105":{"start":{"line":106,"column":0},"end":{"line":106,"column":70}},"107":{"start":{"line":108,"column":0},"end":{"line":108,"column":67}},"108":{"start":{"line":109,"column":0},"end":{"line":109,"column":32}},"109":{"start":{"line":110,"column":0},"end":{"line":110,"column":12}},"110":{"start":{"line":111,"column":0},"end":{"line":111,"column":65}},"111":{"start":{"line":112,"column":0},"end":{"line":112,"column":2}},"113":{"start":{"line":114,"column":0},"end":{"line":114,"column":71}},"114":{"start":{"line":115,"column":0},"end":{"line":115,"column":31}},"115":{"start":{"line":116,"column":0},"end":{"line":116,"column":11}},"116":{"start":{"line":117,"column":0},"end":{"line":117,"column":75}},"117":{"start":{"line":118,"column":0},"end":{"line":118,"column":2}},"119":{"start":{"line":120,"column":0},"end":{"line":120,"column":62}},"120":{"start":{"line":121,"column":0},"end":{"line":121,"column":73}},"122":{"start":{"line":123,"column":0},"end":{"line":123,"column":66}},"123":{"start":{"line":124,"column":0},"end":{"line":124,"column":37}},"124":{"start":{"line":125,"column":0},"end":{"line":125,"column":78}},"126":{"start":{"line":127,"column":0},"end":{"line":127,"column":37}},"127":{"start":{"line":128,"column":0},"end":{"line":128,"column":38}},"128":{"start":{"line":129,"column":0},"end":{"line":129,"column":14}},"129":{"start":{"line":130,"column":0},"end":{"line":130,"column":20}},"130":{"start":{"line":131,"column":0},"end":{"line":131,"column":18}},"131":{"start":{"line":132,"column":0},"end":{"line":132,"column":11}},"132":{"start":{"line":133,"column":0},"end":{"line":133,"column":10}},"133":{"start":{"line":134,"column":0},"end":{"line":134,"column":23}},"134":{"start":{"line":135,"column":0},"end":{"line":135,"column":2}},"136":{"start":{"line":137,"column":0},"end":{"line":137,"column":39}},"137":{"start":{"line":138,"column":0},"end":{"line":138,"column":81}},"139":{"start":{"line":140,"column":0},"end":{"line":140,"column":97}},"140":{"start":{"line":141,"column":0},"end":{"line":141,"column":1}},"142":{"start":{"line":143,"column":0},"end":{"line":143,"column":3}},"143":{"start":{"line":144,"column":0},"end":{"line":144,"column":73}},"144":{"start":{"line":145,"column":0},"end":{"line":145,"column":58}},"145":{"start":{"line":146,"column":0},"end":{"line":146,"column":2}},"146":{"start":{"line":147,"column":0},"end":{"line":147,"column":77}},"147":{"start":{"line":148,"column":0},"end":{"line":148,"column":30}},"148":{"start":{"line":149,"column":0},"end":{"line":149,"column":3}},"149":{"start":{"line":150,"column":0},"end":{"line":150,"column":43}},"150":{"start":{"line":151,"column":0},"end":{"line":151,"column":4}},"151":{"start":{"line":152,"column":0},"end":{"line":152,"column":60}},"152":{"start":{"line":153,"column":0},"end":{"line":153,"column":15}},"153":{"start":{"line":154,"column":0},"end":{"line":154,"column":15}},"154":{"start":{"line":155,"column":0},"end":{"line":155,"column":60}},"155":{"start":{"line":156,"column":0},"end":{"line":156,"column":25}},"156":{"start":{"line":157,"column":0},"end":{"line":157,"column":4}},"157":{"start":{"line":158,"column":0},"end":{"line":158,"column":63}},"159":{"start":{"line":160,"column":0},"end":{"line":160,"column":4}},"160":{"start":{"line":161,"column":0},"end":{"line":161,"column":64}},"161":{"start":{"line":162,"column":0},"end":{"line":162,"column":15}},"162":{"start":{"line":163,"column":0},"end":{"line":163,"column":15}},"163":{"start":{"line":164,"column":0},"end":{"line":164,"column":94}},"164":{"start":{"line":165,"column":0},"end":{"line":165,"column":55}},"165":{"start":{"line":166,"column":0},"end":{"line":166,"column":4}},"166":{"start":{"line":167,"column":0},"end":{"line":167,"column":27}},"167":{"start":{"line":168,"column":0},"end":{"line":168,"column":27}},"168":{"start":{"line":169,"column":0},"end":{"line":169,"column":44}},"169":{"start":{"line":170,"column":0},"end":{"line":170,"column":27}},"170":{"start":{"line":171,"column":0},"end":{"line":171,"column":4}},"172":{"start":{"line":173,"column":0},"end":{"line":173,"column":9}},"173":{"start":{"line":174,"column":0},"end":{"line":174,"column":107}},"174":{"start":{"line":175,"column":0},"end":{"line":175,"column":125}},"175":{"start":{"line":176,"column":0},"end":{"line":176,"column":117}},"176":{"start":{"line":177,"column":0},"end":{"line":177,"column":198}},"177":{"start":{"line":178,"column":0},"end":{"line":178,"column":198}},"178":{"start":{"line":179,"column":0},"end":{"line":179,"column":194}},"179":{"start":{"line":180,"column":0},"end":{"line":180,"column":185}},"180":{"start":{"line":181,"column":0},"end":{"line":181,"column":200}},"181":{"start":{"line":182,"column":0},"end":{"line":182,"column":123}},"182":{"start":{"line":183,"column":0},"end":{"line":183,"column":191}},"183":{"start":{"line":184,"column":0},"end":{"line":184,"column":30}},"184":{"start":{"line":185,"column":0},"end":{"line":185,"column":125}},"185":{"start":{"line":186,"column":0},"end":{"line":186,"column":64}},"186":{"start":{"line":187,"column":0},"end":{"line":187,"column":64}},"187":{"start":{"line":188,"column":0},"end":{"line":188,"column":73}},"188":{"start":{"line":189,"column":0},"end":{"line":189,"column":57}},"189":{"start":{"line":190,"column":0},"end":{"line":190,"column":8}},"190":{"start":{"line":191,"column":0},"end":{"line":191,"column":46}},"191":{"start":{"line":192,"column":0},"end":{"line":192,"column":16}},"192":{"start":{"line":193,"column":0},"end":{"line":193,"column":58}},"193":{"start":{"line":194,"column":0},"end":{"line":194,"column":82}},"194":{"start":{"line":195,"column":0},"end":{"line":195,"column":76}},"195":{"start":{"line":196,"column":0},"end":{"line":196,"column":105}},"196":{"start":{"line":197,"column":0},"end":{"line":197,"column":6}},"197":{"start":{"line":198,"column":0},"end":{"line":198,"column":11}},"198":{"start":{"line":199,"column":0},"end":{"line":199,"column":4}},"199":{"start":{"line":200,"column":0},"end":{"line":200,"column":4}},"200":{"start":{"line":201,"column":0},"end":{"line":201,"column":35}},"201":{"start":{"line":202,"column":0},"end":{"line":202,"column":11}},"202":{"start":{"line":203,"column":0},"end":{"line":203,"column":11}},"203":{"start":{"line":204,"column":0},"end":{"line":204,"column":80}},"204":{"start":{"line":205,"column":0},"end":{"line":205,"column":82}},"205":{"start":{"line":206,"column":0},"end":{"line":206,"column":66}},"206":{"start":{"line":207,"column":0},"end":{"line":207,"column":64}},"207":{"start":{"line":208,"column":0},"end":{"line":208,"column":16}},"208":{"start":{"line":209,"column":0},"end":{"line":209,"column":166}},"209":{"start":{"line":210,"column":0},"end":{"line":210,"column":5}},"210":{"start":{"line":211,"column":0},"end":{"line":211,"column":4}},"211":{"start":{"line":212,"column":0},"end":{"line":212,"column":2}},"212":{"start":{"line":213,"column":0},"end":{"line":213,"column":1}},"214":{"start":{"line":215,"column":0},"end":{"line":215,"column":3}},"215":{"start":{"line":216,"column":0},"end":{"line":216,"column":60}},"216":{"start":{"line":217,"column":0},"end":{"line":217,"column":2}},"217":{"start":{"line":218,"column":0},"end":{"line":218,"column":80}},"218":{"start":{"line":219,"column":0},"end":{"line":219,"column":79}},"219":{"start":{"line":220,"column":0},"end":{"line":220,"column":14}},"220":{"start":{"line":221,"column":0},"end":{"line":221,"column":2}},"221":{"start":{"line":222,"column":0},"end":{"line":222,"column":22}},"222":{"start":{"line":223,"column":0},"end":{"line":223,"column":80}},"223":{"start":{"line":224,"column":0},"end":{"line":224,"column":79}},"224":{"start":{"line":225,"column":0},"end":{"line":225,"column":82}},"225":{"start":{"line":226,"column":0},"end":{"line":226,"column":53}},"226":{"start":{"line":227,"column":0},"end":{"line":227,"column":2}},"227":{"start":{"line":228,"column":0},"end":{"line":228,"column":11}},"228":{"start":{"line":229,"column":0},"end":{"line":229,"column":16}},"229":{"start":{"line":230,"column":0},"end":{"line":230,"column":66}},"230":{"start":{"line":231,"column":0},"end":{"line":231,"column":2}},"231":{"start":{"line":232,"column":0},"end":{"line":232,"column":40}},"232":{"start":{"line":233,"column":0},"end":{"line":233,"column":38}},"233":{"start":{"line":234,"column":0},"end":{"line":234,"column":2}},"234":{"start":{"line":235,"column":0},"end":{"line":235,"column":20}},"235":{"start":{"line":236,"column":0},"end":{"line":236,"column":23}},"236":{"start":{"line":237,"column":0},"end":{"line":237,"column":2}},"237":{"start":{"line":238,"column":0},"end":{"line":238,"column":29}},"238":{"start":{"line":239,"column":0},"end":{"line":239,"column":52}},"239":{"start":{"line":240,"column":0},"end":{"line":240,"column":44}},"240":{"start":{"line":241,"column":0},"end":{"line":241,"column":58}},"241":{"start":{"line":242,"column":0},"end":{"line":242,"column":5}},"242":{"start":{"line":243,"column":0},"end":{"line":243,"column":2}},"243":{"start":{"line":244,"column":0},"end":{"line":244,"column":30}},"244":{"start":{"line":245,"column":0},"end":{"line":245,"column":32}},"245":{"start":{"line":246,"column":0},"end":{"line":246,"column":59}},"246":{"start":{"line":247,"column":0},"end":{"line":247,"column":34}},"247":{"start":{"line":248,"column":0},"end":{"line":248,"column":5}},"248":{"start":{"line":249,"column":0},"end":{"line":249,"column":2}},"249":{"start":{"line":250,"column":0},"end":{"line":250,"column":22}},"250":{"start":{"line":251,"column":0},"end":{"line":251,"column":49}},"251":{"start":{"line":252,"column":0},"end":{"line":252,"column":26}},"252":{"start":{"line":253,"column":0},"end":{"line":253,"column":44}},"253":{"start":{"line":254,"column":0},"end":{"line":254,"column":2}},"254":{"start":{"line":255,"column":0},"end":{"line":255,"column":46}},"255":{"start":{"line":256,"column":0},"end":{"line":256,"column":57}},"256":{"start":{"line":257,"column":0},"end":{"line":257,"column":30}},"257":{"start":{"line":258,"column":0},"end":{"line":258,"column":51}},"258":{"start":{"line":259,"column":0},"end":{"line":259,"column":45}},"259":{"start":{"line":260,"column":0},"end":{"line":260,"column":7}},"260":{"start":{"line":261,"column":0},"end":{"line":261,"column":4}},"261":{"start":{"line":262,"column":0},"end":{"line":262,"column":2}},"262":{"start":{"line":263,"column":0},"end":{"line":263,"column":24}},"263":{"start":{"line":264,"column":0},"end":{"line":264,"column":25}},"264":{"start":{"line":265,"column":0},"end":{"line":265,"column":6}},"265":{"start":{"line":266,"column":0},"end":{"line":266,"column":2}},"266":{"start":{"line":267,"column":0},"end":{"line":267,"column":11}},"267":{"start":{"line":268,"column":0},"end":{"line":268,"column":16}},"268":{"start":{"line":269,"column":0},"end":{"line":269,"column":29}},"269":{"start":{"line":270,"column":0},"end":{"line":270,"column":38}},"270":{"start":{"line":271,"column":0},"end":{"line":271,"column":12}},"271":{"start":{"line":272,"column":0},"end":{"line":272,"column":52}},"272":{"start":{"line":273,"column":0},"end":{"line":273,"column":29}},"273":{"start":{"line":274,"column":0},"end":{"line":274,"column":6}},"274":{"start":{"line":275,"column":0},"end":{"line":275,"column":5}},"275":{"start":{"line":276,"column":0},"end":{"line":276,"column":6}},"276":{"start":{"line":277,"column":0},"end":{"line":277,"column":2}},"277":{"start":{"line":278,"column":0},"end":{"line":278,"column":85}},"278":{"start":{"line":279,"column":0},"end":{"line":279,"column":30}},"279":{"start":{"line":280,"column":0},"end":{"line":280,"column":3}},"280":{"start":{"line":281,"column":0},"end":{"line":281,"column":53}},"281":{"start":{"line":282,"column":0},"end":{"line":282,"column":34}},"282":{"start":{"line":283,"column":0},"end":{"line":283,"column":39}},"284":{"start":{"line":285,"column":0},"end":{"line":285,"column":51}},"285":{"start":{"line":286,"column":0},"end":{"line":286,"column":50}},"287":{"start":{"line":288,"column":0},"end":{"line":288,"column":4}},"288":{"start":{"line":289,"column":0},"end":{"line":289,"column":60}},"289":{"start":{"line":290,"column":0},"end":{"line":290,"column":15}},"290":{"start":{"line":291,"column":0},"end":{"line":291,"column":15}},"291":{"start":{"line":292,"column":0},"end":{"line":292,"column":60}},"292":{"start":{"line":293,"column":0},"end":{"line":293,"column":25}},"293":{"start":{"line":294,"column":0},"end":{"line":294,"column":4}},"294":{"start":{"line":295,"column":0},"end":{"line":295,"column":38}},"295":{"start":{"line":296,"column":0},"end":{"line":296,"column":42}},"296":{"start":{"line":297,"column":0},"end":{"line":297,"column":2}},"298":{"start":{"line":299,"column":0},"end":{"line":299,"column":4}},"299":{"start":{"line":300,"column":0},"end":{"line":300,"column":64}},"300":{"start":{"line":301,"column":0},"end":{"line":301,"column":15}},"301":{"start":{"line":302,"column":0},"end":{"line":302,"column":15}},"302":{"start":{"line":303,"column":0},"end":{"line":303,"column":94}},"303":{"start":{"line":304,"column":0},"end":{"line":304,"column":55}},"304":{"start":{"line":305,"column":0},"end":{"line":305,"column":4}},"305":{"start":{"line":306,"column":0},"end":{"line":306,"column":27}},"306":{"start":{"line":307,"column":0},"end":{"line":307,"column":27}},"307":{"start":{"line":308,"column":0},"end":{"line":308,"column":44}},"308":{"start":{"line":309,"column":0},"end":{"line":309,"column":27}},"309":{"start":{"line":310,"column":0},"end":{"line":310,"column":4}},"311":{"start":{"line":312,"column":0},"end":{"line":312,"column":9}},"312":{"start":{"line":313,"column":0},"end":{"line":313,"column":53}},"314":{"start":{"line":315,"column":0},"end":{"line":315,"column":71}},"316":{"start":{"line":317,"column":0},"end":{"line":317,"column":63}},"318":{"start":{"line":319,"column":0},"end":{"line":319,"column":29}},"319":{"start":{"line":320,"column":0},"end":{"line":320,"column":54}},"321":{"start":{"line":322,"column":0},"end":{"line":322,"column":29}},"322":{"start":{"line":323,"column":0},"end":{"line":323,"column":54}},"324":{"start":{"line":325,"column":0},"end":{"line":325,"column":25}},"325":{"start":{"line":326,"column":0},"end":{"line":326,"column":54}},"327":{"start":{"line":328,"column":0},"end":{"line":328,"column":22}},"328":{"start":{"line":329,"column":0},"end":{"line":329,"column":51}},"330":{"start":{"line":331,"column":0},"end":{"line":331,"column":27}},"331":{"start":{"line":332,"column":0},"end":{"line":332,"column":56}},"333":{"start":{"line":334,"column":0},"end":{"line":334,"column":21}},"334":{"start":{"line":335,"column":0},"end":{"line":335,"column":50}},"336":{"start":{"line":337,"column":0},"end":{"line":337,"column":35}},"337":{"start":{"line":338,"column":0},"end":{"line":338,"column":64}},"339":{"start":{"line":340,"column":0},"end":{"line":340,"column":25}},"340":{"start":{"line":341,"column":0},"end":{"line":341,"column":62}},"341":{"start":{"line":342,"column":0},"end":{"line":342,"column":39}},"342":{"start":{"line":343,"column":0},"end":{"line":343,"column":35}},"343":{"start":{"line":344,"column":0},"end":{"line":344,"column":4}},"345":{"start":{"line":346,"column":0},"end":{"line":346,"column":64}},"346":{"start":{"line":347,"column":0},"end":{"line":347,"column":64}},"348":{"start":{"line":349,"column":0},"end":{"line":349,"column":67}},"349":{"start":{"line":350,"column":0},"end":{"line":350,"column":73}},"351":{"start":{"line":352,"column":0},"end":{"line":352,"column":56}},"352":{"start":{"line":353,"column":0},"end":{"line":353,"column":57}},"354":{"start":{"line":355,"column":0},"end":{"line":355,"column":62}},"355":{"start":{"line":356,"column":0},"end":{"line":356,"column":8}},"356":{"start":{"line":357,"column":0},"end":{"line":357,"column":46}},"357":{"start":{"line":358,"column":0},"end":{"line":358,"column":16}},"358":{"start":{"line":359,"column":0},"end":{"line":359,"column":58}},"359":{"start":{"line":360,"column":0},"end":{"line":360,"column":82}},"360":{"start":{"line":361,"column":0},"end":{"line":361,"column":53}},"361":{"start":{"line":362,"column":0},"end":{"line":362,"column":105}},"362":{"start":{"line":363,"column":0},"end":{"line":363,"column":6}},"363":{"start":{"line":364,"column":0},"end":{"line":364,"column":11}},"364":{"start":{"line":365,"column":0},"end":{"line":365,"column":4}},"365":{"start":{"line":366,"column":0},"end":{"line":366,"column":4}},"367":{"start":{"line":368,"column":0},"end":{"line":368,"column":42}},"369":{"start":{"line":370,"column":0},"end":{"line":370,"column":11}},"370":{"start":{"line":371,"column":0},"end":{"line":371,"column":27}},"371":{"start":{"line":372,"column":0},"end":{"line":372,"column":9}},"372":{"start":{"line":373,"column":0},"end":{"line":373,"column":4}},"373":{"start":{"line":374,"column":0},"end":{"line":374,"column":2}},"374":{"start":{"line":375,"column":0},"end":{"line":375,"column":1}}},"s":{"0":1,"1":1,"2":1,"3":1,"5":1,"6":1,"7":1,"8":1,"9":1,"10":1,"11":1,"12":1,"13":1,"14":1,"15":1,"17":1,"18":1,"19":1,"20":1,"21":1,"22":1,"23":1,"24":1,"25":1,"26":1,"27":1,"28":1,"29":1,"30":1,"31":1,"32":1,"33":1,"34":1,"35":1,"37":1,"38":1,"39":1,"40":1,"41":1,"42":1,"43":1,"44":0,"45":0,"46":0,"48":0,"49":0,"50":0,"52":0,"53":0,"54":0,"55":0,"56":0,"58":0,"59":0,"61":1,"62":1,"63":1,"64":1,"65":1,"66":1,"67":1,"68":1,"69":1,"70":1,"71":1,"72":1,"73":1,"74":1,"75":1,"76":1,"77":1,"78":1,"80":1,"81":1,"82":1,"83":1,"84":1,"85":1,"86":1,"87":1,"88":1,"89":1,"90":1,"91":1,"92":1,"93":1,"94":0,"95":0,"96":0,"97":0,"98":0,"99":0,"101":0,"102":0,"104":0,"105":0,"107":0,"108":0,"109":0,"110":0,"111":0,"113":0,"114":0,"115":0,"116":0,"117":0,"119":0,"120":0,"122":0,"123":0,"124":0,"126":0,"127":0,"128":0,"129":0,"130":0,"131":0,"132":0,"133":0,"134":0,"136":0,"137":0,"139":0,"140":0,"142":1,"143":1,"144":1,"145":1,"146":1,"147":1,"148":1,"149":1,"150":0,"151":0,"152":0,"153":0,"154":0,"155":0,"156":0,"157":0,"159":0,"160":0,"161":0,"162":0,"163":0,"164":0,"165":0,"166":0,"167":0,"168":0,"169":0,"170":0,"172":0,"173":0,"174":0,"175":0,"176":0,"177":0,"178":0,"179":0,"180":0,"181":0,"182":0,"183":0,"184":0,"185":0,"186":0,"187":0,"188":0,"189":0,"190":0,"191":0,"192":0,"193":0,"194":0,"195":0,"196":0,"197":0,"198":0,"199":0,"200":0,"201":0,"202":0,"203":0,"204":0,"205":0,"206":0,"207":0,"208":0,"209":0,"210":0,"211":0,"212":0,"214":1,"215":1,"216":1,"217":1,"218":1,"219":1,"220":1,"221":1,"222":1,"223":1,"224":1,"225":1,"226":1,"227":1,"228":1,"229":1,"230":1,"231":1,"232":1,"233":1,"234":1,"235":1,"236":1,"237":1,"238":1,"239":1,"240":1,"241":1,"242":1,"243":1,"244":1,"245":1,"246":1,"247":1,"248":1,"249":1,"250":1,"251":1,"252":1,"253":1,"254":1,"255":1,"256":1,"257":1,"258":1,"259":1,"260":1,"261":1,"262":1,"263":1,"264":1,"265":1,"266":1,"267":1,"268":1,"269":1,"270":1,"271":1,"272":1,"273":1,"274":1,"275":1,"276":1,"277":1,"278":1,"279":1,"280":1,"281":0,"282":0,"284":0,"285":0,"287":0,"288":0,"289":0,"290":0,"291":0,"292":0,"293":0,"294":0,"295":0,"296":0,"298":0,"299":0,"300":0,"301":0,"302":0,"303":0,"304":0,"305":0,"306":0,"307":0,"308":0,"309":0,"311":0,"312":0,"314":0,"316":0,"318":0,"319":0,"321":0,"322":0,"324":0,"325":0,"327":0,"328":0,"330":0,"331":0,"333":0,"334":0,"336":0,"337":0,"339":0,"340":0,"341":0,"342":0,"343":0,"345":0,"346":0,"348":0,"349":0,"351":0,"352":0,"354":0,"355":0,"356":0,"357":0,"358":0,"359":0,"360":0,"361":0,"362":0,"363":0,"364":0,"365":0,"367":0,"369":0,"370":0,"371":0,"372":0,"373":0,"374":0},"branchMap":{},"b":{},"fnMap":{"0":{"name":"validateMemoryClientShape","decl":{"start":{"line":44,"column":34},"end":{"line":60,"column":1}},"loc":{"start":{"line":44,"column":34},"end":{"line":60,"column":1}},"line":44},"1":{"name":"createFullLayer","decl":{"start":{"line":94,"column":24},"end":{"line":141,"column":1}},"loc":{"start":{"line":94,"column":24},"end":{"line":141,"column":1}},"line":94},"2":{"name":"createDeepCopyClient","decl":{"start":{"line":150,"column":29},"end":{"line":213,"column":1}},"loc":{"start":{"line":150,"column":29},"end":{"line":213,"column":1}},"line":150},"3":{"name":"createMemoryClient","decl":{"start":{"line":281,"column":34},"end":{"line":375,"column":1}},"loc":{"start":{"line":281,"column":34},"end":{"line":375,"column":1}},"line":281}},"f":{"0":0,"1":0,"2":0,"3":0}}
}
