{"total": {"lines":{"total":1146,"covered":1138,"skipped":0,"pct":99.3},"statements":{"total":1146,"covered":1138,"skipped":0,"pct":99.3},"functions":{"total":49,"covered":47,"skipped":0,"pct":95.91},"branches":{"total":270,"covered":222,"skipped":0,"pct":82.22},"branchesTrue":{"total":0,"covered":0,"skipped":0,"pct":"Unknown"}}
,"/Users/colinnielsen/code/tevm-monorepo/packages/decorators-effect/src/EthActionsLive.js": {"lines":{"total":223,"covered":220,"skipped":0,"pct":98.65},"functions":{"total":19,"covered":18,"skipped":0,"pct":94.73},"statements":{"total":223,"covered":220,"skipped":0,"pct":98.65},"branches":{"total":74,"covered":57,"skipped":0,"pct":77.02}}
,"/Users/colinnielsen/code/tevm-monorepo/packages/decorators-effect/src/EthActionsService.js": {"lines":{"total":42,"covered":42,"skipped":0,"pct":100},"functions":{"total":0,"covered":0,"skipped":0,"pct":100},"statements":{"total":42,"covered":42,"skipped":0,"pct":100},"branches":{"total":0,"covered":0,"skipped":0,"pct":100}}
,"/Users/colinnielsen/code/tevm-monorepo/packages/decorators-effect/src/RequestLive.js": {"lines":{"total":209,"covered":209,"skipped":0,"pct":100},"functions":{"total":1,"covered":1,"skipped":0,"pct":100},"statements":{"total":209,"covered":209,"skipped":0,"pct":100},"branches":{"total":34,"covered":34,"skipped":0,"pct":100}}
,"/Users/colinnielsen/code/tevm-monorepo/packages/decorators-effect/src/RequestService.js": {"lines":{"total":40,"covered":40,"skipped":0,"pct":100},"functions":{"total":0,"covered":0,"skipped":0,"pct":100},"statements":{"total":40,"covered":40,"skipped":0,"pct":100},"branches":{"total":0,"covered":0,"skipped":0,"pct":100}}
,"/Users/colinnielsen/code/tevm-monorepo/packages/decorators-effect/src/SendLive.js": {"lines":{"total":205,"covered":205,"skipped":0,"pct":100},"functions":{"total":3,"covered":3,"skipped":0,"pct":100},"statements":{"total":205,"covered":205,"skipped":0,"pct":100},"branches":{"total":47,"covered":45,"skipped":0,"pct":95.74}}
,"/Users/colinnielsen/code/tevm-monorepo/packages/decorators-effect/src/SendService.js": {"lines":{"total":43,"covered":43,"skipped":0,"pct":100},"functions":{"total":0,"covered":0,"skipped":0,"pct":100},"statements":{"total":43,"covered":43,"skipped":0,"pct":100},"branches":{"total":0,"covered":0,"skipped":0,"pct":100}}
,"/Users/colinnielsen/code/tevm-monorepo/packages/decorators-effect/src/TevmActionsLive.js": {"lines":{"total":333,"covered":328,"skipped":0,"pct":98.49},"functions":{"total":26,"covered":25,"skipped":0,"pct":96.15},"statements":{"total":333,"covered":328,"skipped":0,"pct":98.49},"branches":{"total":115,"covered":86,"skipped":0,"pct":74.78}}
,"/Users/colinnielsen/code/tevm-monorepo/packages/decorators-effect/src/TevmActionsService.js": {"lines":{"total":51,"covered":51,"skipped":0,"pct":100},"functions":{"total":0,"covered":0,"skipped":0,"pct":100},"statements":{"total":51,"covered":51,"skipped":0,"pct":100},"branches":{"total":0,"covered":0,"skipped":0,"pct":100}}
}
