{"total": {"lines":{"total":266,"covered":266,"skipped":0,"pct":100},"statements":{"total":266,"covered":266,"skipped":0,"pct":100},"functions":{"total":11,"covered":11,"skipped":0,"pct":100},"branches":{"total":43,"covered":43,"skipped":0,"pct":100},"branchesTrue":{"total":0,"covered":0,"skipped":0,"pct":"Unknown"}}
,"/Users/colinnielsen/code/tevm-monorepo/packages/evm-effect/src/EvmLive.js": {"lines":{"total":106,"covered":106,"skipped":0,"pct":100},"functions":{"total":10,"covered":10,"skipped":0,"pct":100},"statements":{"total":106,"covered":106,"skipped":0,"pct":100},"branches":{"total":18,"covered":18,"skipped":0,"pct":100}}
,"/Users/colinnielsen/code/tevm-monorepo/packages/evm-effect/src/EvmService.js": {"lines":{"total":69,"covered":69,"skipped":0,"pct":100},"functions":{"total":0,"covered":0,"skipped":0,"pct":100},"statements":{"total":69,"covered":69,"skipped":0,"pct":100},"branches":{"total":0,"covered":0,"skipped":0,"pct":100}}
,"/Users/colinnielsen/code/tevm-monorepo/packages/evm-effect/src/mapEvmError.js": {"lines":{"total":91,"covered":91,"skipped":0,"pct":100},"functions":{"total":1,"covered":1,"skipped":0,"pct":100},"statements":{"total":91,"covered":91,"skipped":0,"pct":100},"branches":{"total":25,"covered":25,"skipped":0,"pct":100}}
}
