{"total": {"lines":{"total":986,"covered":981,"skipped":0,"pct":99.49},"statements":{"total":986,"covered":981,"skipped":0,"pct":99.49},"functions":{"total":38,"covered":38,"skipped":0,"pct":100},"branches":{"total":128,"covered":127,"skipped":0,"pct":99.21},"branchesTrue":{"total":0,"covered":0,"skipped":0,"pct":"Unknown"}}
,"/Users/colinnielsen/code/tevm-monorepo/packages/node-effect/src/BlockParamsLive.js": {"lines":{"total":124,"covered":124,"skipped":0,"pct":100},"functions":{"total":8,"covered":8,"skipped":0,"pct":100},"statements":{"total":124,"covered":124,"skipped":0,"pct":100},"branches":{"total":11,"covered":11,"skipped":0,"pct":100}}
,"/Users/colinnielsen/code/tevm-monorepo/packages/node-effect/src/BlockParamsService.js": {"lines":{"total":56,"covered":56,"skipped":0,"pct":100},"functions":{"total":0,"covered":0,"skipped":0,"pct":100},"statements":{"total":56,"covered":56,"skipped":0,"pct":100},"branches":{"total":0,"covered":0,"skipped":0,"pct":100}}
,"/Users/colinnielsen/code/tevm-monorepo/packages/node-effect/src/FilterLive.js": {"lines":{"total":347,"covered":347,"skipped":0,"pct":100},"functions":{"total":16,"covered":16,"skipped":0,"pct":100},"statements":{"total":347,"covered":347,"skipped":0,"pct":100},"branches":{"total":79,"covered":79,"skipped":0,"pct":100}}
,"/Users/colinnielsen/code/tevm-monorepo/packages/node-effect/src/FilterService.js": {"lines":{"total":43,"covered":43,"skipped":0,"pct":100},"functions":{"total":0,"covered":0,"skipped":0,"pct":100},"statements":{"total":43,"covered":43,"skipped":0,"pct":100},"branches":{"total":0,"covered":0,"skipped":0,"pct":100}}
,"/Users/colinnielsen/code/tevm-monorepo/packages/node-effect/src/ImpersonationLive.js": {"lines":{"total":90,"covered":90,"skipped":0,"pct":100},"functions":{"total":5,"covered":5,"skipped":0,"pct":100},"statements":{"total":90,"covered":90,"skipped":0,"pct":100},"branches":{"total":8,"covered":8,"skipped":0,"pct":100}}
,"/Users/colinnielsen/code/tevm-monorepo/packages/node-effect/src/ImpersonationService.js": {"lines":{"total":51,"covered":51,"skipped":0,"pct":100},"functions":{"total":0,"covered":0,"skipped":0,"pct":100},"statements":{"total":51,"covered":51,"skipped":0,"pct":100},"branches":{"total":0,"covered":0,"skipped":0,"pct":100}}
,"/Users/colinnielsen/code/tevm-monorepo/packages/node-effect/src/SnapshotLive.js": {"lines":{"total":218,"covered":213,"skipped":0,"pct":97.7},"functions":{"total":9,"covered":9,"skipped":0,"pct":100},"statements":{"total":218,"covered":213,"skipped":0,"pct":97.7},"branches":{"total":30,"covered":29,"skipped":0,"pct":96.66}}
,"/Users/colinnielsen/code/tevm-monorepo/packages/node-effect/src/SnapshotService.js": {"lines":{"total":57,"covered":57,"skipped":0,"pct":100},"functions":{"total":0,"covered":0,"skipped":0,"pct":100},"statements":{"total":57,"covered":57,"skipped":0,"pct":100},"branches":{"total":0,"covered":0,"skipped":0,"pct":100}}
}
