{"/Users/williamcory/tevm-monorepo/packages/actions-effect/src/GetAccountLive.js": {"path":"/Users/williamcory/tevm-monorepo/packages/actions-effect/src/GetAccountLive.js","statementMap":{"0":{"start":{"line":15,"column":24},"end":{"line":15,"column":null}},"1":{"start":{"line":21,"column":27},"end":{"line":21,"column":null}},"2":{"start":{"line":28,"column":19},"end":{"line":38,"column":null}},"3":{"start":{"line":29,"column":1},"end":{"line":29,"column":null}},"4":{"start":{"line":29,"column":35},"end":{"line":29,"column":null}},"5":{"start":{"line":30,"column":11},"end":{"line":30,"column":null}},"6":{"start":{"line":31,"column":1},"end":{"line":36,"column":null}},"7":{"start":{"line":31,"column":14},"end":{"line":31,"column":15}},"8":{"start":{"line":32,"column":15},"end":{"line":32,"column":null}},"9":{"start":{"line":33,"column":2},"end":{"line":35,"column":null}},"10":{"start":{"line":34,"column":3},"end":{"line":34,"column":null}},"11":{"start":{"line":37,"column":1},"end":{"line":37,"column":null}},"12":{"start":{"line":46,"column":25},"end":{"line":60,"column":null}},"13":{"start":{"line":47,"column":1},"end":{"line":60,"column":null}},"14":{"start":{"line":50,"column":2},"end":{"line":52,"column":null}},"15":{"start":{"line":51,"column":3},"end":{"line":51,"column":null}},"16":{"start":{"line":53,"column":2},"end":{"line":59,"column":null}},"17":{"start":{"line":68,"column":30},"end":{"line":79,"column":null}},"18":{"start":{"line":69,"column":1},"end":{"line":79,"column":null}},"19":{"start":{"line":70,"column":2},"end":{"line":78,"column":null}},"20":{"start":{"line":71,"column":3},"end":{"line":77,"column":null}},"21":{"start":{"line":86,"column":24},"end":{"line":107,"column":null}},"22":{"start":{"line":87,"column":1},"end":{"line":107,"column":null}},"23":{"start":{"line":88,"column":2},"end":{"line":96,"column":null}},"24":{"start":{"line":89,"column":3},"end":{"line":95,"column":null}},"25":{"start":{"line":97,"column":2},"end":{"line":105,"column":null}},"26":{"start":{"line":98,"column":3},"end":{"line":104,"column":null}},"27":{"start":{"line":106,"column":2},"end":{"line":106,"column":null}},"28":{"start":{"line":137,"column":30},"end":{"line":227,"column":null}},"29":{"start":{"line":140,"column":23},"end":{"line":140,"column":null}},"30":{"start":{"line":142,"column":2},"end":{"line":225,"column":null}},"31":{"start":{"line":147,"column":4},"end":{"line":224,"column":6}},"32":{"start":{"line":149,"column":21},"end":{"line":149,"column":null}},"33":{"start":{"line":152,"column":5},"end":{"line":152,"column":null}},"34":{"start":{"line":155,"column":5},"end":{"line":155,"column":null}},"35":{"start":{"line":159,"column":26},"end":{"line":168,"column":null}},"36":{"start":{"line":162,"column":8},"end":{"line":166,"column":10}},"37":{"start":{"line":171,"column":18},"end":{"line":180,"column":null}},"38":{"start":{"line":174,"column":8},"end":{"line":178,"column":10}},"39":{"start":{"line":181,"column":30},"end":{"line":181,"column":null}},"40":{"start":{"line":184,"column":24},"end":{"line":184,"column":null}},"41":{"start":{"line":188,"column":5},"end":{"line":199,"column":null}},"42":{"start":{"line":189,"column":6},"end":{"line":198,"column":null}},"43":{"start":{"line":202,"column":19},"end":{"line":202,"column":null}},"44":{"start":{"line":203,"column":21},"end":{"line":203,"column":null}},"45":{"start":{"line":206,"column":25},"end":{"line":206,"column":null}},"46":{"start":{"line":207,"column":22},"end":{"line":207,"column":null}},"47":{"start":{"line":209,"column":21},"end":{"line":209,"column":null}},"48":{"start":{"line":212,"column":20},"end":{"line":221,"column":null}},"49":{"start":{"line":223,"column":5},"end":{"line":223,"column":null}}},"fnMap":{"0":{"name":"(anonymous_0)","decl":{"start":{"line":28,"column":19},"end":{"line":28,"column":20}},"loc":{"start":{"line":28,"column":30},"end":{"line":38,"column":null}},"line":28},"1":{"name":"(anonymous_1)","decl":{"start":{"line":46,"column":25},"end":{"line":46,"column":26}},"loc":{"start":{"line":47,"column":1},"end":{"line":60,"column":null}},"line":47},"2":{"name":"(anonymous_2)","decl":{"start":{"line":47,"column":12},"end":{"line":47,"column":20}},"loc":{"start":{"line":47,"column":25},"end":{"line":60,"column":2}},"line":47},"3":{"name":"(anonymous_3)","decl":{"start":{"line":68,"column":30},"end":{"line":68,"column":31}},"loc":{"start":{"line":69,"column":1},"end":{"line":79,"column":null}},"line":69},"4":{"name":"(anonymous_4)","decl":{"start":{"line":69,"column":12},"end":{"line":69,"column":20}},"loc":{"start":{"line":69,"column":25},"end":{"line":79,"column":2}},"line":69},"5":{"name":"(anonymous_5)","decl":{"start":{"line":86,"column":24},"end":{"line":86,"column":25}},"loc":{"start":{"line":87,"column":1},"end":{"line":107,"column":null}},"line":87},"6":{"name":"(anonymous_6)","decl":{"start":{"line":87,"column":12},"end":{"line":87,"column":20}},"loc":{"start":{"line":87,"column":25},"end":{"line":107,"column":2}},"line":87},"7":{"name":"(anonymous_7)","decl":{"start":{"line":139,"column":12},"end":{"line":139,"column":20}},"loc":{"start":{"line":139,"column":25},"end":{"line":226,"column":2}},"line":139},"8":{"name":"(anonymous_8)","decl":{"start":{"line":146,"column":15},"end":{"line":146,"column":16}},"loc":{"start":{"line":147,"column":4},"end":{"line":224,"column":6}},"line":147},"9":{"name":"(anonymous_9)","decl":{"start":{"line":147,"column":15},"end":{"line":147,"column":23}},"loc":{"start":{"line":147,"column":28},"end":{"line":224,"column":5}},"line":147},"10":{"name":"(anonymous_10)","decl":{"start":{"line":161,"column":7},"end":{"line":161,"column":8}},"loc":{"start":{"line":162,"column":8},"end":{"line":166,"column":10}},"line":162},"11":{"name":"(anonymous_11)","decl":{"start":{"line":173,"column":7},"end":{"line":173,"column":8}},"loc":{"start":{"line":174,"column":8},"end":{"line":178,"column":10}},"line":174}},"branchMap":{"0":{"loc":{"start":{"line":29,"column":1},"end":{"line":29,"column":null}},"type":"if","locations":[{"start":{"line":29,"column":1},"end":{"line":29,"column":null}},{"start":{},"end":{}}],"line":29},"1":{"loc":{"start":{"line":29,"column":5},"end":{"line":29,"column":33}},"type":"binary-expr","locations":[{"start":{"line":29,"column":5},"end":{"line":29,"column":11}},{"start":{"line":29,"column":15},"end":{"line":29,"column":33}}],"line":29},"2":{"loc":{"start":{"line":33,"column":2},"end":{"line":35,"column":null}},"type":"if","locations":[{"start":{"line":33,"column":2},"end":{"line":35,"column":null}},{"start":{},"end":{}}],"line":33},"3":{"loc":{"start":{"line":46,"column":36},"end":{"line":46,"column":62}},"type":"default-arg","locations":[{"start":{"line":46,"column":45},"end":{"line":46,"column":62}}],"line":46},"4":{"loc":{"start":{"line":50,"column":2},"end":{"line":52,"column":null}},"type":"if","locations":[{"start":{"line":50,"column":2},"end":{"line":52,"column":null}},{"start":{},"end":{}}],"line":50},"5":{"loc":{"start":{"line":50,"column":6},"end":{"line":50,"column":53}},"type":"binary-expr","locations":[{"start":{"line":50,"column":6},"end":{"line":50,"column":28}},{"start":{"line":50,"column":32},"end":{"line":50,"column":53}}],"line":50},"6":{"loc":{"start":{"line":68,"column":46},"end":{"line":68,"column":72}},"type":"default-arg","locations":[{"start":{"line":68,"column":55},"end":{"line":68,"column":72}}],"line":68},"7":{"loc":{"start":{"line":70,"column":2},"end":{"line":78,"column":null}},"type":"if","locations":[{"start":{"line":70,"column":2},"end":{"line":78,"column":null}},{"start":{},"end":{}}],"line":70},"8":{"loc":{"start":{"line":86,"column":34},"end":{"line":86,"column":60}},"type":"default-arg","locations":[{"start":{"line":86,"column":43},"end":{"line":86,"column":60}}],"line":86},"9":{"loc":{"start":{"line":88,"column":2},"end":{"line":96,"column":null}},"type":"if","locations":[{"start":{"line":88,"column":2},"end":{"line":96,"column":null}},{"start":{},"end":{}}],"line":88},"10":{"loc":{"start":{"line":88,"column":6},"end":{"line":88,"column":45}},"type":"binary-expr","locations":[{"start":{"line":88,"column":6},"end":{"line":88,"column":14}},{"start":{"line":88,"column":18},"end":{"line":88,"column":45}}],"line":88},"11":{"loc":{"start":{"line":97,"column":2},"end":{"line":105,"column":null}},"type":"if","locations":[{"start":{"line":97,"column":2},"end":{"line":105,"column":null}},{"start":{},"end":{}}],"line":97},"12":{"loc":{"start":{"line":163,"column":44},"end":{"line":163,"column":86}},"type":"cond-expr","locations":[{"start":{"line":163,"column":65},"end":{"line":163,"column":74}},{"start":{"line":163,"column":77},"end":{"line":163,"column":86}}],"line":163},"13":{"loc":{"start":{"line":175,"column":41},"end":{"line":175,"column":83}},"type":"cond-expr","locations":[{"start":{"line":175,"column":62},"end":{"line":175,"column":71}},{"start":{"line":175,"column":74},"end":{"line":175,"column":83}}],"line":175},"14":{"loc":{"start":{"line":188,"column":5},"end":{"line":199,"column":null}},"type":"if","locations":[{"start":{"line":188,"column":5},"end":{"line":199,"column":null}},{"start":{},"end":{}}],"line":188},"15":{"loc":{"start":{"line":202,"column":19},"end":{"line":202,"column":null}},"type":"binary-expr","locations":[{"start":{"line":202,"column":19},"end":{"line":202,"column":37}},{"start":{"line":202,"column":41},"end":{"line":202,"column":null}}],"line":202},"16":{"loc":{"start":{"line":203,"column":21},"end":{"line":203,"column":null}},"type":"binary-expr","locations":[{"start":{"line":203,"column":21},"end":{"line":203,"column":41}},{"start":{"line":203,"column":45},"end":{"line":203,"column":null}}],"line":203},"17":{"loc":{"start":{"line":206,"column":25},"end":{"line":206,"column":null}},"type":"cond-expr","locations":[{"start":{"line":206,"column":52},"end":{"line":206,"column":88}},{"start":{"line":206,"column":91},"end":{"line":206,"column":null}}],"line":206},"18":{"loc":{"start":{"line":207,"column":22},"end":{"line":207,"column":null}},"type":"cond-expr","locations":[{"start":{"line":207,"column":46},"end":{"line":207,"column":79}},{"start":{"line":207,"column":82},"end":{"line":207,"column":null}}],"line":207},"19":{"loc":{"start":{"line":209,"column":21},"end":{"line":209,"column":null}},"type":"binary-expr","locations":[{"start":{"line":209,"column":21},"end":{"line":209,"column":33}},{"start":{"line":209,"column":37},"end":{"line":209,"column":51}},{"start":{"line":209,"column":55},"end":{"line":209,"column":null}}],"line":209}},"s":{"0":1,"1":1,"2":1,"3":25,"4":11,"5":14,"6":14,"7":14,"8":186,"9":186,"10":186,"11":14,"12":1,"13":16,"14":16,"15":15,"16":1,"17":1,"18":15,"19":15,"20":2,"21":1,"22":20,"23":20,"24":1,"25":19,"26":3,"27":16,"28":1,"29":21,"30":21,"31":20,"32":20,"33":16,"34":15,"35":13,"36":0,"37":13,"38":0,"39":13,"40":13,"41":13,"42":6,"43":7,"44":20,"45":20,"46":20,"47":20,"48":20,"49":20},"f":{"0":25,"1":16,"2":16,"3":15,"4":15,"5":20,"6":20,"7":21,"8":20,"9":20,"10":0,"11":0},"b":{"0":[11,14],"1":[25,25],"2":[186,0],"3":[16],"4":[15,1],"5":[16,2],"6":[15],"7":[2,13],"8":[20],"9":[1,19],"10":[20,19],"11":[3,16],"12":[0,0],"13":[0,0],"14":[6,7],"15":[7,1],"16":[20,1],"17":[6,1],"18":[6,1],"19":[20,2,1]},"meta":{"lastBranch":20,"lastFunction":12,"lastStatement":50,"seen":{"s:15:24:15:Infinity":0,"s:21:27:21:Infinity":1,"s:28:19:38:Infinity":2,"f:28:19:28:20":0,"b:29:1:29:Infinity:undefined:undefined:undefined:undefined":0,"s:29:1:29:Infinity":3,"b:29:5:29:11:29:15:29:33":1,"s:29:35:29:Infinity":4,"s:30:11:30:Infinity":5,"s:31:1:36:Infinity":6,"s:31:14:31:15":7,"s:32:15:32:Infinity":8,"b:33:2:35:Infinity:undefined:undefined:undefined:undefined":2,"s:33:2:35:Infinity":9,"s:34:3:34:Infinity":10,"s:37:1:37:Infinity":11,"s:46:25:60:Infinity":12,"f:46:25:46:26":1,"s:47:1:60:Infinity":13,"b:46:45:46:62":3,"f:47:12:47:20":2,"b:50:2:52:Infinity:undefined:undefined:undefined:undefined":4,"s:50:2:52:Infinity":14,"b:50:6:50:28:50:32:50:53":5,"s:51:3:51:Infinity":15,"s:53:2:59:Infinity":16,"s:68:30:79:Infinity":17,"f:68:30:68:31":3,"s:69:1:79:Infinity":18,"b:68:55:68:72":6,"f:69:12:69:20":4,"b:70:2:78:Infinity:undefined:undefined:undefined:undefined":7,"s:70:2:78:Infinity":19,"s:71:3:77:Infinity":20,"s:86:24:107:Infinity":21,"f:86:24:86:25":5,"s:87:1:107:Infinity":22,"b:86:43:86:60":8,"f:87:12:87:20":6,"b:88:2:96:Infinity:undefined:undefined:undefined:undefined":9,"s:88:2:96:Infinity":23,"b:88:6:88:14:88:18:88:45":10,"s:89:3:95:Infinity":24,"b:97:2:105:Infinity:undefined:undefined:undefined:undefined":11,"s:97:2:105:Infinity":25,"s:98:3:104:Infinity":26,"s:106:2:106:Infinity":27,"s:137:30:227:Infinity":28,"f:139:12:139:20":7,"s:140:23:140:Infinity":29,"s:142:2:225:Infinity":30,"f:146:15:146:16":8,"s:147:4:224:6":31,"f:147:15:147:23":9,"s:149:21:149:Infinity":32,"s:152:5:152:Infinity":33,"s:155:5:155:Infinity":34,"s:159:26:168:Infinity":35,"f:161:7:161:8":10,"s:162:8:166:10":36,"b:163:65:163:74:163:77:163:86":12,"s:171:18:180:Infinity":37,"f:173:7:173:8":11,"s:174:8:178:10":38,"b:175:62:175:71:175:74:175:83":13,"s:181:30:181:Infinity":39,"s:184:24:184:Infinity":40,"b:188:5:199:Infinity:undefined:undefined:undefined:undefined":14,"s:188:5:199:Infinity":41,"s:189:6:198:Infinity":42,"s:202:19:202:Infinity":43,"b:202:19:202:37:202:41:202:Infinity":15,"s:203:21:203:Infinity":44,"b:203:21:203:41:203:45:203:Infinity":16,"s:206:25:206:Infinity":45,"b:206:52:206:88:206:91:206:Infinity":17,"s:207:22:207:Infinity":46,"b:207:46:207:79:207:82:207:Infinity":18,"s:209:21:209:Infinity":47,"b:209:21:209:33:209:37:209:51:209:55:209:Infinity":19,"s:212:20:221:Infinity":48,"s:223:5:223:Infinity":49}}}
,"/Users/williamcory/tevm-monorepo/packages/actions-effect/src/GetAccountService.js": {"path":"/Users/williamcory/tevm-monorepo/packages/actions-effect/src/GetAccountService.js","statementMap":{"0":{"start":{"line":46,"column":33},"end":{"line":46,"column":null}}},"fnMap":{},"branchMap":{},"s":{"0":2},"f":{},"b":{},"meta":{"lastBranch":0,"lastFunction":0,"lastStatement":1,"seen":{"s:46:33:46:Infinity":0}}}
,"/Users/williamcory/tevm-monorepo/packages/actions-effect/src/GetBalanceLive.js": {"path":"/Users/williamcory/tevm-monorepo/packages/actions-effect/src/GetBalanceLive.js","statementMap":{"0":{"start":{"line":17,"column":25},"end":{"line":31,"column":null}},"1":{"start":{"line":18,"column":1},"end":{"line":31,"column":null}},"2":{"start":{"line":21,"column":2},"end":{"line":23,"column":null}},"3":{"start":{"line":22,"column":3},"end":{"line":22,"column":null}},"4":{"start":{"line":24,"column":2},"end":{"line":30,"column":null}},"5":{"start":{"line":38,"column":24},"end":{"line":59,"column":null}},"6":{"start":{"line":39,"column":1},"end":{"line":59,"column":null}},"7":{"start":{"line":40,"column":2},"end":{"line":48,"column":null}},"8":{"start":{"line":41,"column":3},"end":{"line":47,"column":null}},"9":{"start":{"line":49,"column":2},"end":{"line":57,"column":null}},"10":{"start":{"line":50,"column":3},"end":{"line":56,"column":null}},"11":{"start":{"line":58,"column":2},"end":{"line":58,"column":null}},"12":{"start":{"line":89,"column":30},"end":{"line":123,"column":null}},"13":{"start":{"line":92,"column":23},"end":{"line":92,"column":null}},"14":{"start":{"line":94,"column":2},"end":{"line":121,"column":null}},"15":{"start":{"line":99,"column":4},"end":{"line":120,"column":6}},"16":{"start":{"line":101,"column":21},"end":{"line":101,"column":null}},"17":{"start":{"line":104,"column":5},"end":{"line":104,"column":null}},"18":{"start":{"line":107,"column":21},"end":{"line":116,"column":null}},"19":{"start":{"line":110,"column":8},"end":{"line":114,"column":10}},"20":{"start":{"line":119,"column":5},"end":{"line":119,"column":null}}},"fnMap":{"0":{"name":"(anonymous_0)","decl":{"start":{"line":17,"column":25},"end":{"line":17,"column":26}},"loc":{"start":{"line":18,"column":1},"end":{"line":31,"column":null}},"line":18},"1":{"name":"(anonymous_1)","decl":{"start":{"line":18,"column":12},"end":{"line":18,"column":20}},"loc":{"start":{"line":18,"column":25},"end":{"line":31,"column":2}},"line":18},"2":{"name":"(anonymous_2)","decl":{"start":{"line":38,"column":24},"end":{"line":38,"column":25}},"loc":{"start":{"line":39,"column":1},"end":{"line":59,"column":null}},"line":39},"3":{"name":"(anonymous_3)","decl":{"start":{"line":39,"column":12},"end":{"line":39,"column":20}},"loc":{"start":{"line":39,"column":25},"end":{"line":59,"column":2}},"line":39},"4":{"name":"(anonymous_4)","decl":{"start":{"line":91,"column":12},"end":{"line":91,"column":20}},"loc":{"start":{"line":91,"column":25},"end":{"line":122,"column":2}},"line":91},"5":{"name":"(anonymous_5)","decl":{"start":{"line":98,"column":15},"end":{"line":98,"column":16}},"loc":{"start":{"line":99,"column":4},"end":{"line":120,"column":6}},"line":99},"6":{"name":"(anonymous_6)","decl":{"start":{"line":99,"column":15},"end":{"line":99,"column":23}},"loc":{"start":{"line":99,"column":28},"end":{"line":120,"column":5}},"line":99},"7":{"name":"(anonymous_7)","decl":{"start":{"line":109,"column":7},"end":{"line":109,"column":8}},"loc":{"start":{"line":110,"column":8},"end":{"line":114,"column":10}},"line":110}},"branchMap":{"0":{"loc":{"start":{"line":17,"column":36},"end":{"line":17,"column":61}},"type":"default-arg","locations":[{"start":{"line":17,"column":45},"end":{"line":17,"column":61}}],"line":17},"1":{"loc":{"start":{"line":21,"column":2},"end":{"line":23,"column":null}},"type":"if","locations":[{"start":{"line":21,"column":2},"end":{"line":23,"column":null}},{"start":{},"end":{}}],"line":21},"2":{"loc":{"start":{"line":21,"column":6},"end":{"line":21,"column":53}},"type":"binary-expr","locations":[{"start":{"line":21,"column":6},"end":{"line":21,"column":28}},{"start":{"line":21,"column":32},"end":{"line":21,"column":53}}],"line":21},"3":{"loc":{"start":{"line":38,"column":34},"end":{"line":38,"column":59}},"type":"default-arg","locations":[{"start":{"line":38,"column":43},"end":{"line":38,"column":59}}],"line":38},"4":{"loc":{"start":{"line":40,"column":2},"end":{"line":48,"column":null}},"type":"if","locations":[{"start":{"line":40,"column":2},"end":{"line":48,"column":null}},{"start":{},"end":{}}],"line":40},"5":{"loc":{"start":{"line":40,"column":6},"end":{"line":40,"column":45}},"type":"binary-expr","locations":[{"start":{"line":40,"column":6},"end":{"line":40,"column":14}},{"start":{"line":40,"column":18},"end":{"line":40,"column":45}}],"line":40},"6":{"loc":{"start":{"line":49,"column":2},"end":{"line":57,"column":null}},"type":"if","locations":[{"start":{"line":49,"column":2},"end":{"line":57,"column":null}},{"start":{},"end":{}}],"line":49},"7":{"loc":{"start":{"line":111,"column":56},"end":{"line":111,"column":98}},"type":"cond-expr","locations":[{"start":{"line":111,"column":77},"end":{"line":111,"column":86}},{"start":{"line":111,"column":89},"end":{"line":111,"column":98}}],"line":111},"8":{"loc":{"start":{"line":119,"column":12},"end":{"line":119,"column":null}},"type":"binary-expr","locations":[{"start":{"line":119,"column":12},"end":{"line":119,"column":28}},{"start":{"line":119,"column":32},"end":{"line":119,"column":null}}],"line":119}},"s":{"0":1,"1":5,"2":5,"3":4,"4":1,"5":1,"6":9,"7":9,"8":1,"9":8,"10":3,"11":5,"12":1,"13":10,"14":10,"15":9,"16":9,"17":5,"18":4,"19":0,"20":4},"f":{"0":5,"1":5,"2":9,"3":9,"4":10,"5":9,"6":9,"7":0},"b":{"0":[5],"1":[4,1],"2":[5,2],"3":[9],"4":[1,8],"5":[9,8],"6":[3,5],"7":[0,0],"8":[4,3]},"meta":{"lastBranch":9,"lastFunction":8,"lastStatement":21,"seen":{"s:17:25:31:Infinity":0,"f:17:25:17:26":0,"s:18:1:31:Infinity":1,"b:17:45:17:61":0,"f:18:12:18:20":1,"b:21:2:23:Infinity:undefined:undefined:undefined:undefined":1,"s:21:2:23:Infinity":2,"b:21:6:21:28:21:32:21:53":2,"s:22:3:22:Infinity":3,"s:24:2:30:Infinity":4,"s:38:24:59:Infinity":5,"f:38:24:38:25":2,"s:39:1:59:Infinity":6,"b:38:43:38:59":3,"f:39:12:39:20":3,"b:40:2:48:Infinity:undefined:undefined:undefined:undefined":4,"s:40:2:48:Infinity":7,"b:40:6:40:14:40:18:40:45":5,"s:41:3:47:Infinity":8,"b:49:2:57:Infinity:undefined:undefined:undefined:undefined":6,"s:49:2:57:Infinity":9,"s:50:3:56:Infinity":10,"s:58:2:58:Infinity":11,"s:89:30:123:Infinity":12,"f:91:12:91:20":4,"s:92:23:92:Infinity":13,"s:94:2:121:Infinity":14,"f:98:15:98:16":5,"s:99:4:120:6":15,"f:99:15:99:23":6,"s:101:21:101:Infinity":16,"s:104:5:104:Infinity":17,"s:107:21:116:Infinity":18,"f:109:7:109:8":7,"s:110:8:114:10":19,"b:111:77:111:86:111:89:111:98":7,"s:119:5:119:Infinity":20,"b:119:12:119:28:119:32:119:Infinity":8}}}
,"/Users/williamcory/tevm-monorepo/packages/actions-effect/src/GetBalanceService.js": {"path":"/Users/williamcory/tevm-monorepo/packages/actions-effect/src/GetBalanceService.js","statementMap":{"0":{"start":{"line":43,"column":33},"end":{"line":43,"column":null}}},"fnMap":{},"branchMap":{},"s":{"0":2},"f":{},"b":{},"meta":{"lastBranch":0,"lastFunction":0,"lastStatement":1,"seen":{"s:43:33:43:Infinity":0}}}
,"/Users/williamcory/tevm-monorepo/packages/actions-effect/src/GetCodeLive.js": {"path":"/Users/williamcory/tevm-monorepo/packages/actions-effect/src/GetCodeLive.js","statementMap":{"0":{"start":{"line":16,"column":19},"end":{"line":26,"column":null}},"1":{"start":{"line":17,"column":1},"end":{"line":17,"column":null}},"2":{"start":{"line":17,"column":35},"end":{"line":17,"column":null}},"3":{"start":{"line":18,"column":11},"end":{"line":18,"column":null}},"4":{"start":{"line":19,"column":1},"end":{"line":24,"column":null}},"5":{"start":{"line":19,"column":14},"end":{"line":19,"column":15}},"6":{"start":{"line":20,"column":15},"end":{"line":20,"column":null}},"7":{"start":{"line":21,"column":2},"end":{"line":23,"column":null}},"8":{"start":{"line":22,"column":3},"end":{"line":22,"column":null}},"9":{"start":{"line":25,"column":1},"end":{"line":25,"column":null}},"10":{"start":{"line":34,"column":25},"end":{"line":48,"column":null}},"11":{"start":{"line":35,"column":1},"end":{"line":48,"column":null}},"12":{"start":{"line":38,"column":2},"end":{"line":40,"column":null}},"13":{"start":{"line":39,"column":3},"end":{"line":39,"column":null}},"14":{"start":{"line":41,"column":2},"end":{"line":47,"column":null}},"15":{"start":{"line":55,"column":24},"end":{"line":76,"column":null}},"16":{"start":{"line":56,"column":1},"end":{"line":76,"column":null}},"17":{"start":{"line":57,"column":2},"end":{"line":65,"column":null}},"18":{"start":{"line":58,"column":3},"end":{"line":64,"column":null}},"19":{"start":{"line":66,"column":2},"end":{"line":74,"column":null}},"20":{"start":{"line":67,"column":3},"end":{"line":73,"column":null}},"21":{"start":{"line":75,"column":2},"end":{"line":75,"column":null}},"22":{"start":{"line":106,"column":27},"end":{"line":140,"column":null}},"23":{"start":{"line":109,"column":23},"end":{"line":109,"column":null}},"24":{"start":{"line":111,"column":2},"end":{"line":138,"column":null}},"25":{"start":{"line":116,"column":4},"end":{"line":137,"column":6}},"26":{"start":{"line":118,"column":21},"end":{"line":118,"column":null}},"27":{"start":{"line":121,"column":5},"end":{"line":121,"column":null}},"28":{"start":{"line":124,"column":18},"end":{"line":133,"column":null}},"29":{"start":{"line":127,"column":8},"end":{"line":131,"column":10}},"30":{"start":{"line":136,"column":5},"end":{"line":136,"column":null}}},"fnMap":{"0":{"name":"(anonymous_0)","decl":{"start":{"line":16,"column":19},"end":{"line":16,"column":20}},"loc":{"start":{"line":16,"column":30},"end":{"line":26,"column":null}},"line":16},"1":{"name":"(anonymous_1)","decl":{"start":{"line":34,"column":25},"end":{"line":34,"column":26}},"loc":{"start":{"line":35,"column":1},"end":{"line":48,"column":null}},"line":35},"2":{"name":"(anonymous_2)","decl":{"start":{"line":35,"column":12},"end":{"line":35,"column":20}},"loc":{"start":{"line":35,"column":25},"end":{"line":48,"column":2}},"line":35},"3":{"name":"(anonymous_3)","decl":{"start":{"line":55,"column":24},"end":{"line":55,"column":25}},"loc":{"start":{"line":56,"column":1},"end":{"line":76,"column":null}},"line":56},"4":{"name":"(anonymous_4)","decl":{"start":{"line":56,"column":12},"end":{"line":56,"column":20}},"loc":{"start":{"line":56,"column":25},"end":{"line":76,"column":2}},"line":56},"5":{"name":"(anonymous_5)","decl":{"start":{"line":108,"column":12},"end":{"line":108,"column":20}},"loc":{"start":{"line":108,"column":25},"end":{"line":139,"column":2}},"line":108},"6":{"name":"(anonymous_6)","decl":{"start":{"line":115,"column":12},"end":{"line":115,"column":13}},"loc":{"start":{"line":116,"column":4},"end":{"line":137,"column":6}},"line":116},"7":{"name":"(anonymous_7)","decl":{"start":{"line":116,"column":15},"end":{"line":116,"column":23}},"loc":{"start":{"line":116,"column":28},"end":{"line":137,"column":5}},"line":116},"8":{"name":"(anonymous_8)","decl":{"start":{"line":126,"column":7},"end":{"line":126,"column":8}},"loc":{"start":{"line":127,"column":8},"end":{"line":131,"column":10}},"line":127}},"branchMap":{"0":{"loc":{"start":{"line":17,"column":1},"end":{"line":17,"column":null}},"type":"if","locations":[{"start":{"line":17,"column":1},"end":{"line":17,"column":null}},{"start":{},"end":{}}],"line":17},"1":{"loc":{"start":{"line":17,"column":5},"end":{"line":17,"column":33}},"type":"binary-expr","locations":[{"start":{"line":17,"column":5},"end":{"line":17,"column":11}},{"start":{"line":17,"column":15},"end":{"line":17,"column":33}}],"line":17},"2":{"loc":{"start":{"line":21,"column":2},"end":{"line":23,"column":null}},"type":"if","locations":[{"start":{"line":21,"column":2},"end":{"line":23,"column":null}},{"start":{},"end":{}}],"line":21},"3":{"loc":{"start":{"line":34,"column":36},"end":{"line":34,"column":58}},"type":"default-arg","locations":[{"start":{"line":34,"column":45},"end":{"line":34,"column":58}}],"line":34},"4":{"loc":{"start":{"line":38,"column":2},"end":{"line":40,"column":null}},"type":"if","locations":[{"start":{"line":38,"column":2},"end":{"line":40,"column":null}},{"start":{},"end":{}}],"line":38},"5":{"loc":{"start":{"line":38,"column":6},"end":{"line":38,"column":53}},"type":"binary-expr","locations":[{"start":{"line":38,"column":6},"end":{"line":38,"column":28}},{"start":{"line":38,"column":32},"end":{"line":38,"column":53}}],"line":38},"6":{"loc":{"start":{"line":55,"column":34},"end":{"line":55,"column":56}},"type":"default-arg","locations":[{"start":{"line":55,"column":43},"end":{"line":55,"column":56}}],"line":55},"7":{"loc":{"start":{"line":57,"column":2},"end":{"line":65,"column":null}},"type":"if","locations":[{"start":{"line":57,"column":2},"end":{"line":65,"column":null}},{"start":{},"end":{}}],"line":57},"8":{"loc":{"start":{"line":57,"column":6},"end":{"line":57,"column":45}},"type":"binary-expr","locations":[{"start":{"line":57,"column":6},"end":{"line":57,"column":14}},{"start":{"line":57,"column":18},"end":{"line":57,"column":45}}],"line":57},"9":{"loc":{"start":{"line":66,"column":2},"end":{"line":74,"column":null}},"type":"if","locations":[{"start":{"line":66,"column":2},"end":{"line":74,"column":null}},{"start":{},"end":{}}],"line":66},"10":{"loc":{"start":{"line":128,"column":41},"end":{"line":128,"column":83}},"type":"cond-expr","locations":[{"start":{"line":128,"column":62},"end":{"line":128,"column":71}},{"start":{"line":128,"column":74},"end":{"line":128,"column":83}}],"line":128}},"s":{"0":1,"1":4,"2":3,"3":1,"4":1,"5":1,"6":5,"7":5,"8":5,"9":1,"10":1,"11":5,"12":5,"13":4,"14":1,"15":1,"16":9,"17":9,"18":1,"19":8,"20":3,"21":5,"22":1,"23":10,"24":10,"25":9,"26":9,"27":5,"28":4,"29":0,"30":4},"f":{"0":4,"1":5,"2":5,"3":9,"4":9,"5":10,"6":9,"7":9,"8":0},"b":{"0":[3,1],"1":[4,4],"2":[5,0],"3":[5],"4":[4,1],"5":[5,2],"6":[9],"7":[1,8],"8":[9,8],"9":[3,5],"10":[0,0]},"meta":{"lastBranch":11,"lastFunction":9,"lastStatement":31,"seen":{"s:16:19:26:Infinity":0,"f:16:19:16:20":0,"b:17:1:17:Infinity:undefined:undefined:undefined:undefined":0,"s:17:1:17:Infinity":1,"b:17:5:17:11:17:15:17:33":1,"s:17:35:17:Infinity":2,"s:18:11:18:Infinity":3,"s:19:1:24:Infinity":4,"s:19:14:19:15":5,"s:20:15:20:Infinity":6,"b:21:2:23:Infinity:undefined:undefined:undefined:undefined":2,"s:21:2:23:Infinity":7,"s:22:3:22:Infinity":8,"s:25:1:25:Infinity":9,"s:34:25:48:Infinity":10,"f:34:25:34:26":1,"s:35:1:48:Infinity":11,"b:34:45:34:58":3,"f:35:12:35:20":2,"b:38:2:40:Infinity:undefined:undefined:undefined:undefined":4,"s:38:2:40:Infinity":12,"b:38:6:38:28:38:32:38:53":5,"s:39:3:39:Infinity":13,"s:41:2:47:Infinity":14,"s:55:24:76:Infinity":15,"f:55:24:55:25":3,"s:56:1:76:Infinity":16,"b:55:43:55:56":6,"f:56:12:56:20":4,"b:57:2:65:Infinity:undefined:undefined:undefined:undefined":7,"s:57:2:65:Infinity":17,"b:57:6:57:14:57:18:57:45":8,"s:58:3:64:Infinity":18,"b:66:2:74:Infinity:undefined:undefined:undefined:undefined":9,"s:66:2:74:Infinity":19,"s:67:3:73:Infinity":20,"s:75:2:75:Infinity":21,"s:106:27:140:Infinity":22,"f:108:12:108:20":5,"s:109:23:109:Infinity":23,"s:111:2:138:Infinity":24,"f:115:12:115:13":6,"s:116:4:137:6":25,"f:116:15:116:23":7,"s:118:21:118:Infinity":26,"s:121:5:121:Infinity":27,"s:124:18:133:Infinity":28,"f:126:7:126:8":8,"s:127:8:131:10":29,"b:128:62:128:71:128:74:128:83":10,"s:136:5:136:Infinity":30}}}
,"/Users/williamcory/tevm-monorepo/packages/actions-effect/src/GetCodeService.js": {"path":"/Users/williamcory/tevm-monorepo/packages/actions-effect/src/GetCodeService.js","statementMap":{"0":{"start":{"line":43,"column":30},"end":{"line":43,"column":null}}},"fnMap":{},"branchMap":{},"s":{"0":2},"f":{},"b":{},"meta":{"lastBranch":0,"lastFunction":0,"lastStatement":1,"seen":{"s:43:30:43:Infinity":0}}}
,"/Users/williamcory/tevm-monorepo/packages/actions-effect/src/GetStorageAtLive.js": {"path":"/Users/williamcory/tevm-monorepo/packages/actions-effect/src/GetStorageAtLive.js","statementMap":{"0":{"start":{"line":17,"column":21},"end":{"line":32,"column":null}},"1":{"start":{"line":18,"column":1},"end":{"line":21,"column":null}},"2":{"start":{"line":20,"column":2},"end":{"line":20,"column":null}},"3":{"start":{"line":22,"column":11},"end":{"line":22,"column":null}},"4":{"start":{"line":23,"column":1},"end":{"line":28,"column":null}},"5":{"start":{"line":23,"column":14},"end":{"line":23,"column":15}},"6":{"start":{"line":24,"column":15},"end":{"line":24,"column":null}},"7":{"start":{"line":25,"column":2},"end":{"line":27,"column":null}},"8":{"start":{"line":26,"column":3},"end":{"line":26,"column":null}},"9":{"start":{"line":30,"column":19},"end":{"line":30,"column":null}},"10":{"start":{"line":31,"column":1},"end":{"line":31,"column":null}},"11":{"start":{"line":41,"column":19},"end":{"line":52,"column":null}},"12":{"start":{"line":42,"column":18},"end":{"line":42,"column":null}},"13":{"start":{"line":45,"column":23},"end":{"line":45,"column":null}},"14":{"start":{"line":46,"column":19},"end":{"line":46,"column":null}},"15":{"start":{"line":47,"column":15},"end":{"line":47,"column":null}},"16":{"start":{"line":48,"column":1},"end":{"line":50,"column":null}},"17":{"start":{"line":48,"column":14},"end":{"line":48,"column":15}},"18":{"start":{"line":49,"column":2},"end":{"line":49,"column":null}},"19":{"start":{"line":51,"column":1},"end":{"line":51,"column":null}},"20":{"start":{"line":60,"column":25},"end":{"line":74,"column":null}},"21":{"start":{"line":61,"column":1},"end":{"line":74,"column":null}},"22":{"start":{"line":64,"column":2},"end":{"line":66,"column":null}},"23":{"start":{"line":65,"column":3},"end":{"line":65,"column":null}},"24":{"start":{"line":67,"column":2},"end":{"line":73,"column":null}},"25":{"start":{"line":81,"column":24},"end":{"line":102,"column":null}},"26":{"start":{"line":82,"column":1},"end":{"line":102,"column":null}},"27":{"start":{"line":83,"column":2},"end":{"line":91,"column":null}},"28":{"start":{"line":84,"column":3},"end":{"line":90,"column":null}},"29":{"start":{"line":92,"column":2},"end":{"line":100,"column":null}},"30":{"start":{"line":93,"column":3},"end":{"line":99,"column":null}},"31":{"start":{"line":101,"column":2},"end":{"line":101,"column":null}},"32":{"start":{"line":109,"column":25},"end":{"line":139,"column":null}},"33":{"start":{"line":110,"column":1},"end":{"line":139,"column":null}},"34":{"start":{"line":111,"column":2},"end":{"line":119,"column":null}},"35":{"start":{"line":112,"column":3},"end":{"line":118,"column":null}},"36":{"start":{"line":120,"column":2},"end":{"line":128,"column":null}},"37":{"start":{"line":121,"column":3},"end":{"line":127,"column":null}},"38":{"start":{"line":129,"column":2},"end":{"line":137,"column":null}},"39":{"start":{"line":130,"column":3},"end":{"line":136,"column":null}},"40":{"start":{"line":138,"column":2},"end":{"line":138,"column":null}},"41":{"start":{"line":170,"column":32},"end":{"line":210,"column":null}},"42":{"start":{"line":173,"column":23},"end":{"line":173,"column":null}},"43":{"start":{"line":175,"column":2},"end":{"line":208,"column":null}},"44":{"start":{"line":180,"column":4},"end":{"line":207,"column":6}},"45":{"start":{"line":182,"column":21},"end":{"line":182,"column":null}},"46":{"start":{"line":185,"column":5},"end":{"line":185,"column":null}},"47":{"start":{"line":188,"column":22},"end":{"line":188,"column":null}},"48":{"start":{"line":191,"column":27},"end":{"line":191,"column":null}},"49":{"start":{"line":194,"column":19},"end":{"line":203,"column":null}},"50":{"start":{"line":197,"column":8},"end":{"line":201,"column":10}},"51":{"start":{"line":206,"column":5},"end":{"line":206,"column":null}}},"fnMap":{"0":{"name":"(anonymous_0)","decl":{"start":{"line":17,"column":21},"end":{"line":17,"column":22}},"loc":{"start":{"line":17,"column":32},"end":{"line":32,"column":null}},"line":17},"1":{"name":"(anonymous_1)","decl":{"start":{"line":41,"column":19},"end":{"line":41,"column":20}},"loc":{"start":{"line":41,"column":37},"end":{"line":52,"column":null}},"line":41},"2":{"name":"(anonymous_2)","decl":{"start":{"line":60,"column":25},"end":{"line":60,"column":26}},"loc":{"start":{"line":61,"column":1},"end":{"line":74,"column":null}},"line":61},"3":{"name":"(anonymous_3)","decl":{"start":{"line":61,"column":12},"end":{"line":61,"column":20}},"loc":{"start":{"line":61,"column":25},"end":{"line":74,"column":2}},"line":61},"4":{"name":"(anonymous_4)","decl":{"start":{"line":81,"column":24},"end":{"line":81,"column":25}},"loc":{"start":{"line":82,"column":1},"end":{"line":102,"column":null}},"line":82},"5":{"name":"(anonymous_5)","decl":{"start":{"line":82,"column":12},"end":{"line":82,"column":20}},"loc":{"start":{"line":82,"column":25},"end":{"line":102,"column":2}},"line":82},"6":{"name":"(anonymous_6)","decl":{"start":{"line":109,"column":25},"end":{"line":109,"column":26}},"loc":{"start":{"line":110,"column":1},"end":{"line":139,"column":null}},"line":110},"7":{"name":"(anonymous_7)","decl":{"start":{"line":110,"column":12},"end":{"line":110,"column":20}},"loc":{"start":{"line":110,"column":25},"end":{"line":139,"column":2}},"line":110},"8":{"name":"(anonymous_8)","decl":{"start":{"line":172,"column":12},"end":{"line":172,"column":20}},"loc":{"start":{"line":172,"column":25},"end":{"line":209,"column":2}},"line":172},"9":{"name":"(anonymous_9)","decl":{"start":{"line":179,"column":17},"end":{"line":179,"column":18}},"loc":{"start":{"line":180,"column":4},"end":{"line":207,"column":6}},"line":180},"10":{"name":"(anonymous_10)","decl":{"start":{"line":180,"column":15},"end":{"line":180,"column":23}},"loc":{"start":{"line":180,"column":28},"end":{"line":207,"column":5}},"line":180},"11":{"name":"(anonymous_11)","decl":{"start":{"line":196,"column":7},"end":{"line":196,"column":8}},"loc":{"start":{"line":197,"column":8},"end":{"line":201,"column":10}},"line":197}},"branchMap":{"0":{"loc":{"start":{"line":18,"column":1},"end":{"line":21,"column":null}},"type":"if","locations":[{"start":{"line":18,"column":1},"end":{"line":21,"column":null}},{"start":{},"end":{}}],"line":18},"1":{"loc":{"start":{"line":18,"column":5},"end":{"line":18,"column":33}},"type":"binary-expr","locations":[{"start":{"line":18,"column":5},"end":{"line":18,"column":11}},{"start":{"line":18,"column":15},"end":{"line":18,"column":33}}],"line":18},"2":{"loc":{"start":{"line":25,"column":2},"end":{"line":27,"column":null}},"type":"if","locations":[{"start":{"line":25,"column":2},"end":{"line":27,"column":null}},{"start":{},"end":{}}],"line":25},"3":{"loc":{"start":{"line":42,"column":18},"end":{"line":42,"column":null}},"type":"cond-expr","locations":[{"start":{"line":42,"column":41},"end":{"line":42,"column":53}},{"start":{"line":42,"column":56},"end":{"line":42,"column":null}}],"line":42},"4":{"loc":{"start":{"line":45,"column":23},"end":{"line":45,"column":null}},"type":"cond-expr","locations":[{"start":{"line":45,"column":51},"end":{"line":45,"column":65}},{"start":{"line":45,"column":68},"end":{"line":45,"column":null}}],"line":45},"5":{"loc":{"start":{"line":46,"column":19},"end":{"line":46,"column":null}},"type":"cond-expr","locations":[{"start":{"line":46,"column":35},"end":{"line":46,"column":80}},{"start":{"line":46,"column":83},"end":{"line":46,"column":null}}],"line":46},"6":{"loc":{"start":{"line":60,"column":36},"end":{"line":60,"column":63}},"type":"default-arg","locations":[{"start":{"line":60,"column":45},"end":{"line":60,"column":63}}],"line":60},"7":{"loc":{"start":{"line":64,"column":2},"end":{"line":66,"column":null}},"type":"if","locations":[{"start":{"line":64,"column":2},"end":{"line":66,"column":null}},{"start":{},"end":{}}],"line":64},"8":{"loc":{"start":{"line":64,"column":6},"end":{"line":64,"column":53}},"type":"binary-expr","locations":[{"start":{"line":64,"column":6},"end":{"line":64,"column":28}},{"start":{"line":64,"column":32},"end":{"line":64,"column":53}}],"line":64},"9":{"loc":{"start":{"line":81,"column":34},"end":{"line":81,"column":61}},"type":"default-arg","locations":[{"start":{"line":81,"column":43},"end":{"line":81,"column":61}}],"line":81},"10":{"loc":{"start":{"line":83,"column":2},"end":{"line":91,"column":null}},"type":"if","locations":[{"start":{"line":83,"column":2},"end":{"line":91,"column":null}},{"start":{},"end":{}}],"line":83},"11":{"loc":{"start":{"line":83,"column":6},"end":{"line":83,"column":45}},"type":"binary-expr","locations":[{"start":{"line":83,"column":6},"end":{"line":83,"column":14}},{"start":{"line":83,"column":18},"end":{"line":83,"column":45}}],"line":83},"12":{"loc":{"start":{"line":92,"column":2},"end":{"line":100,"column":null}},"type":"if","locations":[{"start":{"line":92,"column":2},"end":{"line":100,"column":null}},{"start":{},"end":{}}],"line":92},"13":{"loc":{"start":{"line":109,"column":36},"end":{"line":109,"column":63}},"type":"default-arg","locations":[{"start":{"line":109,"column":45},"end":{"line":109,"column":63}}],"line":109},"14":{"loc":{"start":{"line":111,"column":2},"end":{"line":119,"column":null}},"type":"if","locations":[{"start":{"line":111,"column":2},"end":{"line":119,"column":null}},{"start":{},"end":{}}],"line":111},"15":{"loc":{"start":{"line":111,"column":6},"end":{"line":111,"column":47}},"type":"binary-expr","locations":[{"start":{"line":111,"column":6},"end":{"line":111,"column":15}},{"start":{"line":111,"column":19},"end":{"line":111,"column":47}}],"line":111},"16":{"loc":{"start":{"line":120,"column":2},"end":{"line":128,"column":null}},"type":"if","locations":[{"start":{"line":120,"column":2},"end":{"line":128,"column":null}},{"start":{},"end":{}}],"line":120},"17":{"loc":{"start":{"line":129,"column":2},"end":{"line":137,"column":null}},"type":"if","locations":[{"start":{"line":129,"column":2},"end":{"line":137,"column":null}},{"start":{},"end":{}}],"line":129},"18":{"loc":{"start":{"line":198,"column":59},"end":{"line":198,"column":101}},"type":"cond-expr","locations":[{"start":{"line":198,"column":80},"end":{"line":198,"column":89}},{"start":{"line":198,"column":92},"end":{"line":198,"column":101}}],"line":198}},"s":{"0":1,"1":4,"2":3,"3":1,"4":1,"5":1,"6":32,"7":32,"8":32,"9":1,"10":1,"11":1,"12":4,"13":4,"14":4,"15":4,"16":4,"17":4,"18":128,"19":4,"20":1,"21":8,"22":8,"23":7,"24":1,"25":1,"26":12,"27":12,"28":1,"29":11,"30":3,"31":8,"32":1,"33":7,"34":7,"35":1,"36":6,"37":1,"38":5,"39":1,"40":4,"41":1,"42":13,"43":13,"44":12,"45":12,"46":8,"47":7,"48":4,"49":4,"50":0,"51":4},"f":{"0":4,"1":4,"2":8,"3":8,"4":12,"5":12,"6":7,"7":7,"8":13,"9":12,"10":12,"11":0},"b":{"0":[3,1],"1":[4,4],"2":[32,0],"3":[4,0],"4":[3,1],"5":[4,0],"6":[8],"7":[7,1],"8":[8,2],"9":[12],"10":[1,11],"11":[12,11],"12":[3,8],"13":[7],"14":[1,6],"15":[7,6],"16":[1,5],"17":[1,4],"18":[0,0]},"meta":{"lastBranch":19,"lastFunction":12,"lastStatement":52,"seen":{"s:17:21:32:Infinity":0,"f:17:21:17:22":0,"b:18:1:21:Infinity:undefined:undefined:undefined:undefined":0,"s:18:1:21:Infinity":1,"b:18:5:18:11:18:15:18:33":1,"s:20:2:20:Infinity":2,"s:22:11:22:Infinity":3,"s:23:1:28:Infinity":4,"s:23:14:23:15":5,"s:24:15:24:Infinity":6,"b:25:2:27:Infinity:undefined:undefined:undefined:undefined":2,"s:25:2:27:Infinity":7,"s:26:3:26:Infinity":8,"s:30:19:30:Infinity":9,"s:31:1:31:Infinity":10,"s:41:19:52:Infinity":11,"f:41:19:41:20":1,"s:42:18:42:Infinity":12,"b:42:41:42:53:42:56:42:Infinity":3,"s:45:23:45:Infinity":13,"b:45:51:45:65:45:68:45:Infinity":4,"s:46:19:46:Infinity":14,"b:46:35:46:80:46:83:46:Infinity":5,"s:47:15:47:Infinity":15,"s:48:1:50:Infinity":16,"s:48:14:48:15":17,"s:49:2:49:Infinity":18,"s:51:1:51:Infinity":19,"s:60:25:74:Infinity":20,"f:60:25:60:26":2,"s:61:1:74:Infinity":21,"b:60:45:60:63":6,"f:61:12:61:20":3,"b:64:2:66:Infinity:undefined:undefined:undefined:undefined":7,"s:64:2:66:Infinity":22,"b:64:6:64:28:64:32:64:53":8,"s:65:3:65:Infinity":23,"s:67:2:73:Infinity":24,"s:81:24:102:Infinity":25,"f:81:24:81:25":4,"s:82:1:102:Infinity":26,"b:81:43:81:61":9,"f:82:12:82:20":5,"b:83:2:91:Infinity:undefined:undefined:undefined:undefined":10,"s:83:2:91:Infinity":27,"b:83:6:83:14:83:18:83:45":11,"s:84:3:90:Infinity":28,"b:92:2:100:Infinity:undefined:undefined:undefined:undefined":12,"s:92:2:100:Infinity":29,"s:93:3:99:Infinity":30,"s:101:2:101:Infinity":31,"s:109:25:139:Infinity":32,"f:109:25:109:26":6,"s:110:1:139:Infinity":33,"b:109:45:109:63":13,"f:110:12:110:20":7,"b:111:2:119:Infinity:undefined:undefined:undefined:undefined":14,"s:111:2:119:Infinity":34,"b:111:6:111:15:111:19:111:47":15,"s:112:3:118:Infinity":35,"b:120:2:128:Infinity:undefined:undefined:undefined:undefined":16,"s:120:2:128:Infinity":36,"s:121:3:127:Infinity":37,"b:129:2:137:Infinity:undefined:undefined:undefined:undefined":17,"s:129:2:137:Infinity":38,"s:130:3:136:Infinity":39,"s:138:2:138:Infinity":40,"s:170:32:210:Infinity":41,"f:172:12:172:20":8,"s:173:23:173:Infinity":42,"s:175:2:208:Infinity":43,"f:179:17:179:18":9,"s:180:4:207:6":44,"f:180:15:180:23":10,"s:182:21:182:Infinity":45,"s:185:5:185:Infinity":46,"s:188:22:188:Infinity":47,"s:191:27:191:Infinity":48,"s:194:19:203:Infinity":49,"f:196:7:196:8":11,"s:197:8:201:10":50,"b:198:80:198:89:198:92:198:101":18,"s:206:5:206:Infinity":51}}}
,"/Users/williamcory/tevm-monorepo/packages/actions-effect/src/GetStorageAtService.js": {"path":"/Users/williamcory/tevm-monorepo/packages/actions-effect/src/GetStorageAtService.js","statementMap":{"0":{"start":{"line":44,"column":35},"end":{"line":44,"column":null}}},"fnMap":{},"branchMap":{},"s":{"0":2},"f":{},"b":{},"meta":{"lastBranch":0,"lastFunction":0,"lastStatement":1,"seen":{"s:44:35:44:Infinity":0}}}
,"/Users/williamcory/tevm-monorepo/packages/actions-effect/src/SetAccountLive.js": {"path":"/Users/williamcory/tevm-monorepo/packages/actions-effect/src/SetAccountLive.js","statementMap":{"0":{"start":{"line":19,"column":19},"end":{"line":30,"column":null}},"1":{"start":{"line":20,"column":18},"end":{"line":20,"column":null}},"2":{"start":{"line":23,"column":23},"end":{"line":23,"column":null}},"3":{"start":{"line":24,"column":19},"end":{"line":24,"column":null}},"4":{"start":{"line":25,"column":15},"end":{"line":25,"column":null}},"5":{"start":{"line":26,"column":1},"end":{"line":28,"column":null}},"6":{"start":{"line":26,"column":14},"end":{"line":26,"column":15}},"7":{"start":{"line":27,"column":2},"end":{"line":27,"column":null}},"8":{"start":{"line":29,"column":1},"end":{"line":29,"column":null}},"9":{"start":{"line":37,"column":18},"end":{"line":40,"column":null}},"10":{"start":{"line":38,"column":15},"end":{"line":38,"column":null}},"11":{"start":{"line":39,"column":1},"end":{"line":39,"column":null}},"12":{"start":{"line":47,"column":24},"end":{"line":68,"column":null}},"13":{"start":{"line":48,"column":1},"end":{"line":68,"column":null}},"14":{"start":{"line":49,"column":2},"end":{"line":57,"column":null}},"15":{"start":{"line":50,"column":3},"end":{"line":56,"column":null}},"16":{"start":{"line":58,"column":2},"end":{"line":66,"column":null}},"17":{"start":{"line":59,"column":3},"end":{"line":65,"column":null}},"18":{"start":{"line":67,"column":2},"end":{"line":67,"column":null}},"19":{"start":{"line":76,"column":20},"end":{"line":98,"column":null}},"20":{"start":{"line":77,"column":1},"end":{"line":98,"column":null}},"21":{"start":{"line":78,"column":2},"end":{"line":78,"column":null}},"22":{"start":{"line":78,"column":25},"end":{"line":78,"column":null}},"23":{"start":{"line":79,"column":2},"end":{"line":87,"column":null}},"24":{"start":{"line":80,"column":3},"end":{"line":86,"column":null}},"25":{"start":{"line":88,"column":2},"end":{"line":96,"column":null}},"26":{"start":{"line":89,"column":3},"end":{"line":95,"column":null}},"27":{"start":{"line":97,"column":2},"end":{"line":97,"column":null}},"28":{"start":{"line":106,"column":23},"end":{"line":128,"column":null}},"29":{"start":{"line":107,"column":1},"end":{"line":128,"column":null}},"30":{"start":{"line":108,"column":2},"end":{"line":108,"column":null}},"31":{"start":{"line":108,"column":27},"end":{"line":108,"column":null}},"32":{"start":{"line":109,"column":2},"end":{"line":117,"column":null}},"33":{"start":{"line":110,"column":3},"end":{"line":116,"column":null}},"34":{"start":{"line":118,"column":2},"end":{"line":126,"column":null}},"35":{"start":{"line":119,"column":3},"end":{"line":125,"column":null}},"36":{"start":{"line":127,"column":2},"end":{"line":127,"column":null}},"37":{"start":{"line":158,"column":30},"end":{"line":378,"column":null}},"38":{"start":{"line":161,"column":23},"end":{"line":161,"column":null}},"39":{"start":{"line":163,"column":2},"end":{"line":376,"column":null}},"40":{"start":{"line":168,"column":4},"end":{"line":375,"column":6}},"41":{"start":{"line":170,"column":21},"end":{"line":170,"column":null}},"42":{"start":{"line":173,"column":21},"end":{"line":173,"column":null}},"43":{"start":{"line":174,"column":19},"end":{"line":174,"column":null}},"44":{"start":{"line":175,"column":30},"end":{"line":175,"column":null}},"45":{"start":{"line":176,"column":25},"end":{"line":176,"column":null}},"46":{"start":{"line":179,"column":5},"end":{"line":187,"column":null}},"47":{"start":{"line":180,"column":6},"end":{"line":186,"column":null}},"48":{"start":{"line":193,"column":29},"end":{"line":203,"column":null}},"49":{"start":{"line":195,"column":7},"end":{"line":201,"column":8}},"50":{"start":{"line":206,"column":24},"end":{"line":206,"column":null}},"51":{"start":{"line":207,"column":26},"end":{"line":207,"column":null}},"52":{"start":{"line":210,"column":28},"end":{"line":210,"column":null}},"53":{"start":{"line":213,"column":5},"end":{"line":216,"column":null}},"54":{"start":{"line":214,"column":26},"end":{"line":214,"column":null}},"55":{"start":{"line":215,"column":6},"end":{"line":215,"column":null}},"56":{"start":{"line":219,"column":5},"end":{"line":221,"column":null}},"57":{"start":{"line":220,"column":6},"end":{"line":220,"column":null}},"58":{"start":{"line":222,"column":5},"end":{"line":224,"column":null}},"59":{"start":{"line":223,"column":6},"end":{"line":223,"column":null}},"60":{"start":{"line":228,"column":25},"end":{"line":231,"column":null}},"61":{"start":{"line":232,"column":5},"end":{"line":234,"column":null}},"62":{"start":{"line":233,"column":6},"end":{"line":233,"column":null}},"63":{"start":{"line":235,"column":5},"end":{"line":237,"column":null}},"64":{"start":{"line":236,"column":6},"end":{"line":236,"column":null}},"65":{"start":{"line":240,"column":5},"end":{"line":249,"column":null}},"66":{"start":{"line":243,"column":8},"end":{"line":247,"column":10}},"67":{"start":{"line":252,"column":5},"end":{"line":367,"column":null}},"68":{"start":{"line":254,"column":6},"end":{"line":263,"column":null}},"69":{"start":{"line":257,"column":9},"end":{"line":261,"column":11}},"70":{"start":{"line":266,"column":6},"end":{"line":277,"column":null}},"71":{"start":{"line":267,"column":7},"end":{"line":276,"column":null}},"72":{"start":{"line":270,"column":10},"end":{"line":274,"column":12}},"73":{"start":{"line":281,"column":6},"end":{"line":292,"column":null}},"74":{"start":{"line":282,"column":7},"end":{"line":291,"column":null}},"75":{"start":{"line":285,"column":10},"end":{"line":289,"column":12}},"76":{"start":{"line":295,"column":29},"end":{"line":295,"column":null}},"77":{"start":{"line":296,"column":6},"end":{"line":349,"column":null}},"78":{"start":{"line":297,"column":7},"end":{"line":348,"column":null}},"79":{"start":{"line":299,"column":8},"end":{"line":307,"column":null}},"80":{"start":{"line":300,"column":9},"end":{"line":306,"column":null}},"81":{"start":{"line":308,"column":8},"end":{"line":316,"column":null}},"82":{"start":{"line":309,"column":9},"end":{"line":315,"column":null}},"83":{"start":{"line":318,"column":8},"end":{"line":326,"column":null}},"84":{"start":{"line":319,"column":9},"end":{"line":325,"column":null}},"85":{"start":{"line":327,"column":8},"end":{"line":335,"column":null}},"86":{"start":{"line":328,"column":9},"end":{"line":334,"column":null}},"87":{"start":{"line":336,"column":25},"end":{"line":336,"column":null}},"88":{"start":{"line":337,"column":27},"end":{"line":337,"column":null}},"89":{"start":{"line":338,"column":8},"end":{"line":347,"column":null}},"90":{"start":{"line":341,"column":11},"end":{"line":345,"column":13}},"91":{"start":{"line":354,"column":7},"end":{"line":363,"column":8}},"92":{"start":{"line":357,"column":10},"end":{"line":361,"column":12}},"93":{"start":{"line":366,"column":28},"end":{"line":366,"column":90}},"94":{"start":{"line":366,"column":77},"end":{"line":366,"column":88}},"95":{"start":{"line":370,"column":20},"end":{"line":372,"column":null}},"96":{"start":{"line":374,"column":5},"end":{"line":374,"column":null}}},"fnMap":{"0":{"name":"(anonymous_0)","decl":{"start":{"line":19,"column":19},"end":{"line":19,"column":20}},"loc":{"start":{"line":19,"column":37},"end":{"line":30,"column":null}},"line":19},"1":{"name":"(anonymous_1)","decl":{"start":{"line":37,"column":18},"end":{"line":37,"column":19}},"loc":{"start":{"line":37,"column":27},"end":{"line":40,"column":null}},"line":37},"2":{"name":"(anonymous_2)","decl":{"start":{"line":47,"column":24},"end":{"line":47,"column":25}},"loc":{"start":{"line":48,"column":1},"end":{"line":68,"column":null}},"line":48},"3":{"name":"(anonymous_3)","decl":{"start":{"line":48,"column":12},"end":{"line":48,"column":20}},"loc":{"start":{"line":48,"column":25},"end":{"line":68,"column":2}},"line":48},"4":{"name":"(anonymous_4)","decl":{"start":{"line":76,"column":20},"end":{"line":76,"column":21}},"loc":{"start":{"line":77,"column":1},"end":{"line":98,"column":null}},"line":77},"5":{"name":"(anonymous_5)","decl":{"start":{"line":77,"column":12},"end":{"line":77,"column":20}},"loc":{"start":{"line":77,"column":25},"end":{"line":98,"column":2}},"line":77},"6":{"name":"(anonymous_6)","decl":{"start":{"line":106,"column":23},"end":{"line":106,"column":24}},"loc":{"start":{"line":107,"column":1},"end":{"line":128,"column":null}},"line":107},"7":{"name":"(anonymous_7)","decl":{"start":{"line":107,"column":12},"end":{"line":107,"column":20}},"loc":{"start":{"line":107,"column":25},"end":{"line":128,"column":2}},"line":107},"8":{"name":"(anonymous_8)","decl":{"start":{"line":160,"column":12},"end":{"line":160,"column":20}},"loc":{"start":{"line":160,"column":25},"end":{"line":377,"column":2}},"line":160},"9":{"name":"(anonymous_9)","decl":{"start":{"line":167,"column":15},"end":{"line":167,"column":16}},"loc":{"start":{"line":168,"column":4},"end":{"line":375,"column":6}},"line":168},"10":{"name":"(anonymous_10)","decl":{"start":{"line":168,"column":15},"end":{"line":168,"column":23}},"loc":{"start":{"line":168,"column":28},"end":{"line":375,"column":5}},"line":168},"11":{"name":"(anonymous_11)","decl":{"start":{"line":194,"column":22},"end":{"line":194,"column":23}},"loc":{"start":{"line":195,"column":7},"end":{"line":201,"column":8}},"line":195},"12":{"name":"(anonymous_12)","decl":{"start":{"line":242,"column":7},"end":{"line":242,"column":8}},"loc":{"start":{"line":243,"column":8},"end":{"line":247,"column":10}},"line":243},"13":{"name":"(anonymous_13)","decl":{"start":{"line":252,"column":23},"end":{"line":252,"column":31}},"loc":{"start":{"line":252,"column":36},"end":{"line":350,"column":6}},"line":252},"14":{"name":"(anonymous_14)","decl":{"start":{"line":256,"column":8},"end":{"line":256,"column":9}},"loc":{"start":{"line":257,"column":9},"end":{"line":261,"column":11}},"line":257},"15":{"name":"(anonymous_15)","decl":{"start":{"line":269,"column":9},"end":{"line":269,"column":10}},"loc":{"start":{"line":270,"column":10},"end":{"line":274,"column":12}},"line":270},"16":{"name":"(anonymous_16)","decl":{"start":{"line":284,"column":9},"end":{"line":284,"column":10}},"loc":{"start":{"line":285,"column":10},"end":{"line":289,"column":12}},"line":285},"17":{"name":"(anonymous_17)","decl":{"start":{"line":340,"column":10},"end":{"line":340,"column":11}},"loc":{"start":{"line":341,"column":11},"end":{"line":345,"column":13}},"line":341},"18":{"name":"(anonymous_18)","decl":{"start":{"line":353,"column":21},"end":{"line":353,"column":22}},"loc":{"start":{"line":354,"column":7},"end":{"line":363,"column":8}},"line":354},"19":{"name":"(anonymous_19)","decl":{"start":{"line":356,"column":9},"end":{"line":356,"column":10}},"loc":{"start":{"line":357,"column":10},"end":{"line":361,"column":12}},"line":357},"20":{"name":"(anonymous_20)","decl":{"start":{"line":366,"column":22},"end":{"line":366,"column":23}},"loc":{"start":{"line":366,"column":28},"end":{"line":366,"column":90}},"line":366},"21":{"name":"(anonymous_21)","decl":{"start":{"line":366,"column":71},"end":{"line":366,"column":72}},"loc":{"start":{"line":366,"column":77},"end":{"line":366,"column":88}},"line":366}},"branchMap":{"0":{"loc":{"start":{"line":20,"column":18},"end":{"line":20,"column":null}},"type":"cond-expr","locations":[{"start":{"line":20,"column":41},"end":{"line":20,"column":53}},{"start":{"line":20,"column":56},"end":{"line":20,"column":null}}],"line":20},"1":{"loc":{"start":{"line":23,"column":23},"end":{"line":23,"column":null}},"type":"cond-expr","locations":[{"start":{"line":23,"column":51},"end":{"line":23,"column":65}},{"start":{"line":23,"column":68},"end":{"line":23,"column":null}}],"line":23},"2":{"loc":{"start":{"line":24,"column":19},"end":{"line":24,"column":null}},"type":"cond-expr","locations":[{"start":{"line":24,"column":35},"end":{"line":24,"column":80}},{"start":{"line":24,"column":83},"end":{"line":24,"column":null}}],"line":24},"3":{"loc":{"start":{"line":47,"column":34},"end":{"line":47,"column":60}},"type":"default-arg","locations":[{"start":{"line":47,"column":43},"end":{"line":47,"column":60}}],"line":47},"4":{"loc":{"start":{"line":49,"column":2},"end":{"line":57,"column":null}},"type":"if","locations":[{"start":{"line":49,"column":2},"end":{"line":57,"column":null}},{"start":{},"end":{}}],"line":49},"5":{"loc":{"start":{"line":49,"column":6},"end":{"line":49,"column":45}},"type":"binary-expr","locations":[{"start":{"line":49,"column":6},"end":{"line":49,"column":14}},{"start":{"line":49,"column":18},"end":{"line":49,"column":45}}],"line":49},"6":{"loc":{"start":{"line":58,"column":2},"end":{"line":66,"column":null}},"type":"if","locations":[{"start":{"line":58,"column":2},"end":{"line":66,"column":null}},{"start":{},"end":{}}],"line":58},"7":{"loc":{"start":{"line":76,"column":37},"end":{"line":76,"column":63}},"type":"default-arg","locations":[{"start":{"line":76,"column":46},"end":{"line":76,"column":63}}],"line":76},"8":{"loc":{"start":{"line":78,"column":2},"end":{"line":78,"column":null}},"type":"if","locations":[{"start":{"line":78,"column":2},"end":{"line":78,"column":null}},{"start":{},"end":{}}],"line":78},"9":{"loc":{"start":{"line":79,"column":2},"end":{"line":87,"column":null}},"type":"if","locations":[{"start":{"line":79,"column":2},"end":{"line":87,"column":null}},{"start":{},"end":{}}],"line":79},"10":{"loc":{"start":{"line":79,"column":6},"end":{"line":79,"column":54}},"type":"binary-expr","locations":[{"start":{"line":79,"column":6},"end":{"line":79,"column":29}},{"start":{"line":79,"column":33},"end":{"line":79,"column":54}}],"line":79},"11":{"loc":{"start":{"line":88,"column":2},"end":{"line":96,"column":null}},"type":"if","locations":[{"start":{"line":88,"column":2},"end":{"line":96,"column":null}},{"start":{},"end":{}}],"line":88},"12":{"loc":{"start":{"line":106,"column":42},"end":{"line":106,"column":68}},"type":"default-arg","locations":[{"start":{"line":106,"column":51},"end":{"line":106,"column":68}}],"line":106},"13":{"loc":{"start":{"line":108,"column":2},"end":{"line":108,"column":null}},"type":"if","locations":[{"start":{"line":108,"column":2},"end":{"line":108,"column":null}},{"start":{},"end":{}}],"line":108},"14":{"loc":{"start":{"line":109,"column":2},"end":{"line":117,"column":null}},"type":"if","locations":[{"start":{"line":109,"column":2},"end":{"line":117,"column":null}},{"start":{},"end":{}}],"line":109},"15":{"loc":{"start":{"line":118,"column":2},"end":{"line":126,"column":null}},"type":"if","locations":[{"start":{"line":118,"column":2},"end":{"line":126,"column":null}},{"start":{},"end":{}}],"line":118},"16":{"loc":{"start":{"line":179,"column":5},"end":{"line":187,"column":null}},"type":"if","locations":[{"start":{"line":179,"column":5},"end":{"line":187,"column":null}},{"start":{},"end":{}}],"line":179},"17":{"loc":{"start":{"line":179,"column":9},"end":{"line":179,"column":69}},"type":"binary-expr","locations":[{"start":{"line":179,"column":9},"end":{"line":179,"column":35}},{"start":{"line":179,"column":39},"end":{"line":179,"column":69}}],"line":179},"18":{"loc":{"start":{"line":197,"column":64},"end":{"line":197,"column":106}},"type":"cond-expr","locations":[{"start":{"line":197,"column":85},"end":{"line":197,"column":94}},{"start":{"line":197,"column":97},"end":{"line":197,"column":106}}],"line":197},"19":{"loc":{"start":{"line":199,"column":16},"end":{"line":199,"column":50}},"type":"cond-expr","locations":[{"start":{"line":199,"column":37},"end":{"line":199,"column":38}},{"start":{"line":199,"column":41},"end":{"line":199,"column":50}}],"line":199},"20":{"loc":{"start":{"line":206,"column":24},"end":{"line":206,"column":null}},"type":"binary-expr","locations":[{"start":{"line":206,"column":24},"end":{"line":206,"column":29}},{"start":{"line":206,"column":33},"end":{"line":206,"column":55}},{"start":{"line":206,"column":59},"end":{"line":206,"column":null}}],"line":206},"21":{"loc":{"start":{"line":207,"column":26},"end":{"line":207,"column":null}},"type":"binary-expr","locations":[{"start":{"line":207,"column":26},"end":{"line":207,"column":33}},{"start":{"line":207,"column":37},"end":{"line":207,"column":61}},{"start":{"line":207,"column":65},"end":{"line":207,"column":null}}],"line":207},"22":{"loc":{"start":{"line":210,"column":28},"end":{"line":210,"column":null}},"type":"cond-expr","locations":[{"start":{"line":210,"column":42},"end":{"line":210,"column":65}},{"start":{"line":210,"column":68},"end":{"line":210,"column":null}}],"line":210},"23":{"loc":{"start":{"line":213,"column":5},"end":{"line":216,"column":null}},"type":"if","locations":[{"start":{"line":213,"column":5},"end":{"line":216,"column":null}},{"start":{},"end":{}}],"line":213},"24":{"loc":{"start":{"line":219,"column":5},"end":{"line":221,"column":null}},"type":"if","locations":[{"start":{"line":219,"column":5},"end":{"line":221,"column":null}},{"start":{},"end":{}}],"line":219},"25":{"loc":{"start":{"line":219,"column":9},"end":{"line":219,"column":58}},"type":"binary-expr","locations":[{"start":{"line":219,"column":9},"end":{"line":219,"column":26}},{"start":{"line":219,"column":30},"end":{"line":219,"column":58}}],"line":219},"26":{"loc":{"start":{"line":222,"column":5},"end":{"line":224,"column":null}},"type":"if","locations":[{"start":{"line":222,"column":5},"end":{"line":224,"column":null}},{"start":{},"end":{}}],"line":222},"27":{"loc":{"start":{"line":222,"column":9},"end":{"line":222,"column":52}},"type":"binary-expr","locations":[{"start":{"line":222,"column":9},"end":{"line":222,"column":23}},{"start":{"line":222,"column":27},"end":{"line":222,"column":52}}],"line":222},"28":{"loc":{"start":{"line":232,"column":5},"end":{"line":234,"column":null}},"type":"if","locations":[{"start":{"line":232,"column":5},"end":{"line":234,"column":null}},{"start":{},"end":{}}],"line":232},"29":{"loc":{"start":{"line":235,"column":5},"end":{"line":237,"column":null}},"type":"if","locations":[{"start":{"line":235,"column":5},"end":{"line":237,"column":null}},{"start":{},"end":{}}],"line":235},"30":{"loc":{"start":{"line":244,"column":50},"end":{"line":244,"column":92}},"type":"cond-expr","locations":[{"start":{"line":244,"column":71},"end":{"line":244,"column":80}},{"start":{"line":244,"column":83},"end":{"line":244,"column":92}}],"line":244},"31":{"loc":{"start":{"line":258,"column":45},"end":{"line":258,"column":87}},"type":"cond-expr","locations":[{"start":{"line":258,"column":66},"end":{"line":258,"column":75}},{"start":{"line":258,"column":78},"end":{"line":258,"column":87}}],"line":258},"32":{"loc":{"start":{"line":266,"column":6},"end":{"line":277,"column":null}},"type":"if","locations":[{"start":{"line":266,"column":6},"end":{"line":277,"column":null}},{"start":{},"end":{}}],"line":266},"33":{"loc":{"start":{"line":271,"column":43},"end":{"line":271,"column":85}},"type":"cond-expr","locations":[{"start":{"line":271,"column":64},"end":{"line":271,"column":73}},{"start":{"line":271,"column":76},"end":{"line":271,"column":85}}],"line":271},"34":{"loc":{"start":{"line":281,"column":6},"end":{"line":292,"column":null}},"type":"if","locations":[{"start":{"line":281,"column":6},"end":{"line":292,"column":null}},{"start":{},"end":{}}],"line":281},"35":{"loc":{"start":{"line":286,"column":48},"end":{"line":286,"column":90}},"type":"cond-expr","locations":[{"start":{"line":286,"column":69},"end":{"line":286,"column":78}},{"start":{"line":286,"column":81},"end":{"line":286,"column":90}}],"line":286},"36":{"loc":{"start":{"line":295,"column":29},"end":{"line":295,"column":null}},"type":"binary-expr","locations":[{"start":{"line":295,"column":29},"end":{"line":295,"column":41}},{"start":{"line":295,"column":45},"end":{"line":295,"column":null}}],"line":295},"37":{"loc":{"start":{"line":296,"column":6},"end":{"line":349,"column":null}},"type":"if","locations":[{"start":{"line":296,"column":6},"end":{"line":349,"column":null}},{"start":{},"end":{}}],"line":296},"38":{"loc":{"start":{"line":299,"column":8},"end":{"line":307,"column":null}},"type":"if","locations":[{"start":{"line":299,"column":8},"end":{"line":307,"column":null}},{"start":{},"end":{}}],"line":299},"39":{"loc":{"start":{"line":299,"column":12},"end":{"line":299,"column":60}},"type":"binary-expr","locations":[{"start":{"line":299,"column":12},"end":{"line":299,"column":35}},{"start":{"line":299,"column":39},"end":{"line":299,"column":60}}],"line":299},"40":{"loc":{"start":{"line":308,"column":8},"end":{"line":316,"column":null}},"type":"if","locations":[{"start":{"line":308,"column":8},"end":{"line":316,"column":null}},{"start":{},"end":{}}],"line":308},"41":{"loc":{"start":{"line":318,"column":8},"end":{"line":326,"column":null}},"type":"if","locations":[{"start":{"line":318,"column":8},"end":{"line":326,"column":null}},{"start":{},"end":{}}],"line":318},"42":{"loc":{"start":{"line":318,"column":12},"end":{"line":318,"column":64}},"type":"binary-expr","locations":[{"start":{"line":318,"column":12},"end":{"line":318,"column":37}},{"start":{"line":318,"column":41},"end":{"line":318,"column":64}}],"line":318},"43":{"loc":{"start":{"line":327,"column":8},"end":{"line":335,"column":null}},"type":"if","locations":[{"start":{"line":327,"column":8},"end":{"line":335,"column":null}},{"start":{},"end":{}}],"line":327},"44":{"loc":{"start":{"line":342,"column":57},"end":{"line":342,"column":99}},"type":"cond-expr","locations":[{"start":{"line":342,"column":78},"end":{"line":342,"column":87}},{"start":{"line":342,"column":90},"end":{"line":342,"column":99}}],"line":342},"45":{"loc":{"start":{"line":358,"column":55},"end":{"line":358,"column":97}},"type":"cond-expr","locations":[{"start":{"line":358,"column":76},"end":{"line":358,"column":85}},{"start":{"line":358,"column":88},"end":{"line":358,"column":97}}],"line":358}},"s":{"0":1,"1":15,"2":15,"3":15,"4":15,"5":15,"6":15,"7":335,"8":15,"9":1,"10":2,"11":2,"12":1,"13":35,"14":35,"15":1,"16":34,"17":3,"18":31,"19":1,"20":54,"21":54,"22":49,"23":5,"24":1,"25":4,"26":1,"27":3,"28":1,"29":60,"30":60,"31":48,"32":12,"33":1,"34":11,"35":2,"36":9,"37":1,"38":36,"39":36,"40":35,"41":35,"42":31,"43":29,"44":28,"45":26,"46":26,"47":1,"48":25,"49":1,"50":24,"51":35,"52":35,"53":35,"54":2,"55":2,"56":24,"57":2,"58":24,"59":2,"60":24,"61":24,"62":3,"63":24,"64":4,"65":24,"66":0,"67":24,"68":24,"69":2,"70":22,"71":2,"72":1,"73":21,"74":5,"75":1,"76":20,"77":24,"78":10,"79":8,"80":1,"81":7,"82":1,"83":6,"84":1,"85":5,"86":1,"87":4,"88":4,"89":4,"90":1,"91":15,"92":0,"93":9,"94":0,"95":15,"96":15},"f":{"0":15,"1":2,"2":35,"3":35,"4":54,"5":54,"6":60,"7":60,"8":36,"9":35,"10":35,"11":1,"12":0,"13":24,"14":2,"15":1,"16":1,"17":1,"18":15,"19":0,"20":9,"21":0},"b":{"0":[15,0],"1":[1,14],"2":[4,11],"3":[35],"4":[1,34],"5":[35,34],"6":[3,31],"7":[54],"8":[49,5],"9":[1,4],"10":[5,5],"11":[1,3],"12":[60],"13":[48,12],"14":[1,11],"15":[2,9],"16":[1,25],"17":[26,6],"18":[1,0],"19":[1,0],"20":[24,23,20],"21":[35,17,17],"22":[1,23],"23":[2,33],"24":[2,22],"25":[24,23],"26":[2,22],"27":[24,22],"28":[3,21],"29":[4,20],"30":[0,0],"31":[2,0],"32":[2,20],"33":[1,0],"34":[5,16],"35":[1,0],"36":[20,16],"37":[10,14],"38":[1,7],"39":[8,8],"40":[1,6],"41":[1,5],"42":[6,6],"43":[1,4],"44":[1,0],"45":[0,0]},"meta":{"lastBranch":46,"lastFunction":22,"lastStatement":97,"seen":{"s:19:19:30:Infinity":0,"f:19:19:19:20":0,"s:20:18:20:Infinity":1,"b:20:41:20:53:20:56:20:Infinity":0,"s:23:23:23:Infinity":2,"b:23:51:23:65:23:68:23:Infinity":1,"s:24:19:24:Infinity":3,"b:24:35:24:80:24:83:24:Infinity":2,"s:25:15:25:Infinity":4,"s:26:1:28:Infinity":5,"s:26:14:26:15":6,"s:27:2:27:Infinity":7,"s:29:1:29:Infinity":8,"s:37:18:40:Infinity":9,"f:37:18:37:19":1,"s:38:15:38:Infinity":10,"s:39:1:39:Infinity":11,"s:47:24:68:Infinity":12,"f:47:24:47:25":2,"s:48:1:68:Infinity":13,"b:47:43:47:60":3,"f:48:12:48:20":3,"b:49:2:57:Infinity:undefined:undefined:undefined:undefined":4,"s:49:2:57:Infinity":14,"b:49:6:49:14:49:18:49:45":5,"s:50:3:56:Infinity":15,"b:58:2:66:Infinity:undefined:undefined:undefined:undefined":6,"s:58:2:66:Infinity":16,"s:59:3:65:Infinity":17,"s:67:2:67:Infinity":18,"s:76:20:98:Infinity":19,"f:76:20:76:21":4,"s:77:1:98:Infinity":20,"b:76:46:76:63":7,"f:77:12:77:20":5,"b:78:2:78:Infinity:undefined:undefined:undefined:undefined":8,"s:78:2:78:Infinity":21,"s:78:25:78:Infinity":22,"b:79:2:87:Infinity:undefined:undefined:undefined:undefined":9,"s:79:2:87:Infinity":23,"b:79:6:79:29:79:33:79:54":10,"s:80:3:86:Infinity":24,"b:88:2:96:Infinity:undefined:undefined:undefined:undefined":11,"s:88:2:96:Infinity":25,"s:89:3:95:Infinity":26,"s:97:2:97:Infinity":27,"s:106:23:128:Infinity":28,"f:106:23:106:24":6,"s:107:1:128:Infinity":29,"b:106:51:106:68":12,"f:107:12:107:20":7,"b:108:2:108:Infinity:undefined:undefined:undefined:undefined":13,"s:108:2:108:Infinity":30,"s:108:27:108:Infinity":31,"b:109:2:117:Infinity:undefined:undefined:undefined:undefined":14,"s:109:2:117:Infinity":32,"s:110:3:116:Infinity":33,"b:118:2:126:Infinity:undefined:undefined:undefined:undefined":15,"s:118:2:126:Infinity":34,"s:119:3:125:Infinity":35,"s:127:2:127:Infinity":36,"s:158:30:378:Infinity":37,"f:160:12:160:20":8,"s:161:23:161:Infinity":38,"s:163:2:376:Infinity":39,"f:167:15:167:16":9,"s:168:4:375:6":40,"f:168:15:168:23":10,"s:170:21:170:Infinity":41,"s:173:21:173:Infinity":42,"s:174:19:174:Infinity":43,"s:175:30:175:Infinity":44,"s:176:25:176:Infinity":45,"b:179:5:187:Infinity:undefined:undefined:undefined:undefined":16,"s:179:5:187:Infinity":46,"b:179:9:179:35:179:39:179:69":17,"s:180:6:186:Infinity":47,"s:193:29:203:Infinity":48,"f:194:22:194:23":11,"s:195:7:201:8":49,"b:197:85:197:94:197:97:197:106":18,"b:199:37:199:38:199:41:199:50":19,"s:206:24:206:Infinity":50,"b:206:24:206:29:206:33:206:55:206:59:206:Infinity":20,"s:207:26:207:Infinity":51,"b:207:26:207:33:207:37:207:61:207:65:207:Infinity":21,"s:210:28:210:Infinity":52,"b:210:42:210:65:210:68:210:Infinity":22,"b:213:5:216:Infinity:undefined:undefined:undefined:undefined":23,"s:213:5:216:Infinity":53,"s:214:26:214:Infinity":54,"s:215:6:215:Infinity":55,"b:219:5:221:Infinity:undefined:undefined:undefined:undefined":24,"s:219:5:221:Infinity":56,"b:219:9:219:26:219:30:219:58":25,"s:220:6:220:Infinity":57,"b:222:5:224:Infinity:undefined:undefined:undefined:undefined":26,"s:222:5:224:Infinity":58,"b:222:9:222:23:222:27:222:52":27,"s:223:6:223:Infinity":59,"s:228:25:231:Infinity":60,"b:232:5:234:Infinity:undefined:undefined:undefined:undefined":28,"s:232:5:234:Infinity":61,"s:233:6:233:Infinity":62,"b:235:5:237:Infinity:undefined:undefined:undefined:undefined":29,"s:235:5:237:Infinity":63,"s:236:6:236:Infinity":64,"s:240:5:249:Infinity":65,"f:242:7:242:8":12,"s:243:8:247:10":66,"b:244:71:244:80:244:83:244:92":30,"s:252:5:367:Infinity":67,"f:252:23:252:31":13,"s:254:6:263:Infinity":68,"f:256:8:256:9":14,"s:257:9:261:11":69,"b:258:66:258:75:258:78:258:87":31,"b:266:6:277:Infinity:undefined:undefined:undefined:undefined":32,"s:266:6:277:Infinity":70,"s:267:7:276:Infinity":71,"f:269:9:269:10":15,"s:270:10:274:12":72,"b:271:64:271:73:271:76:271:85":33,"b:281:6:292:Infinity:undefined:undefined:undefined:undefined":34,"s:281:6:292:Infinity":73,"s:282:7:291:Infinity":74,"f:284:9:284:10":16,"s:285:10:289:12":75,"b:286:69:286:78:286:81:286:90":35,"s:295:29:295:Infinity":76,"b:295:29:295:41:295:45:295:Infinity":36,"b:296:6:349:Infinity:undefined:undefined:undefined:undefined":37,"s:296:6:349:Infinity":77,"s:297:7:348:Infinity":78,"b:299:8:307:Infinity:undefined:undefined:undefined:undefined":38,"s:299:8:307:Infinity":79,"b:299:12:299:35:299:39:299:60":39,"s:300:9:306:Infinity":80,"b:308:8:316:Infinity:undefined:undefined:undefined:undefined":40,"s:308:8:316:Infinity":81,"s:309:9:315:Infinity":82,"b:318:8:326:Infinity:undefined:undefined:undefined:undefined":41,"s:318:8:326:Infinity":83,"b:318:12:318:37:318:41:318:64":42,"s:319:9:325:Infinity":84,"b:327:8:335:Infinity:undefined:undefined:undefined:undefined":43,"s:327:8:335:Infinity":85,"s:328:9:334:Infinity":86,"s:336:25:336:Infinity":87,"s:337:27:337:Infinity":88,"s:338:8:347:Infinity":89,"f:340:10:340:11":17,"s:341:11:345:13":90,"b:342:78:342:87:342:90:342:99":44,"f:353:21:353:22":18,"s:354:7:363:8":91,"f:356:9:356:10":19,"s:357:10:361:12":92,"b:358:76:358:85:358:88:358:97":45,"f:366:22:366:23":20,"s:366:28:366:90":93,"f:366:71:366:72":21,"s:366:77:366:88":94,"s:370:20:372:Infinity":95,"s:374:5:374:Infinity":96}}}
,"/Users/williamcory/tevm-monorepo/packages/actions-effect/src/SetAccountService.js": {"path":"/Users/williamcory/tevm-monorepo/packages/actions-effect/src/SetAccountService.js","statementMap":{"0":{"start":{"line":44,"column":33},"end":{"line":44,"column":null}}},"fnMap":{},"branchMap":{},"s":{"0":2},"f":{},"b":{},"meta":{"lastBranch":0,"lastFunction":0,"lastStatement":1,"seen":{"s:44:33:44:Infinity":0}}}
}
