{"total": {"lines":{"total":61,"covered":51,"skipped":0,"pct":83.6},"statements":{"total":62,"covered":52,"skipped":0,"pct":83.87},"functions":{"total":40,"covered":32,"skipped":0,"pct":80},"branches":{"total":18,"covered":15,"skipped":0,"pct":83.33},"branchesTrue":{"total":0,"covered":0,"skipped":0,"pct":"Unknown"}}
,"/Users/williamcory/tevm-monorepo/packages/blockchain-effect/src/BlockchainLocal.js": {"lines":{"total":60,"covered":50,"skipped":0,"pct":83.33},"functions":{"total":40,"covered":32,"skipped":0,"pct":80},"statements":{"total":61,"covered":51,"skipped":0,"pct":83.6},"branches":{"total":18,"covered":15,"skipped":0,"pct":83.33}}
,"/Users/williamcory/tevm-monorepo/packages/blockchain-effect/src/BlockchainService.js": {"lines":{"total":1,"covered":1,"skipped":0,"pct":100},"functions":{"total":0,"covered":0,"skipped":0,"pct":100},"statements":{"total":1,"covered":1,"skipped":0,"pct":100},"branches":{"total":0,"covered":0,"skipped":0,"pct":100}}
}
