{"/Users/colinnielsen/code/tevm-monorepo/packages/blockchain-effect/src/BlockchainLocal.js": {"path":"/Users/colinnielsen/code/tevm-monorepo/packages/blockchain-effect/src/BlockchainLocal.js","all":false,"statementMap":{"0":{"start":{"line":1,"column":0},"end":{"line":1,"column":38}},"1":{"start":{"line":2,"column":0},"end":{"line":2,"column":46}},"2":{"start":{"line":3,"column":0},"end":{"line":3,"column":51}},"3":{"start":{"line":4,"column":0},"end":{"line":4,"column":75}},"4":{"start":{"line":5,"column":0},"end":{"line":5,"column":58}},"6":{"start":{"line":7,"column":0},"end":{"line":7,"column":3}},"7":{"start":{"line":8,"column":0},"end":{"line":8,"column":50}},"8":{"start":{"line":9,"column":0},"end":{"line":9,"column":78}},"9":{"start":{"line":10,"column":0},"end":{"line":10,"column":3}},"11":{"start":{"line":12,"column":0},"end":{"line":12,"column":3}},"12":{"start":{"line":13,"column":0},"end":{"line":13,"column":66}},"13":{"start":{"line":14,"column":0},"end":{"line":14,"column":80}},"14":{"start":{"line":15,"column":0},"end":{"line":15,"column":50}},"15":{"start":{"line":16,"column":0},"end":{"line":16,"column":3}},"17":{"start":{"line":18,"column":0},"end":{"line":18,"column":3}},"18":{"start":{"line":19,"column":0},"end":{"line":19,"column":63}},"19":{"start":{"line":20,"column":0},"end":{"line":20,"column":2}},"20":{"start":{"line":21,"column":0},"end":{"line":21,"column":75}},"21":{"start":{"line":22,"column":0},"end":{"line":22,"column":46}},"22":{"start":{"line":23,"column":0},"end":{"line":23,"column":34}},"23":{"start":{"line":24,"column":0},"end":{"line":24,"column":36}},"24":{"start":{"line":25,"column":0},"end":{"line":25,"column":56}},"25":{"start":{"line":26,"column":0},"end":{"line":26,"column":2}},"26":{"start":{"line":27,"column":0},"end":{"line":27,"column":75}},"27":{"start":{"line":28,"column":0},"end":{"line":28,"column":2}},"28":{"start":{"line":29,"column":0},"end":{"line":29,"column":11}},"29":{"start":{"line":30,"column":0},"end":{"line":30,"column":16}},"30":{"start":{"line":31,"column":0},"end":{"line":31,"column":41}},"31":{"start":{"line":32,"column":0},"end":{"line":32,"column":79}},"32":{"start":{"line":33,"column":0},"end":{"line":33,"column":52}},"33":{"start":{"line":34,"column":0},"end":{"line":34,"column":2}},"34":{"start":{"line":35,"column":0},"end":{"line":35,"column":44}},"35":{"start":{"line":36,"column":0},"end":{"line":36,"column":48}},"36":{"start":{"line":37,"column":0},"end":{"line":37,"column":28}},"37":{"start":{"line":38,"column":0},"end":{"line":38,"column":2}},"38":{"start":{"line":39,"column":0},"end":{"line":39,"column":64}},"39":{"start":{"line":40,"column":0},"end":{"line":40,"column":69}},"40":{"start":{"line":41,"column":0},"end":{"line":41,"column":5}},"41":{"start":{"line":42,"column":0},"end":{"line":42,"column":2}},"42":{"start":{"line":43,"column":0},"end":{"line":43,"column":31}},"43":{"start":{"line":44,"column":0},"end":{"line":44,"column":62}},"44":{"start":{"line":45,"column":0},"end":{"line":45,"column":57}},"45":{"start":{"line":46,"column":0},"end":{"line":46,"column":6}},"46":{"start":{"line":47,"column":0},"end":{"line":47,"column":2}},"47":{"start":{"line":48,"column":0},"end":{"line":48,"column":11}},"48":{"start":{"line":49,"column":0},"end":{"line":49,"column":16}},"49":{"start":{"line":50,"column":0},"end":{"line":50,"column":31}},"50":{"start":{"line":51,"column":0},"end":{"line":51,"column":44}},"51":{"start":{"line":52,"column":0},"end":{"line":52,"column":2}},"52":{"start":{"line":53,"column":0},"end":{"line":53,"column":45}},"53":{"start":{"line":54,"column":0},"end":{"line":54,"column":31}},"54":{"start":{"line":55,"column":0},"end":{"line":55,"column":54}},"55":{"start":{"line":56,"column":0},"end":{"line":56,"column":16}},"56":{"start":{"line":57,"column":0},"end":{"line":57,"column":4}},"57":{"start":{"line":58,"column":0},"end":{"line":58,"column":6}},"58":{"start":{"line":59,"column":0},"end":{"line":59,"column":2}},"59":{"start":{"line":60,"column":0},"end":{"line":60,"column":68}},"60":{"start":{"line":61,"column":0},"end":{"line":61,"column":100}},"61":{"start":{"line":62,"column":0},"end":{"line":62,"column":3}},"62":{"start":{"line":63,"column":0},"end":{"line":63,"column":50}},"63":{"start":{"line":64,"column":0},"end":{"line":64,"column":21}},"64":{"start":{"line":65,"column":0},"end":{"line":65,"column":20}},"65":{"start":{"line":66,"column":0},"end":{"line":66,"column":27}},"66":{"start":{"line":67,"column":0},"end":{"line":67,"column":42}},"68":{"start":{"line":69,"column":0},"end":{"line":69,"column":57}},"69":{"start":{"line":70,"column":0},"end":{"line":70,"column":34}},"70":{"start":{"line":71,"column":0},"end":{"line":71,"column":44}},"71":{"start":{"line":72,"column":0},"end":{"line":72,"column":52}},"72":{"start":{"line":73,"column":0},"end":{"line":73,"column":4}},"73":{"start":{"line":74,"column":0},"end":{"line":74,"column":48}},"74":{"start":{"line":75,"column":0},"end":{"line":75,"column":60}},"75":{"start":{"line":76,"column":0},"end":{"line":76,"column":4}},"76":{"start":{"line":77,"column":0},"end":{"line":77,"column":71}},"78":{"start":{"line":79,"column":0},"end":{"line":79,"column":36}},"79":{"start":{"line":80,"column":0},"end":{"line":80,"column":45}},"81":{"start":{"line":82,"column":0},"end":{"line":82,"column":6}},"82":{"start":{"line":83,"column":0},"end":{"line":83,"column":60}},"83":{"start":{"line":84,"column":0},"end":{"line":84,"column":61}},"84":{"start":{"line":85,"column":0},"end":{"line":85,"column":32}},"85":{"start":{"line":86,"column":0},"end":{"line":86,"column":6}},"86":{"start":{"line":87,"column":0},"end":{"line":87,"column":43}},"87":{"start":{"line":88,"column":0},"end":{"line":88,"column":34}},"88":{"start":{"line":89,"column":0},"end":{"line":89,"column":19}},"89":{"start":{"line":90,"column":0},"end":{"line":90,"column":26}},"91":{"start":{"line":92,"column":0},"end":{"line":92,"column":27}},"92":{"start":{"line":93,"column":0},"end":{"line":93,"column":25}},"93":{"start":{"line":94,"column":0},"end":{"line":94,"column":17}},"94":{"start":{"line":95,"column":0},"end":{"line":95,"column":36}},"95":{"start":{"line":96,"column":0},"end":{"line":96,"column":129}},"96":{"start":{"line":97,"column":0},"end":{"line":97,"column":17}},"97":{"start":{"line":98,"column":0},"end":{"line":98,"column":11}},"98":{"start":{"line":99,"column":0},"end":{"line":99,"column":10}},"99":{"start":{"line":100,"column":0},"end":{"line":100,"column":24}},"100":{"start":{"line":101,"column":0},"end":{"line":101,"column":32}},"101":{"start":{"line":102,"column":0},"end":{"line":102,"column":56}},"102":{"start":{"line":103,"column":0},"end":{"line":103,"column":45}},"103":{"start":{"line":104,"column":0},"end":{"line":104,"column":11}},"104":{"start":{"line":105,"column":0},"end":{"line":105,"column":9}},"106":{"start":{"line":107,"column":0},"end":{"line":107,"column":30}},"107":{"start":{"line":108,"column":0},"end":{"line":108,"column":25}},"108":{"start":{"line":109,"column":0},"end":{"line":109,"column":52}},"109":{"start":{"line":110,"column":0},"end":{"line":110,"column":24}},"110":{"start":{"line":111,"column":0},"end":{"line":111,"column":32}},"111":{"start":{"line":112,"column":0},"end":{"line":112,"column":54}},"112":{"start":{"line":113,"column":0},"end":{"line":113,"column":45}},"113":{"start":{"line":114,"column":0},"end":{"line":114,"column":11}},"114":{"start":{"line":115,"column":0},"end":{"line":115,"column":9}},"116":{"start":{"line":117,"column":0},"end":{"line":117,"column":78}},"118":{"start":{"line":119,"column":0},"end":{"line":119,"column":94}},"120":{"start":{"line":121,"column":0},"end":{"line":121,"column":90}},"122":{"start":{"line":123,"column":0},"end":{"line":123,"column":108}},"124":{"start":{"line":125,"column":0},"end":{"line":125,"column":29}},"125":{"start":{"line":126,"column":0},"end":{"line":126,"column":25}},"126":{"start":{"line":127,"column":0},"end":{"line":127,"column":52}},"127":{"start":{"line":128,"column":0},"end":{"line":128,"column":24}},"128":{"start":{"line":129,"column":0},"end":{"line":129,"column":32}},"129":{"start":{"line":130,"column":0},"end":{"line":130,"column":43}},"130":{"start":{"line":131,"column":0},"end":{"line":131,"column":45}},"131":{"start":{"line":132,"column":0},"end":{"line":132,"column":11}},"132":{"start":{"line":133,"column":0},"end":{"line":133,"column":9}},"134":{"start":{"line":135,"column":0},"end":{"line":135,"column":40}},"135":{"start":{"line":136,"column":0},"end":{"line":136,"column":25}},"136":{"start":{"line":137,"column":0},"end":{"line":137,"column":63}},"137":{"start":{"line":138,"column":0},"end":{"line":138,"column":24}},"138":{"start":{"line":139,"column":0},"end":{"line":139,"column":31}},"139":{"start":{"line":140,"column":0},"end":{"line":140,"column":41}},"140":{"start":{"line":141,"column":0},"end":{"line":141,"column":45}},"141":{"start":{"line":142,"column":0},"end":{"line":142,"column":11}},"142":{"start":{"line":143,"column":0},"end":{"line":143,"column":9}},"144":{"start":{"line":145,"column":0},"end":{"line":145,"column":20}},"145":{"start":{"line":146,"column":0},"end":{"line":146,"column":31}},"146":{"start":{"line":147,"column":0},"end":{"line":147,"column":80}},"147":{"start":{"line":148,"column":0},"end":{"line":148,"column":38}},"148":{"start":{"line":149,"column":0},"end":{"line":149,"column":9}},"150":{"start":{"line":151,"column":0},"end":{"line":151,"column":65}},"152":{"start":{"line":153,"column":0},"end":{"line":153,"column":56}},"154":{"start":{"line":155,"column":0},"end":{"line":155,"column":8}},"155":{"start":{"line":156,"column":0},"end":{"line":156,"column":72}},"156":{"start":{"line":157,"column":0},"end":{"line":157,"column":56}},"157":{"start":{"line":158,"column":0},"end":{"line":158,"column":65}},"158":{"start":{"line":159,"column":0},"end":{"line":159,"column":61}},"159":{"start":{"line":160,"column":0},"end":{"line":160,"column":61}},"160":{"start":{"line":161,"column":0},"end":{"line":161,"column":8}},"161":{"start":{"line":162,"column":0},"end":{"line":162,"column":32}},"162":{"start":{"line":163,"column":0},"end":{"line":163,"column":14}},"163":{"start":{"line":164,"column":0},"end":{"line":164,"column":40}},"164":{"start":{"line":165,"column":0},"end":{"line":165,"column":44}},"165":{"start":{"line":166,"column":0},"end":{"line":166,"column":72}},"166":{"start":{"line":167,"column":0},"end":{"line":167,"column":14}},"167":{"start":{"line":168,"column":0},"end":{"line":168,"column":55}},"168":{"start":{"line":169,"column":0},"end":{"line":169,"column":22}},"169":{"start":{"line":170,"column":0},"end":{"line":170,"column":22}},"170":{"start":{"line":171,"column":0},"end":{"line":171,"column":11}},"171":{"start":{"line":172,"column":0},"end":{"line":172,"column":26}},"172":{"start":{"line":173,"column":0},"end":{"line":173,"column":62}},"173":{"start":{"line":174,"column":0},"end":{"line":174,"column":80}},"174":{"start":{"line":175,"column":0},"end":{"line":175,"column":33}},"175":{"start":{"line":176,"column":0},"end":{"line":176,"column":36}},"176":{"start":{"line":177,"column":0},"end":{"line":177,"column":44}},"177":{"start":{"line":178,"column":0},"end":{"line":178,"column":49}},"178":{"start":{"line":179,"column":0},"end":{"line":179,"column":71}},"179":{"start":{"line":180,"column":0},"end":{"line":180,"column":67}},"180":{"start":{"line":181,"column":0},"end":{"line":181,"column":33}},"181":{"start":{"line":182,"column":0},"end":{"line":182,"column":22}},"182":{"start":{"line":183,"column":0},"end":{"line":183,"column":11}},"183":{"start":{"line":184,"column":0},"end":{"line":184,"column":61}},"184":{"start":{"line":185,"column":0},"end":{"line":185,"column":10}},"185":{"start":{"line":186,"column":0},"end":{"line":186,"column":9}},"186":{"start":{"line":187,"column":0},"end":{"line":187,"column":9}},"187":{"start":{"line":188,"column":0},"end":{"line":188,"column":7}},"188":{"start":{"line":189,"column":0},"end":{"line":189,"column":7}},"189":{"start":{"line":190,"column":0},"end":{"line":190,"column":5}},"190":{"start":{"line":191,"column":0},"end":{"line":191,"column":16}},"191":{"start":{"line":192,"column":0},"end":{"line":192,"column":4}},"193":{"start":{"line":194,"column":0},"end":{"line":194,"column":28}},"194":{"start":{"line":195,"column":0},"end":{"line":195,"column":5}},"195":{"start":{"line":196,"column":0},"end":{"line":196,"column":2}},"196":{"start":{"line":197,"column":0},"end":{"line":197,"column":1}}},"s":{"0":1,"1":1,"2":1,"3":1,"4":1,"6":1,"7":1,"8":1,"9":1,"11":1,"12":1,"13":1,"14":1,"15":1,"17":1,"18":1,"19":1,"20":1,"21":1,"22":1,"23":1,"24":1,"25":1,"26":1,"27":1,"28":1,"29":1,"30":1,"31":1,"32":1,"33":1,"34":1,"35":1,"36":1,"37":1,"38":1,"39":1,"40":1,"41":1,"42":1,"43":1,"44":1,"45":1,"46":1,"47":1,"48":1,"49":1,"50":1,"51":1,"52":1,"53":1,"54":1,"55":1,"56":1,"57":1,"58":1,"59":1,"60":1,"61":1,"62":1,"63":5,"64":5,"65":5,"66":26,"68":25,"69":25,"70":26,"71":0,"72":0,"73":26,"74":0,"75":0,"76":25,"78":25,"79":25,"81":25,"82":25,"83":25,"84":25,"85":25,"86":25,"87":28,"88":28,"89":28,"91":28,"92":4,"93":4,"94":4,"95":4,"96":4,"97":4,"98":4,"99":4,"100":1,"101":1,"102":1,"103":4,"104":28,"106":28,"107":1,"108":1,"109":1,"110":1,"111":1,"112":1,"113":1,"114":28,"116":28,"118":28,"120":28,"122":28,"124":28,"125":1,"126":1,"127":1,"128":1,"129":1,"130":1,"131":1,"132":28,"134":28,"135":2,"136":2,"137":2,"138":1,"139":1,"140":1,"141":2,"142":28,"144":28,"145":2,"146":2,"147":2,"148":28,"150":28,"152":28,"154":28,"155":28,"156":28,"157":28,"158":28,"159":28,"160":28,"161":28,"162":5,"163":5,"164":5,"165":5,"166":30,"167":30,"168":4,"169":4,"170":4,"171":30,"172":26,"173":26,"174":26,"175":26,"176":26,"177":26,"178":26,"179":26,"180":26,"181":1,"182":1,"183":26,"184":26,"185":30,"186":5,"187":5,"188":28,"189":28,"190":28,"191":28,"193":25,"194":5,"195":5,"196":5},"branchMap":{"0":{"type":"branch","line":63,"loc":{"start":{"line":63,"column":31},"end":{"line":197,"column":1}},"locations":[{"start":{"line":63,"column":31},"end":{"line":197,"column":1}}]},"1":{"type":"branch","line":66,"loc":{"start":{"line":66,"column":13},"end":{"line":195,"column":3}},"locations":[{"start":{"line":66,"column":13},"end":{"line":195,"column":3}}]},"2":{"type":"branch","line":67,"loc":{"start":{"line":67,"column":29},"end":{"line":71,"column":43}},"locations":[{"start":{"line":67,"column":29},"end":{"line":71,"column":43}}]},"3":{"type":"branch","line":71,"loc":{"start":{"line":71,"column":43},"end":{"line":73,"column":4}},"locations":[{"start":{"line":71,"column":43},"end":{"line":73,"column":4}}]},"4":{"type":"branch","line":73,"loc":{"start":{"line":73,"column":3},"end":{"line":74,"column":47}},"locations":[{"start":{"line":73,"column":3},"end":{"line":74,"column":47}}]},"5":{"type":"branch","line":74,"loc":{"start":{"line":74,"column":47},"end":{"line":76,"column":4}},"locations":[{"start":{"line":74,"column":47},"end":{"line":76,"column":4}}]},"6":{"type":"branch","line":76,"loc":{"start":{"line":76,"column":3},"end":{"line":195,"column":2}},"locations":[{"start":{"line":76,"column":3},"end":{"line":195,"column":2}}]},"7":{"type":"branch","line":77,"loc":{"start":{"line":77,"column":39},"end":{"line":77,"column":70}},"locations":[{"start":{"line":77,"column":39},"end":{"line":77,"column":70}}]},"8":{"type":"branch","line":80,"loc":{"start":{"line":80,"column":25},"end":{"line":80,"column":44}},"locations":[{"start":{"line":80,"column":25},"end":{"line":80,"column":44}}]},"9":{"type":"branch","line":87,"loc":{"start":{"line":87,"column":23},"end":{"line":192,"column":4}},"locations":[{"start":{"line":87,"column":23},"end":{"line":192,"column":4}}]},"10":{"type":"branch","line":92,"loc":{"start":{"line":92,"column":15},"end":{"line":105,"column":8}},"locations":[{"start":{"line":92,"column":15},"end":{"line":105,"column":8}}]},"11":{"type":"branch","line":94,"loc":{"start":{"line":94,"column":12},"end":{"line":99,"column":9}},"locations":[{"start":{"line":94,"column":12},"end":{"line":99,"column":9}}]},"12":{"type":"branch","line":100,"loc":{"start":{"line":100,"column":14},"end":{"line":104,"column":10}},"locations":[{"start":{"line":100,"column":14},"end":{"line":104,"column":10}}]},"13":{"type":"branch","line":107,"loc":{"start":{"line":107,"column":21},"end":{"line":115,"column":8}},"locations":[{"start":{"line":107,"column":21},"end":{"line":115,"column":8}}]},"14":{"type":"branch","line":109,"loc":{"start":{"line":109,"column":12},"end":{"line":109,"column":51}},"locations":[{"start":{"line":109,"column":12},"end":{"line":109,"column":51}}]},"15":{"type":"branch","line":110,"loc":{"start":{"line":110,"column":14},"end":{"line":114,"column":10}},"locations":[{"start":{"line":110,"column":14},"end":{"line":114,"column":10}}]},"16":{"type":"branch","line":117,"loc":{"start":{"line":117,"column":15},"end":{"line":117,"column":77}},"locations":[{"start":{"line":117,"column":15},"end":{"line":117,"column":77}}]},"17":{"type":"branch","line":117,"loc":{"start":{"line":117,"column":41},"end":{"line":117,"column":76}},"locations":[{"start":{"line":117,"column":41},"end":{"line":117,"column":76}}]},"18":{"type":"branch","line":119,"loc":{"start":{"line":119,"column":28},"end":{"line":119,"column":93}},"locations":[{"start":{"line":119,"column":28},"end":{"line":119,"column":93}}]},"19":{"type":"branch","line":119,"loc":{"start":{"line":119,"column":49},"end":{"line":119,"column":92}},"locations":[{"start":{"line":119,"column":49},"end":{"line":119,"column":92}}]},"20":{"type":"branch","line":121,"loc":{"start":{"line":121,"column":22},"end":{"line":121,"column":89}},"locations":[{"start":{"line":121,"column":22},"end":{"line":121,"column":89}}]},"21":{"type":"branch","line":121,"loc":{"start":{"line":121,"column":47},"end":{"line":121,"column":88}},"locations":[{"start":{"line":121,"column":47},"end":{"line":121,"column":88}}]},"22":{"type":"branch","line":123,"loc":{"start":{"line":123,"column":22},"end":{"line":123,"column":107}},"locations":[{"start":{"line":123,"column":22},"end":{"line":123,"column":107}}]},"23":{"type":"branch","line":123,"loc":{"start":{"line":123,"column":56},"end":{"line":123,"column":106}},"locations":[{"start":{"line":123,"column":56},"end":{"line":123,"column":106}}]},"24":{"type":"branch","line":125,"loc":{"start":{"line":125,"column":15},"end":{"line":133,"column":8}},"locations":[{"start":{"line":125,"column":15},"end":{"line":133,"column":8}}]},"25":{"type":"branch","line":127,"loc":{"start":{"line":127,"column":12},"end":{"line":127,"column":51}},"locations":[{"start":{"line":127,"column":12},"end":{"line":127,"column":51}}]},"26":{"type":"branch","line":128,"loc":{"start":{"line":128,"column":14},"end":{"line":132,"column":10}},"locations":[{"start":{"line":128,"column":14},"end":{"line":132,"column":10}}]},"27":{"type":"branch","line":135,"loc":{"start":{"line":135,"column":21},"end":{"line":143,"column":8}},"locations":[{"start":{"line":135,"column":21},"end":{"line":143,"column":8}}]},"28":{"type":"branch","line":137,"loc":{"start":{"line":137,"column":12},"end":{"line":137,"column":62}},"locations":[{"start":{"line":137,"column":12},"end":{"line":137,"column":62}}]},"29":{"type":"branch","line":138,"loc":{"start":{"line":138,"column":14},"end":{"line":142,"column":10}},"locations":[{"start":{"line":138,"column":14},"end":{"line":142,"column":10}}]},"30":{"type":"branch","line":145,"loc":{"start":{"line":145,"column":15},"end":{"line":149,"column":8}},"locations":[{"start":{"line":145,"column":15},"end":{"line":149,"column":8}}]},"31":{"type":"branch","line":146,"loc":{"start":{"line":146,"column":17},"end":{"line":149,"column":7}},"locations":[{"start":{"line":146,"column":17},"end":{"line":149,"column":7}}]},"32":{"type":"branch","line":147,"loc":{"start":{"line":147,"column":49},"end":{"line":147,"column":79}},"locations":[{"start":{"line":147,"column":49},"end":{"line":147,"column":79}}]},"33":{"type":"branch","line":151,"loc":{"start":{"line":151,"column":18},"end":{"line":151,"column":64}},"locations":[{"start":{"line":151,"column":18},"end":{"line":151,"column":64}}]},"34":{"type":"branch","line":153,"loc":{"start":{"line":153,"column":27},"end":{"line":153,"column":54}},"locations":[{"start":{"line":153,"column":27},"end":{"line":153,"column":54}}]},"35":{"type":"branch","line":162,"loc":{"start":{"line":162,"column":15},"end":{"line":189,"column":6}},"locations":[{"start":{"line":162,"column":15},"end":{"line":189,"column":6}}]},"36":{"type":"branch","line":164,"loc":{"start":{"line":164,"column":7},"end":{"line":187,"column":8}},"locations":[{"start":{"line":164,"column":7},"end":{"line":187,"column":8}}]},"37":{"type":"branch","line":165,"loc":{"start":{"line":165,"column":34},"end":{"line":165,"column":38}},"locations":[{"start":{"line":165,"column":34},"end":{"line":165,"column":38}}]},"38":{"type":"branch","line":165,"loc":{"start":{"line":165,"column":39},"end":{"line":165,"column":44}},"locations":[{"start":{"line":165,"column":39},"end":{"line":165,"column":44}}]},"39":{"type":"branch","line":166,"loc":{"start":{"line":166,"column":37},"end":{"line":166,"column":47}},"locations":[{"start":{"line":166,"column":37},"end":{"line":166,"column":47}}]},"40":{"type":"branch","line":166,"loc":{"start":{"line":166,"column":48},"end":{"line":166,"column":58}},"locations":[{"start":{"line":166,"column":48},"end":{"line":166,"column":58}}]},"41":{"type":"branch","line":166,"loc":{"start":{"line":166,"column":71},"end":{"line":186,"column":9}},"locations":[{"start":{"line":166,"column":71},"end":{"line":186,"column":9}}]},"42":{"type":"branch","line":168,"loc":{"start":{"line":168,"column":54},"end":{"line":171,"column":11}},"locations":[{"start":{"line":168,"column":54},"end":{"line":171,"column":11}}]},"43":{"type":"branch","line":172,"loc":{"start":{"line":172,"column":11},"end":{"line":185,"column":10}},"locations":[{"start":{"line":172,"column":11},"end":{"line":185,"column":10}}]},"44":{"type":"branch","line":177,"loc":{"start":{"line":177,"column":42},"end":{"line":178,"column":46}},"locations":[{"start":{"line":177,"column":42},"end":{"line":178,"column":46}}]},"45":{"type":"branch","line":178,"loc":{"start":{"line":178,"column":47},"end":{"line":179,"column":68}},"locations":[{"start":{"line":178,"column":47},"end":{"line":179,"column":68}}]},"46":{"type":"branch","line":179,"loc":{"start":{"line":179,"column":69},"end":{"line":180,"column":66}},"locations":[{"start":{"line":179,"column":69},"end":{"line":180,"column":66}}]},"47":{"type":"branch","line":181,"loc":{"start":{"line":181,"column":32},"end":{"line":183,"column":11}},"locations":[{"start":{"line":181,"column":32},"end":{"line":183,"column":11}}]},"48":{"type":"branch","line":186,"loc":{"start":{"line":186,"column":8},"end":{"line":187,"column":7}},"locations":[{"start":{"line":186,"column":8},"end":{"line":187,"column":7}}]}},"b":{"0":[5],"1":[26],"2":[25],"3":[0],"4":[25],"5":[0],"6":[25],"7":[25],"8":[25],"9":[28],"10":[4],"11":[4],"12":[1],"13":[1],"14":[1],"15":[1],"16":[1],"17":[1],"18":[6],"19":[6],"20":[2],"21":[2],"22":[1],"23":[1],"24":[1],"25":[1],"26":[1],"27":[2],"28":[2],"29":[1],"30":[2],"31":[2],"32":[2],"33":[1],"34":[24],"35":[5],"36":[5],"37":[4],"38":[1],"39":[22],"40":[12],"41":[30],"42":[4],"43":[26],"44":[1],"45":[1],"46":[1],"47":[1],"48":[4]},"fnMap":{"0":{"name":"BlockchainLocal","decl":{"start":{"line":63,"column":31},"end":{"line":197,"column":1}},"loc":{"start":{"line":63,"column":31},"end":{"line":197,"column":1}},"line":63},"1":{"name":"createShape","decl":{"start":{"line":87,"column":23},"end":{"line":192,"column":4}},"loc":{"start":{"line":87,"column":23},"end":{"line":192,"column":4}},"line":87},"2":{"name":"getBlock","decl":{"start":{"line":92,"column":15},"end":{"line":105,"column":8}},"loc":{"start":{"line":92,"column":15},"end":{"line":105,"column":8}},"line":92},"3":{"name":"try","decl":{"start":{"line":94,"column":12},"end":{"line":99,"column":9}},"loc":{"start":{"line":94,"column":12},"end":{"line":99,"column":9}},"line":94},"4":{"name":"catch","decl":{"start":{"line":100,"column":14},"end":{"line":104,"column":10}},"loc":{"start":{"line":100,"column":14},"end":{"line":104,"column":10}},"line":100},"5":{"name":"getBlockByHash","decl":{"start":{"line":107,"column":21},"end":{"line":115,"column":8}},"loc":{"start":{"line":107,"column":21},"end":{"line":115,"column":8}},"line":107},"6":{"name":"try","decl":{"start":{"line":109,"column":12},"end":{"line":109,"column":51}},"loc":{"start":{"line":109,"column":12},"end":{"line":109,"column":51}},"line":109},"7":{"name":"catch","decl":{"start":{"line":110,"column":14},"end":{"line":114,"column":10}},"loc":{"start":{"line":110,"column":14},"end":{"line":114,"column":10}},"line":110},"8":{"name":"putBlock","decl":{"start":{"line":117,"column":15},"end":{"line":117,"column":77}},"loc":{"start":{"line":117,"column":15},"end":{"line":117,"column":77}},"line":117},"9":{"name":"getCanonicalHeadBlock","decl":{"start":{"line":119,"column":28},"end":{"line":119,"column":93}},"loc":{"start":{"line":119,"column":28},"end":{"line":119,"column":93}},"line":119},"10":{"name":"getIteratorHead","decl":{"start":{"line":121,"column":22},"end":{"line":121,"column":89}},"loc":{"start":{"line":121,"column":22},"end":{"line":121,"column":89}},"line":121},"11":{"name":"setIteratorHead","decl":{"start":{"line":123,"column":22},"end":{"line":123,"column":107}},"loc":{"start":{"line":123,"column":22},"end":{"line":123,"column":107}},"line":123},"12":{"name":"delBlock","decl":{"start":{"line":125,"column":15},"end":{"line":133,"column":8}},"loc":{"start":{"line":125,"column":15},"end":{"line":133,"column":8}},"line":125},"13":{"name":"try","decl":{"start":{"line":127,"column":12},"end":{"line":127,"column":51}},"loc":{"start":{"line":127,"column":12},"end":{"line":127,"column":51}},"line":127},"14":{"name":"catch","decl":{"start":{"line":128,"column":14},"end":{"line":132,"column":10}},"loc":{"start":{"line":128,"column":14},"end":{"line":132,"column":10}},"line":128},"15":{"name":"validateHeader","decl":{"start":{"line":135,"column":21},"end":{"line":143,"column":8}},"loc":{"start":{"line":135,"column":21},"end":{"line":143,"column":8}},"line":135},"16":{"name":"try","decl":{"start":{"line":137,"column":12},"end":{"line":137,"column":62}},"loc":{"start":{"line":137,"column":12},"end":{"line":137,"column":62}},"line":137},"17":{"name":"catch","decl":{"start":{"line":138,"column":14},"end":{"line":142,"column":10}},"loc":{"start":{"line":138,"column":14},"end":{"line":142,"column":10}},"line":138},"18":{"name":"deepCopy","decl":{"start":{"line":145,"column":15},"end":{"line":149,"column":8}},"loc":{"start":{"line":145,"column":15},"end":{"line":149,"column":8}},"line":145},"19":{"name":"shallowCopy","decl":{"start":{"line":151,"column":18},"end":{"line":151,"column":64}},"loc":{"start":{"line":151,"column":18},"end":{"line":151,"column":64}},"line":151},"20":{"name":"iterator","decl":{"start":{"line":162,"column":15},"end":{"line":189,"column":6}},"loc":{"start":{"line":162,"column":15},"end":{"line":189,"column":6}},"line":162}},"f":{"0":5,"1":28,"2":4,"3":4,"4":1,"5":1,"6":1,"7":1,"8":1,"9":6,"10":2,"11":1,"12":1,"13":1,"14":1,"15":2,"16":2,"17":1,"18":2,"19":1,"20":5}}
,"/Users/colinnielsen/code/tevm-monorepo/packages/blockchain-effect/src/BlockchainService.js": {"path":"/Users/colinnielsen/code/tevm-monorepo/packages/blockchain-effect/src/BlockchainService.js","all":false,"statementMap":{"0":{"start":{"line":1,"column":0},"end":{"line":1,"column":32}},"2":{"start":{"line":3,"column":0},"end":{"line":3,"column":3}},"3":{"start":{"line":4,"column":0},"end":{"line":4,"column":52}},"4":{"start":{"line":5,"column":0},"end":{"line":5,"column":63}},"5":{"start":{"line":6,"column":0},"end":{"line":6,"column":3}},"7":{"start":{"line":8,"column":0},"end":{"line":8,"column":3}},"8":{"start":{"line":9,"column":0},"end":{"line":9,"column":66}},"9":{"start":{"line":10,"column":0},"end":{"line":10,"column":3}},"11":{"start":{"line":12,"column":0},"end":{"line":12,"column":3}},"12":{"start":{"line":13,"column":0},"end":{"line":13,"column":72}},"13":{"start":{"line":14,"column":0},"end":{"line":14,"column":2}},"14":{"start":{"line":15,"column":0},"end":{"line":15,"column":82}},"15":{"start":{"line":16,"column":0},"end":{"line":16,"column":82}},"16":{"start":{"line":17,"column":0},"end":{"line":17,"column":69}},"17":{"start":{"line":18,"column":0},"end":{"line":18,"column":2}},"18":{"start":{"line":19,"column":0},"end":{"line":19,"column":11}},"19":{"start":{"line":20,"column":0},"end":{"line":20,"column":16}},"20":{"start":{"line":21,"column":0},"end":{"line":21,"column":34}},"21":{"start":{"line":22,"column":0},"end":{"line":22,"column":79}},"22":{"start":{"line":23,"column":0},"end":{"line":23,"column":52}},"23":{"start":{"line":24,"column":0},"end":{"line":24,"column":2}},"24":{"start":{"line":25,"column":0},"end":{"line":25,"column":44}},"25":{"start":{"line":26,"column":0},"end":{"line":26,"column":48}},"26":{"start":{"line":27,"column":0},"end":{"line":27,"column":2}},"27":{"start":{"line":28,"column":0},"end":{"line":28,"column":39}},"28":{"start":{"line":29,"column":0},"end":{"line":29,"column":28}},"29":{"start":{"line":30,"column":0},"end":{"line":30,"column":2}},"30":{"start":{"line":31,"column":0},"end":{"line":31,"column":28}},"31":{"start":{"line":32,"column":0},"end":{"line":32,"column":66}},"32":{"start":{"line":33,"column":0},"end":{"line":33,"column":67}},"33":{"start":{"line":34,"column":0},"end":{"line":34,"column":2}},"34":{"start":{"line":35,"column":0},"end":{"line":35,"column":24}},"35":{"start":{"line":36,"column":0},"end":{"line":36,"column":64}},"36":{"start":{"line":37,"column":0},"end":{"line":37,"column":60}},"37":{"start":{"line":38,"column":0},"end":{"line":38,"column":5}},"38":{"start":{"line":39,"column":0},"end":{"line":39,"column":2}},"39":{"start":{"line":40,"column":0},"end":{"line":40,"column":44}},"40":{"start":{"line":41,"column":0},"end":{"line":41,"column":33}},"41":{"start":{"line":42,"column":0},"end":{"line":42,"column":2}},"42":{"start":{"line":43,"column":0},"end":{"line":43,"column":62}},"43":{"start":{"line":44,"column":0},"end":{"line":44,"column":57}},"44":{"start":{"line":45,"column":0},"end":{"line":45,"column":6}},"45":{"start":{"line":46,"column":0},"end":{"line":46,"column":2}},"46":{"start":{"line":47,"column":0},"end":{"line":47,"column":11}},"47":{"start":{"line":48,"column":0},"end":{"line":48,"column":16}},"48":{"start":{"line":49,"column":0},"end":{"line":49,"column":40}},"49":{"start":{"line":50,"column":0},"end":{"line":50,"column":76}},"50":{"start":{"line":51,"column":0},"end":{"line":51,"column":55}},"51":{"start":{"line":52,"column":0},"end":{"line":52,"column":78}},"52":{"start":{"line":53,"column":0},"end":{"line":53,"column":2}},"53":{"start":{"line":54,"column":0},"end":{"line":54,"column":44}},"54":{"start":{"line":55,"column":0},"end":{"line":55,"column":48}},"55":{"start":{"line":56,"column":0},"end":{"line":56,"column":28}},"56":{"start":{"line":57,"column":0},"end":{"line":57,"column":2}},"57":{"start":{"line":58,"column":0},"end":{"line":58,"column":69}},"58":{"start":{"line":59,"column":0},"end":{"line":59,"column":56}},"59":{"start":{"line":60,"column":0},"end":{"line":60,"column":54}},"60":{"start":{"line":61,"column":0},"end":{"line":61,"column":5}},"61":{"start":{"line":62,"column":0},"end":{"line":62,"column":2}},"62":{"start":{"line":63,"column":0},"end":{"line":63,"column":27}},"63":{"start":{"line":64,"column":0},"end":{"line":64,"column":79}},"64":{"start":{"line":65,"column":0},"end":{"line":65,"column":75}},"65":{"start":{"line":66,"column":0},"end":{"line":66,"column":71}},"66":{"start":{"line":67,"column":0},"end":{"line":67,"column":41}},"67":{"start":{"line":68,"column":0},"end":{"line":68,"column":22}},"68":{"start":{"line":69,"column":0},"end":{"line":69,"column":75}},"69":{"start":{"line":70,"column":0},"end":{"line":70,"column":4}},"70":{"start":{"line":71,"column":0},"end":{"line":71,"column":2}},"71":{"start":{"line":72,"column":0},"end":{"line":72,"column":67}},"72":{"start":{"line":73,"column":0},"end":{"line":73,"column":6}},"73":{"start":{"line":74,"column":0},"end":{"line":74,"column":2}},"74":{"start":{"line":75,"column":0},"end":{"line":75,"column":3}},"75":{"start":{"line":76,"column":0},"end":{"line":76,"column":52}},"76":{"start":{"line":77,"column":0},"end":{"line":77,"column":45}},"77":{"start":{"line":78,"column":0},"end":{"line":78,"column":1}}},"s":{"0":1,"2":1,"3":1,"4":1,"5":1,"7":1,"8":1,"9":1,"11":1,"12":1,"13":1,"14":1,"15":1,"16":1,"17":1,"18":1,"19":1,"20":1,"21":1,"22":1,"23":1,"24":1,"25":1,"26":1,"27":1,"28":1,"29":1,"30":1,"31":1,"32":1,"33":1,"34":1,"35":1,"36":1,"37":1,"38":1,"39":1,"40":1,"41":1,"42":1,"43":1,"44":1,"45":1,"46":1,"47":1,"48":1,"49":1,"50":1,"51":1,"52":1,"53":1,"54":1,"55":1,"56":1,"57":1,"58":1,"59":1,"60":1,"61":1,"62":1,"63":1,"64":1,"65":1,"66":1,"67":1,"68":1,"69":1,"70":1,"71":1,"72":1,"73":1,"74":1,"75":1,"76":1,"77":1},"branchMap":{},"b":{},"fnMap":{},"f":{}}
}
