<testsuites id="" name="" tests="1" failures="1" skipped="0" errors="0" time="65.124162">
<testsuite name="ReadAndWrite.spec.ts" timestamp="2023-09-11T15:09:08.071Z" hostname="chromium" tests="1" failures="1" skipped="0" time="60.001" errors="0">
<testcase name="should be able to read and write" classname="ReadAndWrite.spec.ts" time="60.001">
<failure message="ReadAndWrite.spec.ts:5:1 should be able to read and write" type="FAILURE">
<![CDATA[  [chromium] › ReadAndWrite.spec.ts:5:1 › should be able to read and write ─────────────────────────

    Test timeout of 30000ms exceeded.

    attachment #1: screenshot (image/png) ──────────────────────────────────────────────────────────
    test-results/ReadAndWrite-should-be-able-to-read-and-write-chromium/test-failed-1.png
    ────────────────────────────────────────────────────────────────────────────────────────────────

    attachment #2: screenshot (image/png) ──────────────────────────────────────────────────────────
    test-results/ReadAndWrite-should-be-able-to-read-and-write-chromium/test-failed-2.png
    ────────────────────────────────────────────────────────────────────────────────────────────────

    attachment #3: screenshot (image/png) ──────────────────────────────────────────────────────────
    test-results/ReadAndWrite-should-be-able-to-read-and-write-chromium/test-failed-3.png
    ────────────────────────────────────────────────────────────────────────────────────────────────

    attachment #4: screenshot (image/png) ──────────────────────────────────────────────────────────
    test-results/ReadAndWrite-should-be-able-to-read-and-write-chromium/test-failed-6.png
    ────────────────────────────────────────────────────────────────────────────────────────────────

    attachment #5: screenshot (image/png) ──────────────────────────────────────────────────────────
    test-results/ReadAndWrite-should-be-able-to-read-and-write-chromium/test-failed-4.png
    ────────────────────────────────────────────────────────────────────────────────────────────────

    attachment #6: screenshot (image/png) ──────────────────────────────────────────────────────────
    test-results/ReadAndWrite-should-be-able-to-read-and-write-chromium/test-failed-5.png
    ────────────────────────────────────────────────────────────────────────────────────────────────

    attachment #7: trace (application/zip) ─────────────────────────────────────────────────────────
    test-results/ReadAndWrite-should-be-able-to-read-and-write-chromium/trace.zip
    Usage:

        npx playwright show-trace test-results/ReadAndWrite-should-be-able-to-read-and-write-chromium/trace.zip

    ────────────────────────────────────────────────────────────────────────────────────────────────

    Retry #1 ───────────────────────────────────────────────────────────────────────────────────────

    Test timeout of 30000ms exceeded.

    attachment #1: screenshot (image/png) ──────────────────────────────────────────────────────────
    test-results/ReadAndWrite-should-be-able-to-read-and-write-chromium-retry1/test-failed-1.png
    ────────────────────────────────────────────────────────────────────────────────────────────────

    attachment #2: screenshot (image/png) ──────────────────────────────────────────────────────────
    test-results/ReadAndWrite-should-be-able-to-read-and-write-chromium-retry1/test-failed-2.png
    ────────────────────────────────────────────────────────────────────────────────────────────────

    attachment #3: screenshot (image/png) ──────────────────────────────────────────────────────────
    test-results/ReadAndWrite-should-be-able-to-read-and-write-chromium-retry1/test-failed-5.png
    ────────────────────────────────────────────────────────────────────────────────────────────────

    attachment #4: screenshot (image/png) ──────────────────────────────────────────────────────────
    test-results/ReadAndWrite-should-be-able-to-read-and-write-chromium-retry1/test-failed-3.png
    ────────────────────────────────────────────────────────────────────────────────────────────────

    attachment #5: screenshot (image/png) ──────────────────────────────────────────────────────────
    test-results/ReadAndWrite-should-be-able-to-read-and-write-chromium-retry1/test-failed-4.png
    ────────────────────────────────────────────────────────────────────────────────────────────────

    attachment #6: screenshot (image/png) ──────────────────────────────────────────────────────────
    test-results/ReadAndWrite-should-be-able-to-read-and-write-chromium-retry1/test-failed-6.png
    ────────────────────────────────────────────────────────────────────────────────────────────────

    attachment #7: trace (application/zip) ─────────────────────────────────────────────────────────
    test-results/ReadAndWrite-should-be-able-to-read-and-write-chromium-retry1/trace.zip
    Usage:

        npx playwright show-trace test-results/ReadAndWrite-should-be-able-to-read-and-write-chromium-retry1/trace.zip

    ────────────────────────────────────────────────────────────────────────────────────────────────
]]>
</failure>
<system-out>
<![CDATA[going to http://localhost:5173

[[ATTACHMENT|../test-results/ReadAndWrite-should-be-able-to-read-and-write-chromium/test-failed-1.png]]

[[ATTACHMENT|../test-results/ReadAndWrite-should-be-able-to-read-and-write-chromium/test-failed-2.png]]

[[ATTACHMENT|../test-results/ReadAndWrite-should-be-able-to-read-and-write-chromium/test-failed-3.png]]

[[ATTACHMENT|../test-results/ReadAndWrite-should-be-able-to-read-and-write-chromium/test-failed-6.png]]

[[ATTACHMENT|../test-results/ReadAndWrite-should-be-able-to-read-and-write-chromium/test-failed-4.png]]

[[ATTACHMENT|../test-results/ReadAndWrite-should-be-able-to-read-and-write-chromium/test-failed-5.png]]

[[ATTACHMENT|../test-results/ReadAndWrite-should-be-able-to-read-and-write-chromium/trace.zip]]
going to http://localhost:5173

[[ATTACHMENT|../test-results/ReadAndWrite-should-be-able-to-read-and-write-chromium-retry1/test-failed-1.png]]

[[ATTACHMENT|../test-results/ReadAndWrite-should-be-able-to-read-and-write-chromium-retry1/test-failed-2.png]]

[[ATTACHMENT|../test-results/ReadAndWrite-should-be-able-to-read-and-write-chromium-retry1/test-failed-5.png]]

[[ATTACHMENT|../test-results/ReadAndWrite-should-be-able-to-read-and-write-chromium-retry1/test-failed-3.png]]

[[ATTACHMENT|../test-results/ReadAndWrite-should-be-able-to-read-and-write-chromium-retry1/test-failed-4.png]]

[[ATTACHMENT|../test-results/ReadAndWrite-should-be-able-to-read-and-write-chromium-retry1/test-failed-6.png]]

[[ATTACHMENT|../test-results/ReadAndWrite-should-be-able-to-read-and-write-chromium-retry1/trace.zip]]
]]>
</system-out>
</testcase>
</testsuite>
</testsuites>